ARM GAS  /tmp/cc7CGdtb.s 			page 1


   1              		.syntax unified
   2              		.cpu cortex-m4
   3              		.eabi_attribute 27, 1
   4              		.eabi_attribute 28, 1
   5              		.fpu fpv4-sp-d16
   6              		.eabi_attribute 20, 1
   7              		.eabi_attribute 21, 1
   8              		.eabi_attribute 23, 3
   9              		.eabi_attribute 24, 1
  10              		.eabi_attribute 25, 1
  11              		.eabi_attribute 26, 1
  12              		.eabi_attribute 30, 1
  13              		.eabi_attribute 34, 1
  14              		.eabi_attribute 18, 4
  15              		.thumb
  16              		.file	"stm32l4xx_hal_msp.c"
  17              		.text
  18              	.Ltext0:
  19              		.cfi_sections	.debug_frame
  20              		.section	.text.HAL_MspInit,"ax",%progbits
  21              		.align	2
  22              		.global	HAL_MspInit
  23              		.thumb
  24              		.thumb_func
  26              	HAL_MspInit:
  27              	.LFB125:
  28              		.file 1 "Src/stm32l4xx_hal_msp.c"
   1:Src/stm32l4xx_hal_msp.c **** /**
   2:Src/stm32l4xx_hal_msp.c ****   ******************************************************************************
   3:Src/stm32l4xx_hal_msp.c ****   * File Name          : stm32l4xx_hal_msp.c
   4:Src/stm32l4xx_hal_msp.c ****   * Description        : This file provides code for the MSP Initialization 
   5:Src/stm32l4xx_hal_msp.c ****   *                      and de-Initialization codes.
   6:Src/stm32l4xx_hal_msp.c ****   ******************************************************************************
   7:Src/stm32l4xx_hal_msp.c ****   ** This notice applies to any and all portions of this file
   8:Src/stm32l4xx_hal_msp.c ****   * that are not between comment pairs USER CODE BEGIN and
   9:Src/stm32l4xx_hal_msp.c ****   * USER CODE END. Other portions of this file, whether 
  10:Src/stm32l4xx_hal_msp.c ****   * inserted by the user or by software development tools
  11:Src/stm32l4xx_hal_msp.c ****   * are owned by their respective copyright owners.
  12:Src/stm32l4xx_hal_msp.c ****   *
  13:Src/stm32l4xx_hal_msp.c ****   * COPYRIGHT(c) 2017 STMicroelectronics
  14:Src/stm32l4xx_hal_msp.c ****   *
  15:Src/stm32l4xx_hal_msp.c ****   * Redistribution and use in source and binary forms, with or without modification,
  16:Src/stm32l4xx_hal_msp.c ****   * are permitted provided that the following conditions are met:
  17:Src/stm32l4xx_hal_msp.c ****   *   1. Redistributions of source code must retain the above copyright notice,
  18:Src/stm32l4xx_hal_msp.c ****   *      this list of conditions and the following disclaimer.
  19:Src/stm32l4xx_hal_msp.c ****   *   2. Redistributions in binary form must reproduce the above copyright notice,
  20:Src/stm32l4xx_hal_msp.c ****   *      this list of conditions and the following disclaimer in the documentation
  21:Src/stm32l4xx_hal_msp.c ****   *      and/or other materials provided with the distribution.
  22:Src/stm32l4xx_hal_msp.c ****   *   3. Neither the name of STMicroelectronics nor the names of its contributors
  23:Src/stm32l4xx_hal_msp.c ****   *      may be used to endorse or promote products derived from this software
  24:Src/stm32l4xx_hal_msp.c ****   *      without specific prior written permission.
  25:Src/stm32l4xx_hal_msp.c ****   *
  26:Src/stm32l4xx_hal_msp.c ****   * THIS SOFTWARE IS PROVIDED BY THE COPYRIGHT HOLDERS AND CONTRIBUTORS "AS IS"
  27:Src/stm32l4xx_hal_msp.c ****   * AND ANY EXPRESS OR IMPLIED WARRANTIES, INCLUDING, BUT NOT LIMITED TO, THE
  28:Src/stm32l4xx_hal_msp.c ****   * IMPLIED WARRANTIES OF MERCHANTABILITY AND FITNESS FOR A PARTICULAR PURPOSE ARE
  29:Src/stm32l4xx_hal_msp.c ****   * DISCLAIMED. IN NO EVENT SHALL THE COPYRIGHT HOLDER OR CONTRIBUTORS BE LIABLE
  30:Src/stm32l4xx_hal_msp.c ****   * FOR ANY DIRECT, INDIRECT, INCIDENTAL, SPECIAL, EXEMPLARY, OR CONSEQUENTIAL
ARM GAS  /tmp/cc7CGdtb.s 			page 2


  31:Src/stm32l4xx_hal_msp.c ****   * DAMAGES (INCLUDING, BUT NOT LIMITED TO, PROCUREMENT OF SUBSTITUTE GOODS OR
  32:Src/stm32l4xx_hal_msp.c ****   * SERVICES; LOSS OF USE, DATA, OR PROFITS; OR BUSINESS INTERRUPTION) HOWEVER
  33:Src/stm32l4xx_hal_msp.c ****   * CAUSED AND ON ANY THEORY OF LIABILITY, WHETHER IN CONTRACT, STRICT LIABILITY,
  34:Src/stm32l4xx_hal_msp.c ****   * OR TORT (INCLUDING NEGLIGENCE OR OTHERWISE) ARISING IN ANY WAY OUT OF THE USE
  35:Src/stm32l4xx_hal_msp.c ****   * OF THIS SOFTWARE, EVEN IF ADVISED OF THE POSSIBILITY OF SUCH DAMAGE.
  36:Src/stm32l4xx_hal_msp.c ****   *
  37:Src/stm32l4xx_hal_msp.c ****   ******************************************************************************
  38:Src/stm32l4xx_hal_msp.c ****   */
  39:Src/stm32l4xx_hal_msp.c **** /* Includes ------------------------------------------------------------------*/
  40:Src/stm32l4xx_hal_msp.c **** #include "stm32l4xx_hal.h"
  41:Src/stm32l4xx_hal_msp.c **** 
  42:Src/stm32l4xx_hal_msp.c **** extern void _Error_Handler(char *, int);
  43:Src/stm32l4xx_hal_msp.c **** /* USER CODE BEGIN 0 */
  44:Src/stm32l4xx_hal_msp.c **** 
  45:Src/stm32l4xx_hal_msp.c **** /* USER CODE END 0 */
  46:Src/stm32l4xx_hal_msp.c **** /**
  47:Src/stm32l4xx_hal_msp.c ****   * Initializes the Global MSP.
  48:Src/stm32l4xx_hal_msp.c ****   */
  49:Src/stm32l4xx_hal_msp.c **** void HAL_MspInit(void)
  50:Src/stm32l4xx_hal_msp.c **** {
  29              		.loc 1 50 0
  30              		.cfi_startproc
  31              		@ args = 0, pretend = 0, frame = 8
  32              		@ frame_needed = 0, uses_anonymous_args = 0
  33 0000 00B5     		push	{lr}
  34              	.LCFI0:
  35              		.cfi_def_cfa_offset 4
  36              		.cfi_offset 14, -4
  37 0002 83B0     		sub	sp, sp, #12
  38              	.LCFI1:
  39              		.cfi_def_cfa_offset 16
  40              	.LBB2:
  51:Src/stm32l4xx_hal_msp.c ****   /* USER CODE BEGIN MspInit 0 */
  52:Src/stm32l4xx_hal_msp.c **** 
  53:Src/stm32l4xx_hal_msp.c ****   /* USER CODE END MspInit 0 */
  54:Src/stm32l4xx_hal_msp.c **** 
  55:Src/stm32l4xx_hal_msp.c ****   __HAL_RCC_SYSCFG_CLK_ENABLE();
  41              		.loc 1 55 0
  42 0004 214B     		ldr	r3, .L3
  43 0006 1A6E     		ldr	r2, [r3, #96]
  44 0008 42F00102 		orr	r2, r2, #1
  45 000c 1A66     		str	r2, [r3, #96]
  46 000e 1A6E     		ldr	r2, [r3, #96]
  47 0010 02F00102 		and	r2, r2, #1
  48 0014 0092     		str	r2, [sp]
  49 0016 009A     		ldr	r2, [sp]
  50              	.LBE2:
  51              	.LBB3:
  56:Src/stm32l4xx_hal_msp.c ****   __HAL_RCC_PWR_CLK_ENABLE();
  52              		.loc 1 56 0
  53 0018 9A6D     		ldr	r2, [r3, #88]
  54 001a 42F08052 		orr	r2, r2, #268435456
  55 001e 9A65     		str	r2, [r3, #88]
  56 0020 9B6D     		ldr	r3, [r3, #88]
  57 0022 03F08053 		and	r3, r3, #268435456
  58 0026 0193     		str	r3, [sp, #4]
  59 0028 019B     		ldr	r3, [sp, #4]
ARM GAS  /tmp/cc7CGdtb.s 			page 3


  60              	.LBE3:
  57:Src/stm32l4xx_hal_msp.c **** 
  58:Src/stm32l4xx_hal_msp.c ****   HAL_NVIC_SetPriorityGrouping(NVIC_PRIORITYGROUP_4);
  61              		.loc 1 58 0
  62 002a 0320     		movs	r0, #3
  63 002c FFF7FEFF 		bl	HAL_NVIC_SetPriorityGrouping
  64              	.LVL0:
  59:Src/stm32l4xx_hal_msp.c **** 
  60:Src/stm32l4xx_hal_msp.c ****   /* System interrupt init*/
  61:Src/stm32l4xx_hal_msp.c ****   /* MemoryManagement_IRQn interrupt configuration */
  62:Src/stm32l4xx_hal_msp.c ****   HAL_NVIC_SetPriority(MemoryManagement_IRQn, 0, 0);
  65              		.loc 1 62 0
  66 0030 6FF00B00 		mvn	r0, #11
  67 0034 0021     		movs	r1, #0
  68 0036 0A46     		mov	r2, r1
  69 0038 FFF7FEFF 		bl	HAL_NVIC_SetPriority
  70              	.LVL1:
  63:Src/stm32l4xx_hal_msp.c ****   /* BusFault_IRQn interrupt configuration */
  64:Src/stm32l4xx_hal_msp.c ****   HAL_NVIC_SetPriority(BusFault_IRQn, 0, 0);
  71              		.loc 1 64 0
  72 003c 6FF00A00 		mvn	r0, #10
  73 0040 0021     		movs	r1, #0
  74 0042 0A46     		mov	r2, r1
  75 0044 FFF7FEFF 		bl	HAL_NVIC_SetPriority
  76              	.LVL2:
  65:Src/stm32l4xx_hal_msp.c ****   /* UsageFault_IRQn interrupt configuration */
  66:Src/stm32l4xx_hal_msp.c ****   HAL_NVIC_SetPriority(UsageFault_IRQn, 0, 0);
  77              		.loc 1 66 0
  78 0048 6FF00900 		mvn	r0, #9
  79 004c 0021     		movs	r1, #0
  80 004e 0A46     		mov	r2, r1
  81 0050 FFF7FEFF 		bl	HAL_NVIC_SetPriority
  82              	.LVL3:
  67:Src/stm32l4xx_hal_msp.c ****   /* SVCall_IRQn interrupt configuration */
  68:Src/stm32l4xx_hal_msp.c ****   HAL_NVIC_SetPriority(SVCall_IRQn, 0, 0);
  83              		.loc 1 68 0
  84 0054 6FF00400 		mvn	r0, #4
  85 0058 0021     		movs	r1, #0
  86 005a 0A46     		mov	r2, r1
  87 005c FFF7FEFF 		bl	HAL_NVIC_SetPriority
  88              	.LVL4:
  69:Src/stm32l4xx_hal_msp.c ****   /* DebugMonitor_IRQn interrupt configuration */
  70:Src/stm32l4xx_hal_msp.c ****   HAL_NVIC_SetPriority(DebugMonitor_IRQn, 0, 0);
  89              		.loc 1 70 0
  90 0060 6FF00300 		mvn	r0, #3
  91 0064 0021     		movs	r1, #0
  92 0066 0A46     		mov	r2, r1
  93 0068 FFF7FEFF 		bl	HAL_NVIC_SetPriority
  94              	.LVL5:
  71:Src/stm32l4xx_hal_msp.c ****   /* PendSV_IRQn interrupt configuration */
  72:Src/stm32l4xx_hal_msp.c ****   HAL_NVIC_SetPriority(PendSV_IRQn, 0, 0);
  95              		.loc 1 72 0
  96 006c 6FF00100 		mvn	r0, #1
  97 0070 0021     		movs	r1, #0
  98 0072 0A46     		mov	r2, r1
  99 0074 FFF7FEFF 		bl	HAL_NVIC_SetPriority
 100              	.LVL6:
ARM GAS  /tmp/cc7CGdtb.s 			page 4


  73:Src/stm32l4xx_hal_msp.c ****   /* SysTick_IRQn interrupt configuration */
  74:Src/stm32l4xx_hal_msp.c ****   HAL_NVIC_SetPriority(SysTick_IRQn, 0, 0);
 101              		.loc 1 74 0
 102 0078 4FF0FF30 		mov	r0, #-1
 103 007c 0021     		movs	r1, #0
 104 007e 0A46     		mov	r2, r1
 105 0080 FFF7FEFF 		bl	HAL_NVIC_SetPriority
 106              	.LVL7:
  75:Src/stm32l4xx_hal_msp.c **** 
  76:Src/stm32l4xx_hal_msp.c ****   /* USER CODE BEGIN MspInit 1 */
  77:Src/stm32l4xx_hal_msp.c **** 
  78:Src/stm32l4xx_hal_msp.c ****   /* USER CODE END MspInit 1 */
  79:Src/stm32l4xx_hal_msp.c **** }
 107              		.loc 1 79 0
 108 0084 03B0     		add	sp, sp, #12
 109              	.LCFI2:
 110              		.cfi_def_cfa_offset 4
 111              		@ sp needed
 112 0086 5DF804FB 		ldr	pc, [sp], #4
 113              	.L4:
 114 008a 00BF     		.align	2
 115              	.L3:
 116 008c 00100240 		.word	1073876992
 117              		.cfi_endproc
 118              	.LFE125:
 120              		.text
 121              	.Letext0:
 122              		.file 2 "Drivers/CMSIS/Device/ST/STM32L4xx/Include/stm32l432xx.h"
 123              		.file 3 "/usr/include/newlib/machine/_default_types.h"
 124              		.file 4 "/usr/include/newlib/sys/_stdint.h"
 125              		.file 5 "Drivers/CMSIS/Include/core_cm4.h"
 126              		.file 6 "Drivers/STM32L4xx_HAL_Driver/Inc/stm32l4xx_hal_cortex.h"
ARM GAS  /tmp/cc7CGdtb.s 			page 5


DEFINED SYMBOLS
                            *ABS*:0000000000000000 stm32l4xx_hal_msp.c
     /tmp/cc7CGdtb.s:21     .text.HAL_MspInit:0000000000000000 $t
     /tmp/cc7CGdtb.s:26     .text.HAL_MspInit:0000000000000000 HAL_MspInit
     /tmp/cc7CGdtb.s:116    .text.HAL_MspInit:000000000000008c $d
                     .debug_frame:0000000000000010 $d

UNDEFINED SYMBOLS
HAL_NVIC_SetPriorityGrouping
HAL_NVIC_SetPriority
