ARM GAS  /tmp/ccxDgxUo.s 			page 1


   1              		.syntax unified
   2              		.cpu cortex-m4
   3              		.eabi_attribute 27, 1
   4              		.eabi_attribute 28, 1
   5              		.fpu fpv4-sp-d16
   6              		.eabi_attribute 20, 1
   7              		.eabi_attribute 21, 1
   8              		.eabi_attribute 23, 3
   9              		.eabi_attribute 24, 1
  10              		.eabi_attribute 25, 1
  11              		.eabi_attribute 26, 1
  12              		.eabi_attribute 30, 1
  13              		.eabi_attribute 34, 1
  14              		.eabi_attribute 18, 4
  15              		.thumb
  16              		.file	"stm32l4xx_hal_flash_ramfunc.c"
  17              		.text
  18              	.Ltext0:
  19              		.cfi_sections	.debug_frame
  20              		.section	.RamFunc,"ax",%progbits
  21              		.align	2
  22              		.global	HAL_FLASHEx_EnableRunPowerDown
  23              		.thumb
  24              		.thumb_func
  26              	HAL_FLASHEx_EnableRunPowerDown:
  27              	.LFB125:
  28              		.file 1 "Drivers/STM32L4xx_HAL_Driver/Src/stm32l4xx_hal_flash_ramfunc.c"
   1:Drivers/STM32L4xx_HAL_Driver/Src/stm32l4xx_hal_flash_ramfunc.c **** /**
   2:Drivers/STM32L4xx_HAL_Driver/Src/stm32l4xx_hal_flash_ramfunc.c ****   ******************************************************************************
   3:Drivers/STM32L4xx_HAL_Driver/Src/stm32l4xx_hal_flash_ramfunc.c ****   * @file    stm32l4xx_hal_flash_ramfunc.c
   4:Drivers/STM32L4xx_HAL_Driver/Src/stm32l4xx_hal_flash_ramfunc.c ****   * @author  MCD Application Team
   5:Drivers/STM32L4xx_HAL_Driver/Src/stm32l4xx_hal_flash_ramfunc.c ****   * @brief   FLASH RAMFUNC driver.
   6:Drivers/STM32L4xx_HAL_Driver/Src/stm32l4xx_hal_flash_ramfunc.c ****   *          This file provides a Flash firmware functions which should be 
   7:Drivers/STM32L4xx_HAL_Driver/Src/stm32l4xx_hal_flash_ramfunc.c ****   *          executed from internal SRAM
   8:Drivers/STM32L4xx_HAL_Driver/Src/stm32l4xx_hal_flash_ramfunc.c ****   *            + FLASH HalfPage Programming
   9:Drivers/STM32L4xx_HAL_Driver/Src/stm32l4xx_hal_flash_ramfunc.c ****   *            + FLASH Power Down in Run mode
  10:Drivers/STM32L4xx_HAL_Driver/Src/stm32l4xx_hal_flash_ramfunc.c ****   *
  11:Drivers/STM32L4xx_HAL_Driver/Src/stm32l4xx_hal_flash_ramfunc.c ****   *  @verbatim
  12:Drivers/STM32L4xx_HAL_Driver/Src/stm32l4xx_hal_flash_ramfunc.c ****   ==============================================================================
  13:Drivers/STM32L4xx_HAL_Driver/Src/stm32l4xx_hal_flash_ramfunc.c ****                    ##### Flash RAM functions #####
  14:Drivers/STM32L4xx_HAL_Driver/Src/stm32l4xx_hal_flash_ramfunc.c ****   ==============================================================================    
  15:Drivers/STM32L4xx_HAL_Driver/Src/stm32l4xx_hal_flash_ramfunc.c **** 
  16:Drivers/STM32L4xx_HAL_Driver/Src/stm32l4xx_hal_flash_ramfunc.c ****     *** ARM Compiler ***
  17:Drivers/STM32L4xx_HAL_Driver/Src/stm32l4xx_hal_flash_ramfunc.c ****     --------------------
  18:Drivers/STM32L4xx_HAL_Driver/Src/stm32l4xx_hal_flash_ramfunc.c ****     [..] RAM functions are defined using the toolchain options. 
  19:Drivers/STM32L4xx_HAL_Driver/Src/stm32l4xx_hal_flash_ramfunc.c ****          Functions that are executed in RAM should reside in a separate
  20:Drivers/STM32L4xx_HAL_Driver/Src/stm32l4xx_hal_flash_ramfunc.c ****          source module. Using the 'Options for File' dialog you can simply change
  21:Drivers/STM32L4xx_HAL_Driver/Src/stm32l4xx_hal_flash_ramfunc.c ****          the 'Code / Const' area of a module to a memory space in physical RAM.
  22:Drivers/STM32L4xx_HAL_Driver/Src/stm32l4xx_hal_flash_ramfunc.c ****          Available memory areas are declared in the 'Target' tab of the 
  23:Drivers/STM32L4xx_HAL_Driver/Src/stm32l4xx_hal_flash_ramfunc.c ****          Options for Target' dialog.
  24:Drivers/STM32L4xx_HAL_Driver/Src/stm32l4xx_hal_flash_ramfunc.c **** 
  25:Drivers/STM32L4xx_HAL_Driver/Src/stm32l4xx_hal_flash_ramfunc.c ****     *** ICCARM Compiler ***
  26:Drivers/STM32L4xx_HAL_Driver/Src/stm32l4xx_hal_flash_ramfunc.c ****     -----------------------
  27:Drivers/STM32L4xx_HAL_Driver/Src/stm32l4xx_hal_flash_ramfunc.c ****     [..] RAM functions are defined using a specific toolchain keyword "__ramfunc".
  28:Drivers/STM32L4xx_HAL_Driver/Src/stm32l4xx_hal_flash_ramfunc.c **** 
  29:Drivers/STM32L4xx_HAL_Driver/Src/stm32l4xx_hal_flash_ramfunc.c ****     *** GNU Compiler ***
  30:Drivers/STM32L4xx_HAL_Driver/Src/stm32l4xx_hal_flash_ramfunc.c ****     --------------------
ARM GAS  /tmp/ccxDgxUo.s 			page 2


  31:Drivers/STM32L4xx_HAL_Driver/Src/stm32l4xx_hal_flash_ramfunc.c ****     [..] RAM functions are defined using a specific toolchain attribute
  32:Drivers/STM32L4xx_HAL_Driver/Src/stm32l4xx_hal_flash_ramfunc.c ****          "__attribute__((section(".RamFunc")))".
  33:Drivers/STM32L4xx_HAL_Driver/Src/stm32l4xx_hal_flash_ramfunc.c ****   
  34:Drivers/STM32L4xx_HAL_Driver/Src/stm32l4xx_hal_flash_ramfunc.c ****   @endverbatim
  35:Drivers/STM32L4xx_HAL_Driver/Src/stm32l4xx_hal_flash_ramfunc.c ****   ******************************************************************************
  36:Drivers/STM32L4xx_HAL_Driver/Src/stm32l4xx_hal_flash_ramfunc.c ****   * @attention
  37:Drivers/STM32L4xx_HAL_Driver/Src/stm32l4xx_hal_flash_ramfunc.c ****   *
  38:Drivers/STM32L4xx_HAL_Driver/Src/stm32l4xx_hal_flash_ramfunc.c ****   * <h2><center>&copy; COPYRIGHT(c) 2017 STMicroelectronics</center></h2>
  39:Drivers/STM32L4xx_HAL_Driver/Src/stm32l4xx_hal_flash_ramfunc.c ****   *
  40:Drivers/STM32L4xx_HAL_Driver/Src/stm32l4xx_hal_flash_ramfunc.c ****   * Redistribution and use in source and binary forms, with or without modification,
  41:Drivers/STM32L4xx_HAL_Driver/Src/stm32l4xx_hal_flash_ramfunc.c ****   * are permitted provided that the following conditions are met:
  42:Drivers/STM32L4xx_HAL_Driver/Src/stm32l4xx_hal_flash_ramfunc.c ****   *   1. Redistributions of source code must retain the above copyright notice,
  43:Drivers/STM32L4xx_HAL_Driver/Src/stm32l4xx_hal_flash_ramfunc.c ****   *      this list of conditions and the following disclaimer.
  44:Drivers/STM32L4xx_HAL_Driver/Src/stm32l4xx_hal_flash_ramfunc.c ****   *   2. Redistributions in binary form must reproduce the above copyright notice,
  45:Drivers/STM32L4xx_HAL_Driver/Src/stm32l4xx_hal_flash_ramfunc.c ****   *      this list of conditions and the following disclaimer in the documentation
  46:Drivers/STM32L4xx_HAL_Driver/Src/stm32l4xx_hal_flash_ramfunc.c ****   *      and/or other materials provided with the distribution.
  47:Drivers/STM32L4xx_HAL_Driver/Src/stm32l4xx_hal_flash_ramfunc.c ****   *   3. Neither the name of STMicroelectronics nor the names of its contributors
  48:Drivers/STM32L4xx_HAL_Driver/Src/stm32l4xx_hal_flash_ramfunc.c ****   *      may be used to endorse or promote products derived from this software
  49:Drivers/STM32L4xx_HAL_Driver/Src/stm32l4xx_hal_flash_ramfunc.c ****   *      without specific prior written permission.
  50:Drivers/STM32L4xx_HAL_Driver/Src/stm32l4xx_hal_flash_ramfunc.c ****   *
  51:Drivers/STM32L4xx_HAL_Driver/Src/stm32l4xx_hal_flash_ramfunc.c ****   * THIS SOFTWARE IS PROVIDED BY THE COPYRIGHT HOLDERS AND CONTRIBUTORS "AS IS"
  52:Drivers/STM32L4xx_HAL_Driver/Src/stm32l4xx_hal_flash_ramfunc.c ****   * AND ANY EXPRESS OR IMPLIED WARRANTIES, INCLUDING, BUT NOT LIMITED TO, THE
  53:Drivers/STM32L4xx_HAL_Driver/Src/stm32l4xx_hal_flash_ramfunc.c ****   * IMPLIED WARRANTIES OF MERCHANTABILITY AND FITNESS FOR A PARTICULAR PURPOSE ARE
  54:Drivers/STM32L4xx_HAL_Driver/Src/stm32l4xx_hal_flash_ramfunc.c ****   * DISCLAIMED. IN NO EVENT SHALL THE COPYRIGHT HOLDER OR CONTRIBUTORS BE LIABLE
  55:Drivers/STM32L4xx_HAL_Driver/Src/stm32l4xx_hal_flash_ramfunc.c ****   * FOR ANY DIRECT, INDIRECT, INCIDENTAL, SPECIAL, EXEMPLARY, OR CONSEQUENTIAL
  56:Drivers/STM32L4xx_HAL_Driver/Src/stm32l4xx_hal_flash_ramfunc.c ****   * DAMAGES (INCLUDING, BUT NOT LIMITED TO, PROCUREMENT OF SUBSTITUTE GOODS OR
  57:Drivers/STM32L4xx_HAL_Driver/Src/stm32l4xx_hal_flash_ramfunc.c ****   * SERVICES; LOSS OF USE, DATA, OR PROFITS; OR BUSINESS INTERRUPTION) HOWEVER
  58:Drivers/STM32L4xx_HAL_Driver/Src/stm32l4xx_hal_flash_ramfunc.c ****   * CAUSED AND ON ANY THEORY OF LIABILITY, WHETHER IN CONTRACT, STRICT LIABILITY,
  59:Drivers/STM32L4xx_HAL_Driver/Src/stm32l4xx_hal_flash_ramfunc.c ****   * OR TORT (INCLUDING NEGLIGENCE OR OTHERWISE) ARISING IN ANY WAY OUT OF THE USE
  60:Drivers/STM32L4xx_HAL_Driver/Src/stm32l4xx_hal_flash_ramfunc.c ****   * OF THIS SOFTWARE, EVEN IF ADVISED OF THE POSSIBILITY OF SUCH DAMAGE.
  61:Drivers/STM32L4xx_HAL_Driver/Src/stm32l4xx_hal_flash_ramfunc.c ****   *
  62:Drivers/STM32L4xx_HAL_Driver/Src/stm32l4xx_hal_flash_ramfunc.c ****   ******************************************************************************
  63:Drivers/STM32L4xx_HAL_Driver/Src/stm32l4xx_hal_flash_ramfunc.c ****   */ 
  64:Drivers/STM32L4xx_HAL_Driver/Src/stm32l4xx_hal_flash_ramfunc.c **** 
  65:Drivers/STM32L4xx_HAL_Driver/Src/stm32l4xx_hal_flash_ramfunc.c **** /* Includes ------------------------------------------------------------------*/
  66:Drivers/STM32L4xx_HAL_Driver/Src/stm32l4xx_hal_flash_ramfunc.c **** #include "stm32l4xx_hal.h"
  67:Drivers/STM32L4xx_HAL_Driver/Src/stm32l4xx_hal_flash_ramfunc.c **** 
  68:Drivers/STM32L4xx_HAL_Driver/Src/stm32l4xx_hal_flash_ramfunc.c **** /** @addtogroup STM32L4xx_HAL_Driver
  69:Drivers/STM32L4xx_HAL_Driver/Src/stm32l4xx_hal_flash_ramfunc.c ****   * @{
  70:Drivers/STM32L4xx_HAL_Driver/Src/stm32l4xx_hal_flash_ramfunc.c ****   */
  71:Drivers/STM32L4xx_HAL_Driver/Src/stm32l4xx_hal_flash_ramfunc.c **** 
  72:Drivers/STM32L4xx_HAL_Driver/Src/stm32l4xx_hal_flash_ramfunc.c **** /** @defgroup FLASH_RAMFUNC FLASH_RAMFUNC
  73:Drivers/STM32L4xx_HAL_Driver/Src/stm32l4xx_hal_flash_ramfunc.c ****   * @brief FLASH functions executed from RAM
  74:Drivers/STM32L4xx_HAL_Driver/Src/stm32l4xx_hal_flash_ramfunc.c ****   * @{
  75:Drivers/STM32L4xx_HAL_Driver/Src/stm32l4xx_hal_flash_ramfunc.c ****   */
  76:Drivers/STM32L4xx_HAL_Driver/Src/stm32l4xx_hal_flash_ramfunc.c **** 
  77:Drivers/STM32L4xx_HAL_Driver/Src/stm32l4xx_hal_flash_ramfunc.c **** #ifdef HAL_FLASH_MODULE_ENABLED
  78:Drivers/STM32L4xx_HAL_Driver/Src/stm32l4xx_hal_flash_ramfunc.c **** 
  79:Drivers/STM32L4xx_HAL_Driver/Src/stm32l4xx_hal_flash_ramfunc.c **** /* Private typedef -----------------------------------------------------------*/
  80:Drivers/STM32L4xx_HAL_Driver/Src/stm32l4xx_hal_flash_ramfunc.c **** /* Private define ------------------------------------------------------------*/
  81:Drivers/STM32L4xx_HAL_Driver/Src/stm32l4xx_hal_flash_ramfunc.c **** /* Private macro -------------------------------------------------------------*/
  82:Drivers/STM32L4xx_HAL_Driver/Src/stm32l4xx_hal_flash_ramfunc.c **** /* Private variables ---------------------------------------------------------*/
  83:Drivers/STM32L4xx_HAL_Driver/Src/stm32l4xx_hal_flash_ramfunc.c **** extern FLASH_ProcessTypeDef pFlash;
  84:Drivers/STM32L4xx_HAL_Driver/Src/stm32l4xx_hal_flash_ramfunc.c **** 
  85:Drivers/STM32L4xx_HAL_Driver/Src/stm32l4xx_hal_flash_ramfunc.c **** /* Private function prototypes -----------------------------------------------*/
  86:Drivers/STM32L4xx_HAL_Driver/Src/stm32l4xx_hal_flash_ramfunc.c **** /* Exported functions -------------------------------------------------------*/
  87:Drivers/STM32L4xx_HAL_Driver/Src/stm32l4xx_hal_flash_ramfunc.c **** 
ARM GAS  /tmp/ccxDgxUo.s 			page 3


  88:Drivers/STM32L4xx_HAL_Driver/Src/stm32l4xx_hal_flash_ramfunc.c **** /** @defgroup FLASH_RAMFUNC_Exported_Functions FLASH in RAM function Exported Functions
  89:Drivers/STM32L4xx_HAL_Driver/Src/stm32l4xx_hal_flash_ramfunc.c ****   * @{
  90:Drivers/STM32L4xx_HAL_Driver/Src/stm32l4xx_hal_flash_ramfunc.c ****   */
  91:Drivers/STM32L4xx_HAL_Driver/Src/stm32l4xx_hal_flash_ramfunc.c **** 
  92:Drivers/STM32L4xx_HAL_Driver/Src/stm32l4xx_hal_flash_ramfunc.c **** /** @defgroup FLASH_RAMFUNC_Exported_Functions_Group1 Peripheral features functions 
  93:Drivers/STM32L4xx_HAL_Driver/Src/stm32l4xx_hal_flash_ramfunc.c ****  *  @brief   Data transfers functions 
  94:Drivers/STM32L4xx_HAL_Driver/Src/stm32l4xx_hal_flash_ramfunc.c ****  *
  95:Drivers/STM32L4xx_HAL_Driver/Src/stm32l4xx_hal_flash_ramfunc.c **** @verbatim   
  96:Drivers/STM32L4xx_HAL_Driver/Src/stm32l4xx_hal_flash_ramfunc.c ****  ===============================================================================
  97:Drivers/STM32L4xx_HAL_Driver/Src/stm32l4xx_hal_flash_ramfunc.c ****                       ##### ramfunc functions #####
  98:Drivers/STM32L4xx_HAL_Driver/Src/stm32l4xx_hal_flash_ramfunc.c ****  ===============================================================================  
  99:Drivers/STM32L4xx_HAL_Driver/Src/stm32l4xx_hal_flash_ramfunc.c ****     [..]
 100:Drivers/STM32L4xx_HAL_Driver/Src/stm32l4xx_hal_flash_ramfunc.c ****     This subsection provides a set of functions that should be executed from RAM.
 101:Drivers/STM32L4xx_HAL_Driver/Src/stm32l4xx_hal_flash_ramfunc.c **** 
 102:Drivers/STM32L4xx_HAL_Driver/Src/stm32l4xx_hal_flash_ramfunc.c **** @endverbatim
 103:Drivers/STM32L4xx_HAL_Driver/Src/stm32l4xx_hal_flash_ramfunc.c ****   * @{
 104:Drivers/STM32L4xx_HAL_Driver/Src/stm32l4xx_hal_flash_ramfunc.c ****   */
 105:Drivers/STM32L4xx_HAL_Driver/Src/stm32l4xx_hal_flash_ramfunc.c **** 
 106:Drivers/STM32L4xx_HAL_Driver/Src/stm32l4xx_hal_flash_ramfunc.c **** /**
 107:Drivers/STM32L4xx_HAL_Driver/Src/stm32l4xx_hal_flash_ramfunc.c ****   * @brief   Enable the Power down in Run Mode
 108:Drivers/STM32L4xx_HAL_Driver/Src/stm32l4xx_hal_flash_ramfunc.c ****   * @note    This function should be called and executed from SRAM memory
 109:Drivers/STM32L4xx_HAL_Driver/Src/stm32l4xx_hal_flash_ramfunc.c ****   * @retval None
 110:Drivers/STM32L4xx_HAL_Driver/Src/stm32l4xx_hal_flash_ramfunc.c ****   */
 111:Drivers/STM32L4xx_HAL_Driver/Src/stm32l4xx_hal_flash_ramfunc.c **** __RAM_FUNC HAL_FLASHEx_EnableRunPowerDown(void)
 112:Drivers/STM32L4xx_HAL_Driver/Src/stm32l4xx_hal_flash_ramfunc.c **** {
  29              		.loc 1 112 0
  30              		.cfi_startproc
  31              		@ args = 0, pretend = 0, frame = 0
  32              		@ frame_needed = 0, uses_anonymous_args = 0
  33              		@ link register save eliminated.
 113:Drivers/STM32L4xx_HAL_Driver/Src/stm32l4xx_hal_flash_ramfunc.c ****   /* Enable the Power Down in Run mode*/
 114:Drivers/STM32L4xx_HAL_Driver/Src/stm32l4xx_hal_flash_ramfunc.c ****   __HAL_FLASH_POWER_DOWN_ENABLE();
  34              		.loc 1 114 0
  35 0000 054B     		ldr	r3, .L2
  36 0002 064A     		ldr	r2, .L2+4
  37 0004 5A60     		str	r2, [r3, #4]
  38 0006 064A     		ldr	r2, .L2+8
  39 0008 5A60     		str	r2, [r3, #4]
  40 000a 1A68     		ldr	r2, [r3]
  41 000c 42F40052 		orr	r2, r2, #8192
  42 0010 1A60     		str	r2, [r3]
 115:Drivers/STM32L4xx_HAL_Driver/Src/stm32l4xx_hal_flash_ramfunc.c ****   
 116:Drivers/STM32L4xx_HAL_Driver/Src/stm32l4xx_hal_flash_ramfunc.c ****   return HAL_OK;
 117:Drivers/STM32L4xx_HAL_Driver/Src/stm32l4xx_hal_flash_ramfunc.c ****   
 118:Drivers/STM32L4xx_HAL_Driver/Src/stm32l4xx_hal_flash_ramfunc.c **** }
  43              		.loc 1 118 0
  44 0012 0020     		movs	r0, #0
  45 0014 7047     		bx	lr
  46              	.L3:
  47 0016 00BF     		.align	2
  48              	.L2:
  49 0018 00200240 		.word	1073881088
  50 001c 37261504 		.word	68494903
  51 0020 FDFCFBFA 		.word	-84148995
  52              		.cfi_endproc
  53              	.LFE125:
  55              		.align	2
ARM GAS  /tmp/ccxDgxUo.s 			page 4


  56              		.global	HAL_FLASHEx_DisableRunPowerDown
  57              		.thumb
  58              		.thumb_func
  60              	HAL_FLASHEx_DisableRunPowerDown:
  61              	.LFB126:
 119:Drivers/STM32L4xx_HAL_Driver/Src/stm32l4xx_hal_flash_ramfunc.c **** 
 120:Drivers/STM32L4xx_HAL_Driver/Src/stm32l4xx_hal_flash_ramfunc.c **** /**
 121:Drivers/STM32L4xx_HAL_Driver/Src/stm32l4xx_hal_flash_ramfunc.c ****   * @brief   Disable the Power down in Run Mode
 122:Drivers/STM32L4xx_HAL_Driver/Src/stm32l4xx_hal_flash_ramfunc.c ****   * @note    This function should be called and executed from SRAM memory
 123:Drivers/STM32L4xx_HAL_Driver/Src/stm32l4xx_hal_flash_ramfunc.c ****   * @retval None
 124:Drivers/STM32L4xx_HAL_Driver/Src/stm32l4xx_hal_flash_ramfunc.c ****   */
 125:Drivers/STM32L4xx_HAL_Driver/Src/stm32l4xx_hal_flash_ramfunc.c **** __RAM_FUNC HAL_FLASHEx_DisableRunPowerDown(void)
 126:Drivers/STM32L4xx_HAL_Driver/Src/stm32l4xx_hal_flash_ramfunc.c **** {
  62              		.loc 1 126 0
  63              		.cfi_startproc
  64              		@ args = 0, pretend = 0, frame = 0
  65              		@ frame_needed = 0, uses_anonymous_args = 0
  66              		@ link register save eliminated.
 127:Drivers/STM32L4xx_HAL_Driver/Src/stm32l4xx_hal_flash_ramfunc.c ****   /* Disable the Power Down in Run mode*/
 128:Drivers/STM32L4xx_HAL_Driver/Src/stm32l4xx_hal_flash_ramfunc.c ****   __HAL_FLASH_POWER_DOWN_DISABLE();
  67              		.loc 1 128 0
  68 0024 054B     		ldr	r3, .L5
  69 0026 064A     		ldr	r2, .L5+4
  70 0028 5A60     		str	r2, [r3, #4]
  71 002a 064A     		ldr	r2, .L5+8
  72 002c 5A60     		str	r2, [r3, #4]
  73 002e 1A68     		ldr	r2, [r3]
  74 0030 22F40052 		bic	r2, r2, #8192
  75 0034 1A60     		str	r2, [r3]
 129:Drivers/STM32L4xx_HAL_Driver/Src/stm32l4xx_hal_flash_ramfunc.c **** 
 130:Drivers/STM32L4xx_HAL_Driver/Src/stm32l4xx_hal_flash_ramfunc.c ****   return HAL_OK;  
 131:Drivers/STM32L4xx_HAL_Driver/Src/stm32l4xx_hal_flash_ramfunc.c **** }
  76              		.loc 1 131 0
  77 0036 0020     		movs	r0, #0
  78 0038 7047     		bx	lr
  79              	.L6:
  80 003a 00BF     		.align	2
  81              	.L5:
  82 003c 00200240 		.word	1073881088
  83 0040 37261504 		.word	68494903
  84 0044 FDFCFBFA 		.word	-84148995
  85              		.cfi_endproc
  86              	.LFE126:
  88              		.text
  89              	.Letext0:
  90              		.file 2 "/usr/include/newlib/machine/_default_types.h"
  91              		.file 3 "/usr/include/newlib/sys/_stdint.h"
  92              		.file 4 "Drivers/CMSIS/Device/ST/STM32L4xx/Include/stm32l432xx.h"
  93              		.file 5 "Drivers/STM32L4xx_HAL_Driver/Inc/stm32l4xx_hal_def.h"
  94              		.file 6 "Drivers/CMSIS/Include/core_cm4.h"
ARM GAS  /tmp/ccxDgxUo.s 			page 5


DEFINED SYMBOLS
                            *ABS*:0000000000000000 stm32l4xx_hal_flash_ramfunc.c
     /tmp/ccxDgxUo.s:21     .RamFunc:0000000000000000 $t
     /tmp/ccxDgxUo.s:26     .RamFunc:0000000000000000 HAL_FLASHEx_EnableRunPowerDown
     /tmp/ccxDgxUo.s:49     .RamFunc:0000000000000018 $d
     /tmp/ccxDgxUo.s:55     .RamFunc:0000000000000024 $t
     /tmp/ccxDgxUo.s:60     .RamFunc:0000000000000024 HAL_FLASHEx_DisableRunPowerDown
     /tmp/ccxDgxUo.s:82     .RamFunc:000000000000003c $d
                     .debug_frame:0000000000000010 $d

NO UNDEFINED SYMBOLS
