ARM GAS  /tmp/ccH3tlQb.s 			page 1


   1              		.syntax unified
   2              		.cpu cortex-m4
   3              		.eabi_attribute 27, 1
   4              		.eabi_attribute 28, 1
   5              		.fpu fpv4-sp-d16
   6              		.eabi_attribute 20, 1
   7              		.eabi_attribute 21, 1
   8              		.eabi_attribute 23, 3
   9              		.eabi_attribute 24, 1
  10              		.eabi_attribute 25, 1
  11              		.eabi_attribute 26, 1
  12              		.eabi_attribute 30, 1
  13              		.eabi_attribute 34, 1
  14              		.eabi_attribute 18, 4
  15              		.thumb
  16              		.file	"stm32l4xx_hal_gpio.c"
  17              		.text
  18              	.Ltext0:
  19              		.cfi_sections	.debug_frame
  20              		.section	.text.HAL_GPIO_Init,"ax",%progbits
  21              		.align	2
  22              		.global	HAL_GPIO_Init
  23              		.thumb
  24              		.thumb_func
  26              	HAL_GPIO_Init:
  27              	.LFB125:
  28              		.file 1 "Drivers/STM32L4xx_HAL_Driver/Src/stm32l4xx_hal_gpio.c"
   1:Drivers/STM32L4xx_HAL_Driver/Src/stm32l4xx_hal_gpio.c **** /**
   2:Drivers/STM32L4xx_HAL_Driver/Src/stm32l4xx_hal_gpio.c ****   ******************************************************************************
   3:Drivers/STM32L4xx_HAL_Driver/Src/stm32l4xx_hal_gpio.c ****   * @file    stm32l4xx_hal_gpio.c
   4:Drivers/STM32L4xx_HAL_Driver/Src/stm32l4xx_hal_gpio.c ****   * @author  MCD Application Team
   5:Drivers/STM32L4xx_HAL_Driver/Src/stm32l4xx_hal_gpio.c ****   * @brief   GPIO HAL module driver.
   6:Drivers/STM32L4xx_HAL_Driver/Src/stm32l4xx_hal_gpio.c ****   *          This file provides firmware functions to manage the following
   7:Drivers/STM32L4xx_HAL_Driver/Src/stm32l4xx_hal_gpio.c ****   *          functionalities of the General Purpose Input/Output (GPIO) peripheral:
   8:Drivers/STM32L4xx_HAL_Driver/Src/stm32l4xx_hal_gpio.c ****   *           + Initialization and de-initialization functions
   9:Drivers/STM32L4xx_HAL_Driver/Src/stm32l4xx_hal_gpio.c ****   *           + IO operation functions
  10:Drivers/STM32L4xx_HAL_Driver/Src/stm32l4xx_hal_gpio.c ****   *
  11:Drivers/STM32L4xx_HAL_Driver/Src/stm32l4xx_hal_gpio.c ****   @verbatim
  12:Drivers/STM32L4xx_HAL_Driver/Src/stm32l4xx_hal_gpio.c ****   ==============================================================================
  13:Drivers/STM32L4xx_HAL_Driver/Src/stm32l4xx_hal_gpio.c ****                     ##### GPIO Peripheral features #####
  14:Drivers/STM32L4xx_HAL_Driver/Src/stm32l4xx_hal_gpio.c ****   ==============================================================================
  15:Drivers/STM32L4xx_HAL_Driver/Src/stm32l4xx_hal_gpio.c ****   [..]
  16:Drivers/STM32L4xx_HAL_Driver/Src/stm32l4xx_hal_gpio.c ****     (+) Each port bit of the general-purpose I/O (GPIO) ports can be individually
  17:Drivers/STM32L4xx_HAL_Driver/Src/stm32l4xx_hal_gpio.c ****         configured by software in several modes:
  18:Drivers/STM32L4xx_HAL_Driver/Src/stm32l4xx_hal_gpio.c ****         (++) Input mode
  19:Drivers/STM32L4xx_HAL_Driver/Src/stm32l4xx_hal_gpio.c ****         (++) Analog mode
  20:Drivers/STM32L4xx_HAL_Driver/Src/stm32l4xx_hal_gpio.c ****         (++) Output mode
  21:Drivers/STM32L4xx_HAL_Driver/Src/stm32l4xx_hal_gpio.c ****         (++) Alternate function mode
  22:Drivers/STM32L4xx_HAL_Driver/Src/stm32l4xx_hal_gpio.c ****         (++) External interrupt/event lines
  23:Drivers/STM32L4xx_HAL_Driver/Src/stm32l4xx_hal_gpio.c **** 
  24:Drivers/STM32L4xx_HAL_Driver/Src/stm32l4xx_hal_gpio.c ****     (+) During and just after reset, the alternate functions and external interrupt
  25:Drivers/STM32L4xx_HAL_Driver/Src/stm32l4xx_hal_gpio.c ****         lines are not active and the I/O ports are configured in input floating mode.
  26:Drivers/STM32L4xx_HAL_Driver/Src/stm32l4xx_hal_gpio.c **** 
  27:Drivers/STM32L4xx_HAL_Driver/Src/stm32l4xx_hal_gpio.c ****     (+) All GPIO pins have weak internal pull-up and pull-down resistors, which can be
  28:Drivers/STM32L4xx_HAL_Driver/Src/stm32l4xx_hal_gpio.c ****         activated or not.
  29:Drivers/STM32L4xx_HAL_Driver/Src/stm32l4xx_hal_gpio.c **** 
  30:Drivers/STM32L4xx_HAL_Driver/Src/stm32l4xx_hal_gpio.c ****     (+) In Output or Alternate mode, each IO can be configured on open-drain or push-pull
ARM GAS  /tmp/ccH3tlQb.s 			page 2


  31:Drivers/STM32L4xx_HAL_Driver/Src/stm32l4xx_hal_gpio.c ****         type and the IO speed can be selected depending on the VDD value.
  32:Drivers/STM32L4xx_HAL_Driver/Src/stm32l4xx_hal_gpio.c **** 
  33:Drivers/STM32L4xx_HAL_Driver/Src/stm32l4xx_hal_gpio.c ****     (+) The microcontroller IO pins are connected to onboard peripherals/modules through a
  34:Drivers/STM32L4xx_HAL_Driver/Src/stm32l4xx_hal_gpio.c ****         multiplexer that allows only one peripheral alternate function (AF) connected
  35:Drivers/STM32L4xx_HAL_Driver/Src/stm32l4xx_hal_gpio.c ****        to an IO pin at a time. In this way, there can be no conflict between peripherals
  36:Drivers/STM32L4xx_HAL_Driver/Src/stm32l4xx_hal_gpio.c ****        sharing the same IO pin.
  37:Drivers/STM32L4xx_HAL_Driver/Src/stm32l4xx_hal_gpio.c **** 
  38:Drivers/STM32L4xx_HAL_Driver/Src/stm32l4xx_hal_gpio.c ****     (+) All ports have external interrupt/event capability. To use external interrupt
  39:Drivers/STM32L4xx_HAL_Driver/Src/stm32l4xx_hal_gpio.c ****         lines, the port must be configured in input mode. All available GPIO pins are
  40:Drivers/STM32L4xx_HAL_Driver/Src/stm32l4xx_hal_gpio.c ****         connected to the 16 external interrupt/event lines from EXTI0 to EXTI15.
  41:Drivers/STM32L4xx_HAL_Driver/Src/stm32l4xx_hal_gpio.c **** 
  42:Drivers/STM32L4xx_HAL_Driver/Src/stm32l4xx_hal_gpio.c ****     (+) The external interrupt/event controller consists of up to 39 edge detectors
  43:Drivers/STM32L4xx_HAL_Driver/Src/stm32l4xx_hal_gpio.c ****         (16 lines are connected to GPIO) for generating event/interrupt requests (each
  44:Drivers/STM32L4xx_HAL_Driver/Src/stm32l4xx_hal_gpio.c ****         input line can be independently configured to select the type (interrupt or event)
  45:Drivers/STM32L4xx_HAL_Driver/Src/stm32l4xx_hal_gpio.c ****         and the corresponding trigger event (rising or falling or both). Each line can
  46:Drivers/STM32L4xx_HAL_Driver/Src/stm32l4xx_hal_gpio.c ****         also be masked independently.
  47:Drivers/STM32L4xx_HAL_Driver/Src/stm32l4xx_hal_gpio.c **** 
  48:Drivers/STM32L4xx_HAL_Driver/Src/stm32l4xx_hal_gpio.c ****                      ##### How to use this driver #####
  49:Drivers/STM32L4xx_HAL_Driver/Src/stm32l4xx_hal_gpio.c ****   ==============================================================================
  50:Drivers/STM32L4xx_HAL_Driver/Src/stm32l4xx_hal_gpio.c ****   [..]
  51:Drivers/STM32L4xx_HAL_Driver/Src/stm32l4xx_hal_gpio.c ****     (#) Enable the GPIO AHB clock using the following function: __HAL_RCC_GPIOx_CLK_ENABLE().
  52:Drivers/STM32L4xx_HAL_Driver/Src/stm32l4xx_hal_gpio.c **** 
  53:Drivers/STM32L4xx_HAL_Driver/Src/stm32l4xx_hal_gpio.c ****     (#) Configure the GPIO pin(s) using HAL_GPIO_Init().
  54:Drivers/STM32L4xx_HAL_Driver/Src/stm32l4xx_hal_gpio.c ****         (++) Configure the IO mode using "Mode" member from GPIO_InitTypeDef structure
  55:Drivers/STM32L4xx_HAL_Driver/Src/stm32l4xx_hal_gpio.c ****         (++) Activate Pull-up, Pull-down resistor using "Pull" member from GPIO_InitTypeDef
  56:Drivers/STM32L4xx_HAL_Driver/Src/stm32l4xx_hal_gpio.c ****              structure.
  57:Drivers/STM32L4xx_HAL_Driver/Src/stm32l4xx_hal_gpio.c ****         (++) In case of Output or alternate function mode selection: the speed is
  58:Drivers/STM32L4xx_HAL_Driver/Src/stm32l4xx_hal_gpio.c ****              configured through "Speed" member from GPIO_InitTypeDef structure.
  59:Drivers/STM32L4xx_HAL_Driver/Src/stm32l4xx_hal_gpio.c ****         (++) In alternate mode is selection, the alternate function connected to the IO
  60:Drivers/STM32L4xx_HAL_Driver/Src/stm32l4xx_hal_gpio.c ****              is configured through "Alternate" member from GPIO_InitTypeDef structure.
  61:Drivers/STM32L4xx_HAL_Driver/Src/stm32l4xx_hal_gpio.c ****         (++) Analog mode is required when a pin is to be used as ADC channel
  62:Drivers/STM32L4xx_HAL_Driver/Src/stm32l4xx_hal_gpio.c ****              or DAC output.
  63:Drivers/STM32L4xx_HAL_Driver/Src/stm32l4xx_hal_gpio.c ****         (++) In case of external interrupt/event selection the "Mode" member from
  64:Drivers/STM32L4xx_HAL_Driver/Src/stm32l4xx_hal_gpio.c ****              GPIO_InitTypeDef structure select the type (interrupt or event) and
  65:Drivers/STM32L4xx_HAL_Driver/Src/stm32l4xx_hal_gpio.c ****              the corresponding trigger event (rising or falling or both).
  66:Drivers/STM32L4xx_HAL_Driver/Src/stm32l4xx_hal_gpio.c **** 
  67:Drivers/STM32L4xx_HAL_Driver/Src/stm32l4xx_hal_gpio.c ****     (#) In case of external interrupt/event mode selection, configure NVIC IRQ priority
  68:Drivers/STM32L4xx_HAL_Driver/Src/stm32l4xx_hal_gpio.c ****         mapped to the EXTI line using HAL_NVIC_SetPriority() and enable it using
  69:Drivers/STM32L4xx_HAL_Driver/Src/stm32l4xx_hal_gpio.c ****         HAL_NVIC_EnableIRQ().
  70:Drivers/STM32L4xx_HAL_Driver/Src/stm32l4xx_hal_gpio.c **** 
  71:Drivers/STM32L4xx_HAL_Driver/Src/stm32l4xx_hal_gpio.c ****     (#) To get the level of a pin configured in input mode use HAL_GPIO_ReadPin().
  72:Drivers/STM32L4xx_HAL_Driver/Src/stm32l4xx_hal_gpio.c **** 
  73:Drivers/STM32L4xx_HAL_Driver/Src/stm32l4xx_hal_gpio.c ****     (#) To set/reset the level of a pin configured in output mode use
  74:Drivers/STM32L4xx_HAL_Driver/Src/stm32l4xx_hal_gpio.c ****         HAL_GPIO_WritePin()/HAL_GPIO_TogglePin().
  75:Drivers/STM32L4xx_HAL_Driver/Src/stm32l4xx_hal_gpio.c **** 
  76:Drivers/STM32L4xx_HAL_Driver/Src/stm32l4xx_hal_gpio.c ****    (#) To lock pin configuration until next reset use HAL_GPIO_LockPin().
  77:Drivers/STM32L4xx_HAL_Driver/Src/stm32l4xx_hal_gpio.c ****   
  78:Drivers/STM32L4xx_HAL_Driver/Src/stm32l4xx_hal_gpio.c ****     (#) During and just after reset, the alternate functions are not
  79:Drivers/STM32L4xx_HAL_Driver/Src/stm32l4xx_hal_gpio.c ****         active and the GPIO pins are configured in input floating mode (except JTAG
  80:Drivers/STM32L4xx_HAL_Driver/Src/stm32l4xx_hal_gpio.c ****         pins).
  81:Drivers/STM32L4xx_HAL_Driver/Src/stm32l4xx_hal_gpio.c **** 
  82:Drivers/STM32L4xx_HAL_Driver/Src/stm32l4xx_hal_gpio.c ****     (#) The LSE oscillator pins OSC32_IN and OSC32_OUT can be used as general purpose
  83:Drivers/STM32L4xx_HAL_Driver/Src/stm32l4xx_hal_gpio.c ****         (PC14 and PC15, respectively) when the LSE oscillator is off. The LSE has
  84:Drivers/STM32L4xx_HAL_Driver/Src/stm32l4xx_hal_gpio.c ****         priority over the GPIO function.
  85:Drivers/STM32L4xx_HAL_Driver/Src/stm32l4xx_hal_gpio.c **** 
  86:Drivers/STM32L4xx_HAL_Driver/Src/stm32l4xx_hal_gpio.c ****     (#) The HSE oscillator pins OSC_IN/OSC_OUT can be used as
  87:Drivers/STM32L4xx_HAL_Driver/Src/stm32l4xx_hal_gpio.c ****         general purpose PH0 and PH1, respectively, when the HSE oscillator is off.
ARM GAS  /tmp/ccH3tlQb.s 			page 3


  88:Drivers/STM32L4xx_HAL_Driver/Src/stm32l4xx_hal_gpio.c ****         The HSE has priority over the GPIO function.
  89:Drivers/STM32L4xx_HAL_Driver/Src/stm32l4xx_hal_gpio.c **** 
  90:Drivers/STM32L4xx_HAL_Driver/Src/stm32l4xx_hal_gpio.c ****   @endverbatim
  91:Drivers/STM32L4xx_HAL_Driver/Src/stm32l4xx_hal_gpio.c ****   ******************************************************************************
  92:Drivers/STM32L4xx_HAL_Driver/Src/stm32l4xx_hal_gpio.c ****   * @attention
  93:Drivers/STM32L4xx_HAL_Driver/Src/stm32l4xx_hal_gpio.c ****   *
  94:Drivers/STM32L4xx_HAL_Driver/Src/stm32l4xx_hal_gpio.c ****   * <h2><center>&copy; COPYRIGHT(c) 2017 STMicroelectronics</center></h2>
  95:Drivers/STM32L4xx_HAL_Driver/Src/stm32l4xx_hal_gpio.c ****   *
  96:Drivers/STM32L4xx_HAL_Driver/Src/stm32l4xx_hal_gpio.c ****   * Redistribution and use in source and binary forms, with or without modification,
  97:Drivers/STM32L4xx_HAL_Driver/Src/stm32l4xx_hal_gpio.c ****   * are permitted provided that the following conditions are met:
  98:Drivers/STM32L4xx_HAL_Driver/Src/stm32l4xx_hal_gpio.c ****   *   1. Redistributions of source code must retain the above copyright notice,
  99:Drivers/STM32L4xx_HAL_Driver/Src/stm32l4xx_hal_gpio.c ****   *      this list of conditions and the following disclaimer.
 100:Drivers/STM32L4xx_HAL_Driver/Src/stm32l4xx_hal_gpio.c ****   *   2. Redistributions in binary form must reproduce the above copyright notice,
 101:Drivers/STM32L4xx_HAL_Driver/Src/stm32l4xx_hal_gpio.c ****   *      this list of conditions and the following disclaimer in the documentation
 102:Drivers/STM32L4xx_HAL_Driver/Src/stm32l4xx_hal_gpio.c ****   *      and/or other materials provided with the distribution.
 103:Drivers/STM32L4xx_HAL_Driver/Src/stm32l4xx_hal_gpio.c ****   *   3. Neither the name of STMicroelectronics nor the names of its contributors
 104:Drivers/STM32L4xx_HAL_Driver/Src/stm32l4xx_hal_gpio.c ****   *      may be used to endorse or promote products derived from this software
 105:Drivers/STM32L4xx_HAL_Driver/Src/stm32l4xx_hal_gpio.c ****   *      without specific prior written permission.
 106:Drivers/STM32L4xx_HAL_Driver/Src/stm32l4xx_hal_gpio.c ****   *
 107:Drivers/STM32L4xx_HAL_Driver/Src/stm32l4xx_hal_gpio.c ****   * THIS SOFTWARE IS PROVIDED BY THE COPYRIGHT HOLDERS AND CONTRIBUTORS "AS IS"
 108:Drivers/STM32L4xx_HAL_Driver/Src/stm32l4xx_hal_gpio.c ****   * AND ANY EXPRESS OR IMPLIED WARRANTIES, INCLUDING, BUT NOT LIMITED TO, THE
 109:Drivers/STM32L4xx_HAL_Driver/Src/stm32l4xx_hal_gpio.c ****   * IMPLIED WARRANTIES OF MERCHANTABILITY AND FITNESS FOR A PARTICULAR PURPOSE ARE
 110:Drivers/STM32L4xx_HAL_Driver/Src/stm32l4xx_hal_gpio.c ****   * DISCLAIMED. IN NO EVENT SHALL THE COPYRIGHT HOLDER OR CONTRIBUTORS BE LIABLE
 111:Drivers/STM32L4xx_HAL_Driver/Src/stm32l4xx_hal_gpio.c ****   * FOR ANY DIRECT, INDIRECT, INCIDENTAL, SPECIAL, EXEMPLARY, OR CONSEQUENTIAL
 112:Drivers/STM32L4xx_HAL_Driver/Src/stm32l4xx_hal_gpio.c ****   * DAMAGES (INCLUDING, BUT NOT LIMITED TO, PROCUREMENT OF SUBSTITUTE GOODS OR
 113:Drivers/STM32L4xx_HAL_Driver/Src/stm32l4xx_hal_gpio.c ****   * SERVICES; LOSS OF USE, DATA, OR PROFITS; OR BUSINESS INTERRUPTION) HOWEVER
 114:Drivers/STM32L4xx_HAL_Driver/Src/stm32l4xx_hal_gpio.c ****   * CAUSED AND ON ANY THEORY OF LIABILITY, WHETHER IN CONTRACT, STRICT LIABILITY,
 115:Drivers/STM32L4xx_HAL_Driver/Src/stm32l4xx_hal_gpio.c ****   * OR TORT (INCLUDING NEGLIGENCE OR OTHERWISE) ARISING IN ANY WAY OUT OF THE USE
 116:Drivers/STM32L4xx_HAL_Driver/Src/stm32l4xx_hal_gpio.c ****   * OF THIS SOFTWARE, EVEN IF ADVISED OF THE POSSIBILITY OF SUCH DAMAGE.
 117:Drivers/STM32L4xx_HAL_Driver/Src/stm32l4xx_hal_gpio.c ****   *
 118:Drivers/STM32L4xx_HAL_Driver/Src/stm32l4xx_hal_gpio.c ****   ******************************************************************************
 119:Drivers/STM32L4xx_HAL_Driver/Src/stm32l4xx_hal_gpio.c ****   */
 120:Drivers/STM32L4xx_HAL_Driver/Src/stm32l4xx_hal_gpio.c **** 
 121:Drivers/STM32L4xx_HAL_Driver/Src/stm32l4xx_hal_gpio.c **** /* Includes ------------------------------------------------------------------*/
 122:Drivers/STM32L4xx_HAL_Driver/Src/stm32l4xx_hal_gpio.c **** #include "stm32l4xx_hal.h"
 123:Drivers/STM32L4xx_HAL_Driver/Src/stm32l4xx_hal_gpio.c **** 
 124:Drivers/STM32L4xx_HAL_Driver/Src/stm32l4xx_hal_gpio.c **** /** @addtogroup STM32L4xx_HAL_Driver
 125:Drivers/STM32L4xx_HAL_Driver/Src/stm32l4xx_hal_gpio.c ****   * @{
 126:Drivers/STM32L4xx_HAL_Driver/Src/stm32l4xx_hal_gpio.c ****   */
 127:Drivers/STM32L4xx_HAL_Driver/Src/stm32l4xx_hal_gpio.c **** 
 128:Drivers/STM32L4xx_HAL_Driver/Src/stm32l4xx_hal_gpio.c **** /** @defgroup GPIO GPIO
 129:Drivers/STM32L4xx_HAL_Driver/Src/stm32l4xx_hal_gpio.c ****   * @brief GPIO HAL module driver
 130:Drivers/STM32L4xx_HAL_Driver/Src/stm32l4xx_hal_gpio.c ****   * @{
 131:Drivers/STM32L4xx_HAL_Driver/Src/stm32l4xx_hal_gpio.c ****   */
 132:Drivers/STM32L4xx_HAL_Driver/Src/stm32l4xx_hal_gpio.c **** 
 133:Drivers/STM32L4xx_HAL_Driver/Src/stm32l4xx_hal_gpio.c **** #ifdef HAL_GPIO_MODULE_ENABLED
 134:Drivers/STM32L4xx_HAL_Driver/Src/stm32l4xx_hal_gpio.c **** 
 135:Drivers/STM32L4xx_HAL_Driver/Src/stm32l4xx_hal_gpio.c **** /* Private typedef -----------------------------------------------------------*/
 136:Drivers/STM32L4xx_HAL_Driver/Src/stm32l4xx_hal_gpio.c **** /* Private defines -----------------------------------------------------------*/
 137:Drivers/STM32L4xx_HAL_Driver/Src/stm32l4xx_hal_gpio.c **** /** @defgroup GPIO_Private_Defines GPIO Private Defines
 138:Drivers/STM32L4xx_HAL_Driver/Src/stm32l4xx_hal_gpio.c ****   * @{
 139:Drivers/STM32L4xx_HAL_Driver/Src/stm32l4xx_hal_gpio.c ****   */
 140:Drivers/STM32L4xx_HAL_Driver/Src/stm32l4xx_hal_gpio.c **** #define GPIO_MODE             ((uint32_t)0x00000003)
 141:Drivers/STM32L4xx_HAL_Driver/Src/stm32l4xx_hal_gpio.c **** #define ANALOG_MODE           ((uint32_t)0x00000008)
 142:Drivers/STM32L4xx_HAL_Driver/Src/stm32l4xx_hal_gpio.c **** #define EXTI_MODE             ((uint32_t)0x10000000)
 143:Drivers/STM32L4xx_HAL_Driver/Src/stm32l4xx_hal_gpio.c **** #define GPIO_MODE_IT          ((uint32_t)0x00010000)
 144:Drivers/STM32L4xx_HAL_Driver/Src/stm32l4xx_hal_gpio.c **** #define GPIO_MODE_EVT         ((uint32_t)0x00020000)
ARM GAS  /tmp/ccH3tlQb.s 			page 4


 145:Drivers/STM32L4xx_HAL_Driver/Src/stm32l4xx_hal_gpio.c **** #define RISING_EDGE           ((uint32_t)0x00100000)
 146:Drivers/STM32L4xx_HAL_Driver/Src/stm32l4xx_hal_gpio.c **** #define FALLING_EDGE          ((uint32_t)0x00200000)
 147:Drivers/STM32L4xx_HAL_Driver/Src/stm32l4xx_hal_gpio.c **** #define GPIO_OUTPUT_TYPE      ((uint32_t)0x00000010)
 148:Drivers/STM32L4xx_HAL_Driver/Src/stm32l4xx_hal_gpio.c **** 
 149:Drivers/STM32L4xx_HAL_Driver/Src/stm32l4xx_hal_gpio.c **** #define GPIO_NUMBER           ((uint32_t)16)
 150:Drivers/STM32L4xx_HAL_Driver/Src/stm32l4xx_hal_gpio.c **** /**
 151:Drivers/STM32L4xx_HAL_Driver/Src/stm32l4xx_hal_gpio.c ****   * @}
 152:Drivers/STM32L4xx_HAL_Driver/Src/stm32l4xx_hal_gpio.c ****   */
 153:Drivers/STM32L4xx_HAL_Driver/Src/stm32l4xx_hal_gpio.c ****   
 154:Drivers/STM32L4xx_HAL_Driver/Src/stm32l4xx_hal_gpio.c **** /* Private macros ------------------------------------------------------------*/
 155:Drivers/STM32L4xx_HAL_Driver/Src/stm32l4xx_hal_gpio.c **** /* Private macros ------------------------------------------------------------*/
 156:Drivers/STM32L4xx_HAL_Driver/Src/stm32l4xx_hal_gpio.c **** /** @defgroup GPIO_Private_Macros GPIO Private Macros
 157:Drivers/STM32L4xx_HAL_Driver/Src/stm32l4xx_hal_gpio.c ****   * @{
 158:Drivers/STM32L4xx_HAL_Driver/Src/stm32l4xx_hal_gpio.c ****   */
 159:Drivers/STM32L4xx_HAL_Driver/Src/stm32l4xx_hal_gpio.c **** /**
 160:Drivers/STM32L4xx_HAL_Driver/Src/stm32l4xx_hal_gpio.c ****   * @}
 161:Drivers/STM32L4xx_HAL_Driver/Src/stm32l4xx_hal_gpio.c ****   */
 162:Drivers/STM32L4xx_HAL_Driver/Src/stm32l4xx_hal_gpio.c **** /* Private variables ---------------------------------------------------------*/
 163:Drivers/STM32L4xx_HAL_Driver/Src/stm32l4xx_hal_gpio.c **** /* Private function prototypes -----------------------------------------------*/
 164:Drivers/STM32L4xx_HAL_Driver/Src/stm32l4xx_hal_gpio.c **** /* Exported functions --------------------------------------------------------*/
 165:Drivers/STM32L4xx_HAL_Driver/Src/stm32l4xx_hal_gpio.c **** 
 166:Drivers/STM32L4xx_HAL_Driver/Src/stm32l4xx_hal_gpio.c **** /** @defgroup GPIO_Exported_Functions GPIO Exported Functions
 167:Drivers/STM32L4xx_HAL_Driver/Src/stm32l4xx_hal_gpio.c ****   * @{
 168:Drivers/STM32L4xx_HAL_Driver/Src/stm32l4xx_hal_gpio.c ****   */
 169:Drivers/STM32L4xx_HAL_Driver/Src/stm32l4xx_hal_gpio.c **** 
 170:Drivers/STM32L4xx_HAL_Driver/Src/stm32l4xx_hal_gpio.c **** /** @defgroup GPIO_Exported_Functions_Group1 Initialization/de-initialization functions 
 171:Drivers/STM32L4xx_HAL_Driver/Src/stm32l4xx_hal_gpio.c ****  *  @brief    Initialization and Configuration functions
 172:Drivers/STM32L4xx_HAL_Driver/Src/stm32l4xx_hal_gpio.c ****  *
 173:Drivers/STM32L4xx_HAL_Driver/Src/stm32l4xx_hal_gpio.c **** @verbatim
 174:Drivers/STM32L4xx_HAL_Driver/Src/stm32l4xx_hal_gpio.c ****  ===============================================================================
 175:Drivers/STM32L4xx_HAL_Driver/Src/stm32l4xx_hal_gpio.c ****               ##### Initialization and de-initialization functions #####
 176:Drivers/STM32L4xx_HAL_Driver/Src/stm32l4xx_hal_gpio.c ****  ===============================================================================
 177:Drivers/STM32L4xx_HAL_Driver/Src/stm32l4xx_hal_gpio.c **** 
 178:Drivers/STM32L4xx_HAL_Driver/Src/stm32l4xx_hal_gpio.c **** @endverbatim
 179:Drivers/STM32L4xx_HAL_Driver/Src/stm32l4xx_hal_gpio.c ****   * @{
 180:Drivers/STM32L4xx_HAL_Driver/Src/stm32l4xx_hal_gpio.c ****   */
 181:Drivers/STM32L4xx_HAL_Driver/Src/stm32l4xx_hal_gpio.c **** 
 182:Drivers/STM32L4xx_HAL_Driver/Src/stm32l4xx_hal_gpio.c **** /**
 183:Drivers/STM32L4xx_HAL_Driver/Src/stm32l4xx_hal_gpio.c ****   * @brief  Initialize the GPIOx peripheral according to the specified parameters in the GPIO_Init.
 184:Drivers/STM32L4xx_HAL_Driver/Src/stm32l4xx_hal_gpio.c ****   * @param  GPIOx: where x can be (A..H) to select the GPIO peripheral for STM32L4 family
 185:Drivers/STM32L4xx_HAL_Driver/Src/stm32l4xx_hal_gpio.c ****   * @param  GPIO_Init: pointer to a GPIO_InitTypeDef structure that contains
 186:Drivers/STM32L4xx_HAL_Driver/Src/stm32l4xx_hal_gpio.c ****   *         the configuration information for the specified GPIO peripheral.
 187:Drivers/STM32L4xx_HAL_Driver/Src/stm32l4xx_hal_gpio.c ****   * @retval None
 188:Drivers/STM32L4xx_HAL_Driver/Src/stm32l4xx_hal_gpio.c ****   */
 189:Drivers/STM32L4xx_HAL_Driver/Src/stm32l4xx_hal_gpio.c **** void HAL_GPIO_Init(GPIO_TypeDef  *GPIOx, GPIO_InitTypeDef *GPIO_Init)
 190:Drivers/STM32L4xx_HAL_Driver/Src/stm32l4xx_hal_gpio.c **** {
  29              		.loc 1 190 0
  30              		.cfi_startproc
  31              		@ args = 0, pretend = 0, frame = 8
  32              		@ frame_needed = 0, uses_anonymous_args = 0
  33              	.LVL0:
  34 0000 2DE9F041 		push	{r4, r5, r6, r7, r8, lr}
  35              	.LCFI0:
  36              		.cfi_def_cfa_offset 24
  37              		.cfi_offset 4, -24
  38              		.cfi_offset 5, -20
  39              		.cfi_offset 6, -16
ARM GAS  /tmp/ccH3tlQb.s 			page 5


  40              		.cfi_offset 7, -12
  41              		.cfi_offset 8, -8
  42              		.cfi_offset 14, -4
  43 0004 82B0     		sub	sp, sp, #8
  44              	.LCFI1:
  45              		.cfi_def_cfa_offset 32
  46              	.LVL1:
 191:Drivers/STM32L4xx_HAL_Driver/Src/stm32l4xx_hal_gpio.c ****   uint32_t position = 0x00;
  47              		.loc 1 191 0
  48 0006 0023     		movs	r3, #0
 192:Drivers/STM32L4xx_HAL_Driver/Src/stm32l4xx_hal_gpio.c ****   uint32_t iocurrent = 0x00;
 193:Drivers/STM32L4xx_HAL_Driver/Src/stm32l4xx_hal_gpio.c ****   uint32_t temp = 0x00;
 194:Drivers/STM32L4xx_HAL_Driver/Src/stm32l4xx_hal_gpio.c **** 
 195:Drivers/STM32L4xx_HAL_Driver/Src/stm32l4xx_hal_gpio.c ****   /* Check the parameters */
 196:Drivers/STM32L4xx_HAL_Driver/Src/stm32l4xx_hal_gpio.c ****   assert_param(IS_GPIO_ALL_INSTANCE(GPIOx));
 197:Drivers/STM32L4xx_HAL_Driver/Src/stm32l4xx_hal_gpio.c ****   assert_param(IS_GPIO_PIN(GPIO_Init->Pin));
 198:Drivers/STM32L4xx_HAL_Driver/Src/stm32l4xx_hal_gpio.c ****   assert_param(IS_GPIO_MODE(GPIO_Init->Mode));
 199:Drivers/STM32L4xx_HAL_Driver/Src/stm32l4xx_hal_gpio.c ****   assert_param(IS_GPIO_PULL(GPIO_Init->Pull));
 200:Drivers/STM32L4xx_HAL_Driver/Src/stm32l4xx_hal_gpio.c **** 
 201:Drivers/STM32L4xx_HAL_Driver/Src/stm32l4xx_hal_gpio.c ****   /* Configure the port pins */
 202:Drivers/STM32L4xx_HAL_Driver/Src/stm32l4xx_hal_gpio.c ****   while (((GPIO_Init->Pin) >> position) != RESET)
  49              		.loc 1 202 0
  50 0008 B2E0     		b	.L2
  51              	.LVL2:
  52              	.L15:
 203:Drivers/STM32L4xx_HAL_Driver/Src/stm32l4xx_hal_gpio.c ****   {
 204:Drivers/STM32L4xx_HAL_Driver/Src/stm32l4xx_hal_gpio.c ****     /* Get current io position */
 205:Drivers/STM32L4xx_HAL_Driver/Src/stm32l4xx_hal_gpio.c ****     iocurrent = (GPIO_Init->Pin) & (1U << position);
  53              		.loc 1 205 0
  54 000a 0124     		movs	r4, #1
  55 000c 9C40     		lsls	r4, r4, r3
  56              	.LVL3:
 206:Drivers/STM32L4xx_HAL_Driver/Src/stm32l4xx_hal_gpio.c **** 
 207:Drivers/STM32L4xx_HAL_Driver/Src/stm32l4xx_hal_gpio.c ****     if(iocurrent)
  57              		.loc 1 207 0
  58 000e 2240     		ands	r2, r2, r4
  59              	.LVL4:
  60 0010 00F0AD80 		beq	.L3
 208:Drivers/STM32L4xx_HAL_Driver/Src/stm32l4xx_hal_gpio.c ****     {
 209:Drivers/STM32L4xx_HAL_Driver/Src/stm32l4xx_hal_gpio.c ****       /*--------------------- GPIO Mode Configuration ------------------------*/
 210:Drivers/STM32L4xx_HAL_Driver/Src/stm32l4xx_hal_gpio.c ****       /* In case of Alternate function mode selection */
 211:Drivers/STM32L4xx_HAL_Driver/Src/stm32l4xx_hal_gpio.c ****       if((GPIO_Init->Mode == GPIO_MODE_AF_PP) || (GPIO_Init->Mode == GPIO_MODE_AF_OD))
  61              		.loc 1 211 0
  62 0014 4D68     		ldr	r5, [r1, #4]
  63 0016 022D     		cmp	r5, #2
  64 0018 01D0     		beq	.L4
  65              		.loc 1 211 0 is_stmt 0 discriminator 1
  66 001a 122D     		cmp	r5, #18
  67 001c 14D1     		bne	.L5
  68              	.L4:
 212:Drivers/STM32L4xx_HAL_Driver/Src/stm32l4xx_hal_gpio.c ****       {
 213:Drivers/STM32L4xx_HAL_Driver/Src/stm32l4xx_hal_gpio.c ****         /* Check the Alternate function parameters */
 214:Drivers/STM32L4xx_HAL_Driver/Src/stm32l4xx_hal_gpio.c ****         assert_param(IS_GPIO_AF_INSTANCE(GPIOx));
 215:Drivers/STM32L4xx_HAL_Driver/Src/stm32l4xx_hal_gpio.c ****         assert_param(IS_GPIO_AF(GPIO_Init->Alternate));
 216:Drivers/STM32L4xx_HAL_Driver/Src/stm32l4xx_hal_gpio.c ****         
 217:Drivers/STM32L4xx_HAL_Driver/Src/stm32l4xx_hal_gpio.c ****         /* Configure Alternate function mapped with the current IO */
 218:Drivers/STM32L4xx_HAL_Driver/Src/stm32l4xx_hal_gpio.c ****         temp = GPIOx->AFR[position >> 3];
ARM GAS  /tmp/ccH3tlQb.s 			page 6


  69              		.loc 1 218 0 is_stmt 1
  70 001e 4FEAD30E 		lsr	lr, r3, #3
  71 0022 0EF1080E 		add	lr, lr, #8
  72 0026 50F82E70 		ldr	r7, [r0, lr, lsl #2]
  73              	.LVL5:
 219:Drivers/STM32L4xx_HAL_Driver/Src/stm32l4xx_hal_gpio.c ****         temp &= ~((uint32_t)0xF << ((uint32_t)(position & (uint32_t)0x07) * 4)) ;
  74              		.loc 1 219 0
  75 002a 03F00708 		and	r8, r3, #7
  76 002e 4FEA8808 		lsl	r8, r8, #2
  77 0032 0F25     		movs	r5, #15
  78 0034 05FA08F5 		lsl	r5, r5, r8
  79 0038 27EA0506 		bic	r6, r7, r5
  80              	.LVL6:
 220:Drivers/STM32L4xx_HAL_Driver/Src/stm32l4xx_hal_gpio.c ****         temp |= ((uint32_t)(GPIO_Init->Alternate) << (((uint32_t)position & (uint32_t)0x07) * 4));
  81              		.loc 1 220 0
  82 003c 0D69     		ldr	r5, [r1, #16]
  83 003e 05FA08F5 		lsl	r5, r5, r8
  84 0042 3543     		orrs	r5, r5, r6
  85              	.LVL7:
 221:Drivers/STM32L4xx_HAL_Driver/Src/stm32l4xx_hal_gpio.c ****         GPIOx->AFR[position >> 3] = temp;
  86              		.loc 1 221 0
  87 0044 40F82E50 		str	r5, [r0, lr, lsl #2]
  88              	.LVL8:
  89              	.L5:
 222:Drivers/STM32L4xx_HAL_Driver/Src/stm32l4xx_hal_gpio.c ****       }
 223:Drivers/STM32L4xx_HAL_Driver/Src/stm32l4xx_hal_gpio.c **** 
 224:Drivers/STM32L4xx_HAL_Driver/Src/stm32l4xx_hal_gpio.c ****       /* Configure IO Direction mode (Input, Output, Alternate or Analog) */
 225:Drivers/STM32L4xx_HAL_Driver/Src/stm32l4xx_hal_gpio.c ****       temp = GPIOx->MODER;
  90              		.loc 1 225 0
  91 0048 0668     		ldr	r6, [r0]
  92              	.LVL9:
 226:Drivers/STM32L4xx_HAL_Driver/Src/stm32l4xx_hal_gpio.c ****       temp &= ~(GPIO_MODER_MODE0 << (position * 2));
  93              		.loc 1 226 0
  94 004a 4FEA430E 		lsl	lr, r3, #1
  95 004e 0325     		movs	r5, #3
  96 0050 05FA0EF5 		lsl	r5, r5, lr
  97 0054 ED43     		mvns	r5, r5
  98 0056 05EA0607 		and	r7, r5, r6
  99              	.LVL10:
 227:Drivers/STM32L4xx_HAL_Driver/Src/stm32l4xx_hal_gpio.c ****       temp |= ((GPIO_Init->Mode & GPIO_MODE) << (position * 2));
 100              		.loc 1 227 0
 101 005a 4E68     		ldr	r6, [r1, #4]
 102 005c 06F00306 		and	r6, r6, #3
 103 0060 06FA0EF6 		lsl	r6, r6, lr
 104 0064 3E43     		orrs	r6, r6, r7
 105              	.LVL11:
 228:Drivers/STM32L4xx_HAL_Driver/Src/stm32l4xx_hal_gpio.c ****       GPIOx->MODER = temp;
 106              		.loc 1 228 0
 107 0066 0660     		str	r6, [r0]
 229:Drivers/STM32L4xx_HAL_Driver/Src/stm32l4xx_hal_gpio.c **** 
 230:Drivers/STM32L4xx_HAL_Driver/Src/stm32l4xx_hal_gpio.c ****       /* In case of Output or Alternate function mode selection */
 231:Drivers/STM32L4xx_HAL_Driver/Src/stm32l4xx_hal_gpio.c ****       if((GPIO_Init->Mode == GPIO_MODE_OUTPUT_PP) || (GPIO_Init->Mode == GPIO_MODE_AF_PP) ||
 108              		.loc 1 231 0
 109 0068 4E68     		ldr	r6, [r1, #4]
 110              	.LVL12:
 111 006a 771E     		subs	r7, r6, #1
 112 006c 012F     		cmp	r7, #1
ARM GAS  /tmp/ccH3tlQb.s 			page 7


 113 006e 03D9     		bls	.L6
 114              		.loc 1 231 0 is_stmt 0 discriminator 1
 115 0070 112E     		cmp	r6, #17
 116 0072 01D0     		beq	.L6
 232:Drivers/STM32L4xx_HAL_Driver/Src/stm32l4xx_hal_gpio.c ****          (GPIO_Init->Mode == GPIO_MODE_OUTPUT_OD) || (GPIO_Init->Mode == GPIO_MODE_AF_OD))
 117              		.loc 1 232 0 is_stmt 1
 118 0074 122E     		cmp	r6, #18
 119 0076 12D1     		bne	.L7
 120              	.L6:
 233:Drivers/STM32L4xx_HAL_Driver/Src/stm32l4xx_hal_gpio.c ****       {
 234:Drivers/STM32L4xx_HAL_Driver/Src/stm32l4xx_hal_gpio.c ****         /* Check the Speed parameter */
 235:Drivers/STM32L4xx_HAL_Driver/Src/stm32l4xx_hal_gpio.c ****         assert_param(IS_GPIO_SPEED(GPIO_Init->Speed));
 236:Drivers/STM32L4xx_HAL_Driver/Src/stm32l4xx_hal_gpio.c ****         /* Configure the IO Speed */
 237:Drivers/STM32L4xx_HAL_Driver/Src/stm32l4xx_hal_gpio.c ****         temp = GPIOx->OSPEEDR;
 121              		.loc 1 237 0
 122 0078 8668     		ldr	r6, [r0, #8]
 123              	.LVL13:
 238:Drivers/STM32L4xx_HAL_Driver/Src/stm32l4xx_hal_gpio.c ****         temp &= ~(GPIO_OSPEEDR_OSPEED0 << (position * 2));
 124              		.loc 1 238 0
 125 007a 05EA0607 		and	r7, r5, r6
 126              	.LVL14:
 239:Drivers/STM32L4xx_HAL_Driver/Src/stm32l4xx_hal_gpio.c ****         temp |= (GPIO_Init->Speed << (position * 2));
 127              		.loc 1 239 0
 128 007e CE68     		ldr	r6, [r1, #12]
 129 0080 06FA0EF6 		lsl	r6, r6, lr
 130 0084 3E43     		orrs	r6, r6, r7
 131              	.LVL15:
 240:Drivers/STM32L4xx_HAL_Driver/Src/stm32l4xx_hal_gpio.c ****         GPIOx->OSPEEDR = temp;
 132              		.loc 1 240 0
 133 0086 8660     		str	r6, [r0, #8]
 241:Drivers/STM32L4xx_HAL_Driver/Src/stm32l4xx_hal_gpio.c **** 
 242:Drivers/STM32L4xx_HAL_Driver/Src/stm32l4xx_hal_gpio.c ****         /* Configure the IO Output Type */
 243:Drivers/STM32L4xx_HAL_Driver/Src/stm32l4xx_hal_gpio.c ****         temp = GPIOx->OTYPER;
 134              		.loc 1 243 0
 135 0088 4768     		ldr	r7, [r0, #4]
 136              	.LVL16:
 244:Drivers/STM32L4xx_HAL_Driver/Src/stm32l4xx_hal_gpio.c ****         temp &= ~(GPIO_OTYPER_OT0 << position) ;
 137              		.loc 1 244 0
 138 008a 27EA0407 		bic	r7, r7, r4
 139              	.LVL17:
 245:Drivers/STM32L4xx_HAL_Driver/Src/stm32l4xx_hal_gpio.c ****         temp |= (((GPIO_Init->Mode & GPIO_OUTPUT_TYPE) >> 4) << position);
 140              		.loc 1 245 0
 141 008e 4E68     		ldr	r6, [r1, #4]
 142 0090 C6F30014 		ubfx	r4, r6, #4, #1
 143 0094 04FA0CF6 		lsl	r6, r4, ip
 144 0098 46EA0704 		orr	r4, r6, r7
 145              	.LVL18:
 246:Drivers/STM32L4xx_HAL_Driver/Src/stm32l4xx_hal_gpio.c ****         GPIOx->OTYPER = temp;
 146              		.loc 1 246 0
 147 009c 4460     		str	r4, [r0, #4]
 148              	.LVL19:
 149              	.L7:
 247:Drivers/STM32L4xx_HAL_Driver/Src/stm32l4xx_hal_gpio.c ****       }
 248:Drivers/STM32L4xx_HAL_Driver/Src/stm32l4xx_hal_gpio.c **** 
 249:Drivers/STM32L4xx_HAL_Driver/Src/stm32l4xx_hal_gpio.c **** #if defined(STM32L471xx) || defined(STM32L475xx) || defined(STM32L476xx) || defined(STM32L485xx) ||
 250:Drivers/STM32L4xx_HAL_Driver/Src/stm32l4xx_hal_gpio.c **** 
 251:Drivers/STM32L4xx_HAL_Driver/Src/stm32l4xx_hal_gpio.c ****       /* In case of Analog mode, check if ADC control mode is selected */
ARM GAS  /tmp/ccH3tlQb.s 			page 8


 252:Drivers/STM32L4xx_HAL_Driver/Src/stm32l4xx_hal_gpio.c ****       if((GPIO_Init->Mode & GPIO_MODE_ANALOG) == GPIO_MODE_ANALOG)
 253:Drivers/STM32L4xx_HAL_Driver/Src/stm32l4xx_hal_gpio.c ****       {
 254:Drivers/STM32L4xx_HAL_Driver/Src/stm32l4xx_hal_gpio.c ****         /* Configure the IO Output Type */
 255:Drivers/STM32L4xx_HAL_Driver/Src/stm32l4xx_hal_gpio.c ****         temp = GPIOx->ASCR;
 256:Drivers/STM32L4xx_HAL_Driver/Src/stm32l4xx_hal_gpio.c ****         temp &= ~(GPIO_ASCR_ASC0 << position) ;
 257:Drivers/STM32L4xx_HAL_Driver/Src/stm32l4xx_hal_gpio.c ****         temp |= (((GPIO_Init->Mode & ANALOG_MODE) >> 3) << position);
 258:Drivers/STM32L4xx_HAL_Driver/Src/stm32l4xx_hal_gpio.c ****         GPIOx->ASCR = temp;
 259:Drivers/STM32L4xx_HAL_Driver/Src/stm32l4xx_hal_gpio.c ****       }
 260:Drivers/STM32L4xx_HAL_Driver/Src/stm32l4xx_hal_gpio.c **** 
 261:Drivers/STM32L4xx_HAL_Driver/Src/stm32l4xx_hal_gpio.c **** #endif /* STM32L471xx || STM32L475xx || STM32L476xx || STM32L485xx || STM32L486xx */
 262:Drivers/STM32L4xx_HAL_Driver/Src/stm32l4xx_hal_gpio.c **** 
 263:Drivers/STM32L4xx_HAL_Driver/Src/stm32l4xx_hal_gpio.c ****       /* Activate the Pull-up or Pull down resistor for the current IO */
 264:Drivers/STM32L4xx_HAL_Driver/Src/stm32l4xx_hal_gpio.c ****       temp = GPIOx->PUPDR;
 150              		.loc 1 264 0
 151 009e C468     		ldr	r4, [r0, #12]
 152              	.LVL20:
 265:Drivers/STM32L4xx_HAL_Driver/Src/stm32l4xx_hal_gpio.c ****       temp &= ~(GPIO_PUPDR_PUPD0 << (position * 2));
 153              		.loc 1 265 0
 154 00a0 2C40     		ands	r4, r4, r5
 155              	.LVL21:
 266:Drivers/STM32L4xx_HAL_Driver/Src/stm32l4xx_hal_gpio.c ****       temp |= ((GPIO_Init->Pull) << (position * 2));
 156              		.loc 1 266 0
 157 00a2 8D68     		ldr	r5, [r1, #8]
 158 00a4 05FA0EF5 		lsl	r5, r5, lr
 159 00a8 2543     		orrs	r5, r5, r4
 160              	.LVL22:
 267:Drivers/STM32L4xx_HAL_Driver/Src/stm32l4xx_hal_gpio.c ****       GPIOx->PUPDR = temp;
 161              		.loc 1 267 0
 162 00aa C560     		str	r5, [r0, #12]
 268:Drivers/STM32L4xx_HAL_Driver/Src/stm32l4xx_hal_gpio.c **** 
 269:Drivers/STM32L4xx_HAL_Driver/Src/stm32l4xx_hal_gpio.c ****       /*--------------------- EXTI Mode Configuration ------------------------*/
 270:Drivers/STM32L4xx_HAL_Driver/Src/stm32l4xx_hal_gpio.c ****       /* Configure the External Interrupt or event for the current IO */
 271:Drivers/STM32L4xx_HAL_Driver/Src/stm32l4xx_hal_gpio.c ****       if((GPIO_Init->Mode & EXTI_MODE) == EXTI_MODE)
 163              		.loc 1 271 0
 164 00ac 4C68     		ldr	r4, [r1, #4]
 165 00ae 14F0805F 		tst	r4, #268435456
 166 00b2 5CD0     		beq	.L3
 167              	.LBB2:
 272:Drivers/STM32L4xx_HAL_Driver/Src/stm32l4xx_hal_gpio.c ****       {
 273:Drivers/STM32L4xx_HAL_Driver/Src/stm32l4xx_hal_gpio.c ****         /* Enable SYSCFG Clock */
 274:Drivers/STM32L4xx_HAL_Driver/Src/stm32l4xx_hal_gpio.c ****         __HAL_RCC_SYSCFG_CLK_ENABLE();
 168              		.loc 1 274 0
 169 00b4 334C     		ldr	r4, .L20
 170 00b6 256E     		ldr	r5, [r4, #96]
 171              	.LVL23:
 172 00b8 45F00105 		orr	r5, r5, #1
 173 00bc 2566     		str	r5, [r4, #96]
 174              	.LVL24:
 175 00be 246E     		ldr	r4, [r4, #96]
 176 00c0 04F00104 		and	r4, r4, #1
 177 00c4 0194     		str	r4, [sp, #4]
 178 00c6 019C     		ldr	r4, [sp, #4]
 179              	.LBE2:
 275:Drivers/STM32L4xx_HAL_Driver/Src/stm32l4xx_hal_gpio.c **** 
 276:Drivers/STM32L4xx_HAL_Driver/Src/stm32l4xx_hal_gpio.c ****         temp = SYSCFG->EXTICR[position >> 2];
 180              		.loc 1 276 0
 181 00c8 9F08     		lsrs	r7, r3, #2
ARM GAS  /tmp/ccH3tlQb.s 			page 9


 182 00ca BD1C     		adds	r5, r7, #2
 183 00cc 2E4C     		ldr	r4, .L20+4
 184 00ce 54F82560 		ldr	r6, [r4, r5, lsl #2]
 185              	.LVL25:
 277:Drivers/STM32L4xx_HAL_Driver/Src/stm32l4xx_hal_gpio.c ****         temp &= ~(((uint32_t)0x0F) << (4 * (position & 0x03)));
 186              		.loc 1 277 0
 187 00d2 03F0030E 		and	lr, r3, #3
 188 00d6 4FEA8E0E 		lsl	lr, lr, #2
 189 00da 0F24     		movs	r4, #15
 190 00dc 04FA0EF4 		lsl	r4, r4, lr
 191 00e0 26EA0405 		bic	r5, r6, r4
 192              	.LVL26:
 278:Drivers/STM32L4xx_HAL_Driver/Src/stm32l4xx_hal_gpio.c ****         temp |= (GPIO_GET_INDEX(GPIOx) << (4 * (position & 0x03)));
 193              		.loc 1 278 0
 194 00e4 B0F1904F 		cmp	r0, #1207959552
 195 00e8 0CD0     		beq	.L16
 196              		.loc 1 278 0 is_stmt 0 discriminator 1
 197 00ea 284C     		ldr	r4, .L20+8
 198 00ec A042     		cmp	r0, r4
 199 00ee 07D0     		beq	.L17
 200              		.loc 1 278 0 discriminator 3
 201 00f0 04F58064 		add	r4, r4, #1024
 202 00f4 A042     		cmp	r0, r4
 203 00f6 01D1     		bne	.L18
 204              		.loc 1 278 0
 205 00f8 0224     		movs	r4, #2
 206 00fa 04E0     		b	.L8
 207              	.L18:
 208 00fc 0724     		movs	r4, #7
 209 00fe 02E0     		b	.L8
 210              	.L17:
 211 0100 0124     		movs	r4, #1
 212 0102 00E0     		b	.L8
 213              	.L16:
 214 0104 0024     		movs	r4, #0
 215              	.L8:
 216              		.loc 1 278 0 discriminator 12
 217 0106 04FA0EF4 		lsl	r4, r4, lr
 218 010a 2C43     		orrs	r4, r4, r5
 219              	.LVL27:
 279:Drivers/STM32L4xx_HAL_Driver/Src/stm32l4xx_hal_gpio.c ****         SYSCFG->EXTICR[position >> 2] = temp;
 220              		.loc 1 279 0 is_stmt 1 discriminator 12
 221 010c 0237     		adds	r7, r7, #2
 222 010e 1E4D     		ldr	r5, .L20+4
 223 0110 45F82740 		str	r4, [r5, r7, lsl #2]
 280:Drivers/STM32L4xx_HAL_Driver/Src/stm32l4xx_hal_gpio.c **** 
 281:Drivers/STM32L4xx_HAL_Driver/Src/stm32l4xx_hal_gpio.c ****         /* Clear EXTI line configuration */
 282:Drivers/STM32L4xx_HAL_Driver/Src/stm32l4xx_hal_gpio.c ****         temp = EXTI->IMR1;
 224              		.loc 1 282 0 discriminator 12
 225 0114 1E4C     		ldr	r4, .L20+12
 226              	.LVL28:
 227 0116 2568     		ldr	r5, [r4]
 228              	.LVL29:
 283:Drivers/STM32L4xx_HAL_Driver/Src/stm32l4xx_hal_gpio.c ****         temp &= ~((uint32_t)iocurrent);
 229              		.loc 1 283 0 discriminator 12
 230 0118 D443     		mvns	r4, r2
 231 011a 04EA0506 		and	r6, r4, r5
ARM GAS  /tmp/ccH3tlQb.s 			page 10


 232              	.LVL30:
 284:Drivers/STM32L4xx_HAL_Driver/Src/stm32l4xx_hal_gpio.c ****         if((GPIO_Init->Mode & GPIO_MODE_IT) == GPIO_MODE_IT)
 233              		.loc 1 284 0 discriminator 12
 234 011e 4F68     		ldr	r7, [r1, #4]
 235 0120 17F4803F 		tst	r7, #65536
 236 0124 01D0     		beq	.L11
 285:Drivers/STM32L4xx_HAL_Driver/Src/stm32l4xx_hal_gpio.c ****         {
 286:Drivers/STM32L4xx_HAL_Driver/Src/stm32l4xx_hal_gpio.c ****           temp |= iocurrent;
 237              		.loc 1 286 0
 238 0126 42EA0506 		orr	r6, r2, r5
 239              	.LVL31:
 240              	.L11:
 287:Drivers/STM32L4xx_HAL_Driver/Src/stm32l4xx_hal_gpio.c ****         }
 288:Drivers/STM32L4xx_HAL_Driver/Src/stm32l4xx_hal_gpio.c ****         EXTI->IMR1 = temp;
 241              		.loc 1 288 0
 242 012a 194D     		ldr	r5, .L20+12
 243 012c 2E60     		str	r6, [r5]
 289:Drivers/STM32L4xx_HAL_Driver/Src/stm32l4xx_hal_gpio.c **** 
 290:Drivers/STM32L4xx_HAL_Driver/Src/stm32l4xx_hal_gpio.c ****         temp = EXTI->EMR1;
 244              		.loc 1 290 0
 245 012e 6D68     		ldr	r5, [r5, #4]
 246              	.LVL32:
 291:Drivers/STM32L4xx_HAL_Driver/Src/stm32l4xx_hal_gpio.c ****         temp &= ~((uint32_t)iocurrent);
 247              		.loc 1 291 0
 248 0130 04EA0506 		and	r6, r4, r5
 249              	.LVL33:
 292:Drivers/STM32L4xx_HAL_Driver/Src/stm32l4xx_hal_gpio.c ****         if((GPIO_Init->Mode & GPIO_MODE_EVT) == GPIO_MODE_EVT)
 250              		.loc 1 292 0
 251 0134 4F68     		ldr	r7, [r1, #4]
 252 0136 17F4003F 		tst	r7, #131072
 253 013a 01D0     		beq	.L12
 293:Drivers/STM32L4xx_HAL_Driver/Src/stm32l4xx_hal_gpio.c ****         {
 294:Drivers/STM32L4xx_HAL_Driver/Src/stm32l4xx_hal_gpio.c ****           temp |= iocurrent;
 254              		.loc 1 294 0
 255 013c 42EA0506 		orr	r6, r2, r5
 256              	.LVL34:
 257              	.L12:
 295:Drivers/STM32L4xx_HAL_Driver/Src/stm32l4xx_hal_gpio.c ****         }
 296:Drivers/STM32L4xx_HAL_Driver/Src/stm32l4xx_hal_gpio.c ****         EXTI->EMR1 = temp;
 258              		.loc 1 296 0
 259 0140 134D     		ldr	r5, .L20+12
 260 0142 6E60     		str	r6, [r5, #4]
 297:Drivers/STM32L4xx_HAL_Driver/Src/stm32l4xx_hal_gpio.c **** 
 298:Drivers/STM32L4xx_HAL_Driver/Src/stm32l4xx_hal_gpio.c ****         /* Clear Rising Falling edge configuration */
 299:Drivers/STM32L4xx_HAL_Driver/Src/stm32l4xx_hal_gpio.c ****         temp = EXTI->RTSR1;
 261              		.loc 1 299 0
 262 0144 AD68     		ldr	r5, [r5, #8]
 263              	.LVL35:
 300:Drivers/STM32L4xx_HAL_Driver/Src/stm32l4xx_hal_gpio.c ****         temp &= ~((uint32_t)iocurrent);
 264              		.loc 1 300 0
 265 0146 04EA0506 		and	r6, r4, r5
 266              	.LVL36:
 301:Drivers/STM32L4xx_HAL_Driver/Src/stm32l4xx_hal_gpio.c ****         if((GPIO_Init->Mode & RISING_EDGE) == RISING_EDGE)
 267              		.loc 1 301 0
 268 014a 4F68     		ldr	r7, [r1, #4]
 269 014c 17F4801F 		tst	r7, #1048576
 270 0150 01D0     		beq	.L13
ARM GAS  /tmp/ccH3tlQb.s 			page 11


 302:Drivers/STM32L4xx_HAL_Driver/Src/stm32l4xx_hal_gpio.c ****         {
 303:Drivers/STM32L4xx_HAL_Driver/Src/stm32l4xx_hal_gpio.c ****           temp |= iocurrent;
 271              		.loc 1 303 0
 272 0152 42EA0506 		orr	r6, r2, r5
 273              	.LVL37:
 274              	.L13:
 304:Drivers/STM32L4xx_HAL_Driver/Src/stm32l4xx_hal_gpio.c ****         }
 305:Drivers/STM32L4xx_HAL_Driver/Src/stm32l4xx_hal_gpio.c ****         EXTI->RTSR1 = temp;
 275              		.loc 1 305 0
 276 0156 0E4D     		ldr	r5, .L20+12
 277 0158 AE60     		str	r6, [r5, #8]
 306:Drivers/STM32L4xx_HAL_Driver/Src/stm32l4xx_hal_gpio.c **** 
 307:Drivers/STM32L4xx_HAL_Driver/Src/stm32l4xx_hal_gpio.c ****         temp = EXTI->FTSR1;
 278              		.loc 1 307 0
 279 015a ED68     		ldr	r5, [r5, #12]
 280              	.LVL38:
 308:Drivers/STM32L4xx_HAL_Driver/Src/stm32l4xx_hal_gpio.c ****         temp &= ~((uint32_t)iocurrent);
 281              		.loc 1 308 0
 282 015c 2C40     		ands	r4, r4, r5
 283              	.LVL39:
 309:Drivers/STM32L4xx_HAL_Driver/Src/stm32l4xx_hal_gpio.c ****         if((GPIO_Init->Mode & FALLING_EDGE) == FALLING_EDGE)
 284              		.loc 1 309 0
 285 015e 4E68     		ldr	r6, [r1, #4]
 286 0160 16F4001F 		tst	r6, #2097152
 287 0164 01D0     		beq	.L14
 310:Drivers/STM32L4xx_HAL_Driver/Src/stm32l4xx_hal_gpio.c ****         {
 311:Drivers/STM32L4xx_HAL_Driver/Src/stm32l4xx_hal_gpio.c ****           temp |= iocurrent;
 288              		.loc 1 311 0
 289 0166 42EA0504 		orr	r4, r2, r5
 290              	.LVL40:
 291              	.L14:
 312:Drivers/STM32L4xx_HAL_Driver/Src/stm32l4xx_hal_gpio.c ****         }
 313:Drivers/STM32L4xx_HAL_Driver/Src/stm32l4xx_hal_gpio.c ****         EXTI->FTSR1 = temp;
 292              		.loc 1 313 0
 293 016a 094A     		ldr	r2, .L20+12
 294              	.LVL41:
 295 016c D460     		str	r4, [r2, #12]
 296              	.LVL42:
 297              	.L3:
 314:Drivers/STM32L4xx_HAL_Driver/Src/stm32l4xx_hal_gpio.c ****       }
 315:Drivers/STM32L4xx_HAL_Driver/Src/stm32l4xx_hal_gpio.c ****     }
 316:Drivers/STM32L4xx_HAL_Driver/Src/stm32l4xx_hal_gpio.c ****     
 317:Drivers/STM32L4xx_HAL_Driver/Src/stm32l4xx_hal_gpio.c ****     position++;
 298              		.loc 1 317 0
 299 016e 0133     		adds	r3, r3, #1
 300              	.LVL43:
 301              	.L2:
 202:Drivers/STM32L4xx_HAL_Driver/Src/stm32l4xx_hal_gpio.c ****   {
 302              		.loc 1 202 0
 303 0170 0A68     		ldr	r2, [r1]
 304 0172 9C46     		mov	ip, r3
 305 0174 32FA03F4 		lsrs	r4, r2, r3
 306 0178 7FF447AF 		bne	.L15
 318:Drivers/STM32L4xx_HAL_Driver/Src/stm32l4xx_hal_gpio.c ****   }
 319:Drivers/STM32L4xx_HAL_Driver/Src/stm32l4xx_hal_gpio.c **** }
 307              		.loc 1 319 0
 308 017c 02B0     		add	sp, sp, #8
ARM GAS  /tmp/ccH3tlQb.s 			page 12


 309              	.LCFI2:
 310              		.cfi_def_cfa_offset 24
 311              		@ sp needed
 312 017e BDE8F081 		pop	{r4, r5, r6, r7, r8, pc}
 313              	.L21:
 314 0182 00BF     		.align	2
 315              	.L20:
 316 0184 00100240 		.word	1073876992
 317 0188 00000140 		.word	1073807360
 318 018c 00040048 		.word	1207960576
 319 0190 00040140 		.word	1073808384
 320              		.cfi_endproc
 321              	.LFE125:
 323              		.section	.text.HAL_GPIO_DeInit,"ax",%progbits
 324              		.align	2
 325              		.global	HAL_GPIO_DeInit
 326              		.thumb
 327              		.thumb_func
 329              	HAL_GPIO_DeInit:
 330              	.LFB126:
 320:Drivers/STM32L4xx_HAL_Driver/Src/stm32l4xx_hal_gpio.c **** 
 321:Drivers/STM32L4xx_HAL_Driver/Src/stm32l4xx_hal_gpio.c **** /**
 322:Drivers/STM32L4xx_HAL_Driver/Src/stm32l4xx_hal_gpio.c ****   * @brief  De-initialize the GPIOx peripheral registers to their default reset values.
 323:Drivers/STM32L4xx_HAL_Driver/Src/stm32l4xx_hal_gpio.c ****   * @param  GPIOx: where x can be (A..H) to select the GPIO peripheral for STM32L4 family
 324:Drivers/STM32L4xx_HAL_Driver/Src/stm32l4xx_hal_gpio.c ****   * @param  GPIO_Pin: specifies the port bit to be written.
 325:Drivers/STM32L4xx_HAL_Driver/Src/stm32l4xx_hal_gpio.c ****   *         This parameter can be one of GPIO_PIN_x where x can be (0..15).
 326:Drivers/STM32L4xx_HAL_Driver/Src/stm32l4xx_hal_gpio.c ****   * @retval None
 327:Drivers/STM32L4xx_HAL_Driver/Src/stm32l4xx_hal_gpio.c ****   */
 328:Drivers/STM32L4xx_HAL_Driver/Src/stm32l4xx_hal_gpio.c **** void HAL_GPIO_DeInit(GPIO_TypeDef  *GPIOx, uint32_t GPIO_Pin)
 329:Drivers/STM32L4xx_HAL_Driver/Src/stm32l4xx_hal_gpio.c **** {
 331              		.loc 1 329 0
 332              		.cfi_startproc
 333              		@ args = 0, pretend = 0, frame = 0
 334              		@ frame_needed = 0, uses_anonymous_args = 0
 335              	.LVL44:
 336 0000 F0B5     		push	{r4, r5, r6, r7, lr}
 337              	.LCFI3:
 338              		.cfi_def_cfa_offset 20
 339              		.cfi_offset 4, -20
 340              		.cfi_offset 5, -16
 341              		.cfi_offset 6, -12
 342              		.cfi_offset 7, -8
 343              		.cfi_offset 14, -4
 344              	.LVL45:
 330:Drivers/STM32L4xx_HAL_Driver/Src/stm32l4xx_hal_gpio.c ****   uint32_t position = 0x00;
 345              		.loc 1 330 0
 346 0002 0023     		movs	r3, #0
 331:Drivers/STM32L4xx_HAL_Driver/Src/stm32l4xx_hal_gpio.c ****   uint32_t iocurrent = 0x00;
 332:Drivers/STM32L4xx_HAL_Driver/Src/stm32l4xx_hal_gpio.c ****   uint32_t tmp = 0x00;
 333:Drivers/STM32L4xx_HAL_Driver/Src/stm32l4xx_hal_gpio.c **** 
 334:Drivers/STM32L4xx_HAL_Driver/Src/stm32l4xx_hal_gpio.c ****   /* Check the parameters */
 335:Drivers/STM32L4xx_HAL_Driver/Src/stm32l4xx_hal_gpio.c ****   assert_param(IS_GPIO_ALL_INSTANCE(GPIOx));
 336:Drivers/STM32L4xx_HAL_Driver/Src/stm32l4xx_hal_gpio.c ****   assert_param(IS_GPIO_PIN(GPIO_Pin));
 337:Drivers/STM32L4xx_HAL_Driver/Src/stm32l4xx_hal_gpio.c **** 
 338:Drivers/STM32L4xx_HAL_Driver/Src/stm32l4xx_hal_gpio.c ****   /* Configure the port pins */
 339:Drivers/STM32L4xx_HAL_Driver/Src/stm32l4xx_hal_gpio.c ****   while ((GPIO_Pin >> position) != RESET)
 347              		.loc 1 339 0
ARM GAS  /tmp/ccH3tlQb.s 			page 13


 348 0004 5DE0     		b	.L23
 349              	.LVL46:
 350              	.L28:
 340:Drivers/STM32L4xx_HAL_Driver/Src/stm32l4xx_hal_gpio.c ****   {
 341:Drivers/STM32L4xx_HAL_Driver/Src/stm32l4xx_hal_gpio.c ****     /* Get current io position */
 342:Drivers/STM32L4xx_HAL_Driver/Src/stm32l4xx_hal_gpio.c ****     iocurrent = (GPIO_Pin) & (1U << position);
 351              		.loc 1 342 0
 352 0006 0122     		movs	r2, #1
 353 0008 9A40     		lsls	r2, r2, r3
 354              	.LVL47:
 343:Drivers/STM32L4xx_HAL_Driver/Src/stm32l4xx_hal_gpio.c **** 
 344:Drivers/STM32L4xx_HAL_Driver/Src/stm32l4xx_hal_gpio.c ****     if (iocurrent)
 355              		.loc 1 344 0
 356 000a 12EA0107 		ands	r7, r2, r1
 357              	.LVL48:
 358 000e 57D0     		beq	.L24
 345:Drivers/STM32L4xx_HAL_Driver/Src/stm32l4xx_hal_gpio.c ****     {
 346:Drivers/STM32L4xx_HAL_Driver/Src/stm32l4xx_hal_gpio.c ****       /*------------------------- GPIO Mode Configuration --------------------*/
 347:Drivers/STM32L4xx_HAL_Driver/Src/stm32l4xx_hal_gpio.c ****       /* Configure IO in Analog Mode */
 348:Drivers/STM32L4xx_HAL_Driver/Src/stm32l4xx_hal_gpio.c ****       GPIOx->MODER |= (GPIO_MODER_MODE0 << (position * 2));
 359              		.loc 1 348 0
 360 0010 0568     		ldr	r5, [r0]
 361 0012 5E00     		lsls	r6, r3, #1
 362 0014 0324     		movs	r4, #3
 363 0016 B440     		lsls	r4, r4, r6
 364 0018 2543     		orrs	r5, r5, r4
 365 001a 0560     		str	r5, [r0]
 349:Drivers/STM32L4xx_HAL_Driver/Src/stm32l4xx_hal_gpio.c **** 
 350:Drivers/STM32L4xx_HAL_Driver/Src/stm32l4xx_hal_gpio.c ****       /* Configure the default Alternate Function in current IO */
 351:Drivers/STM32L4xx_HAL_Driver/Src/stm32l4xx_hal_gpio.c ****       GPIOx->AFR[position >> 3] &= ~((uint32_t)0xF << ((uint32_t)(position & (uint32_t)0x07) * 4)) 
 366              		.loc 1 351 0
 367 001c DE08     		lsrs	r6, r3, #3
 368 001e 0836     		adds	r6, r6, #8
 369 0020 50F826E0 		ldr	lr, [r0, r6, lsl #2]
 370 0024 03F0070C 		and	ip, r3, #7
 371 0028 4FEA8C0C 		lsl	ip, ip, #2
 372 002c 0F25     		movs	r5, #15
 373 002e 05FA0CFC 		lsl	ip, r5, ip
 374 0032 2EEA0C0E 		bic	lr, lr, ip
 375 0036 40F826E0 		str	lr, [r0, r6, lsl #2]
 352:Drivers/STM32L4xx_HAL_Driver/Src/stm32l4xx_hal_gpio.c **** 
 353:Drivers/STM32L4xx_HAL_Driver/Src/stm32l4xx_hal_gpio.c ****       /* Configure the default value for IO Speed */
 354:Drivers/STM32L4xx_HAL_Driver/Src/stm32l4xx_hal_gpio.c ****       GPIOx->OSPEEDR &= ~(GPIO_OSPEEDR_OSPEED0 << (position * 2));
 376              		.loc 1 354 0
 377 003a 8668     		ldr	r6, [r0, #8]
 378 003c E443     		mvns	r4, r4
 379 003e 2640     		ands	r6, r6, r4
 380 0040 8660     		str	r6, [r0, #8]
 355:Drivers/STM32L4xx_HAL_Driver/Src/stm32l4xx_hal_gpio.c **** 
 356:Drivers/STM32L4xx_HAL_Driver/Src/stm32l4xx_hal_gpio.c ****       /* Configure the default value IO Output Type */
 357:Drivers/STM32L4xx_HAL_Driver/Src/stm32l4xx_hal_gpio.c ****       GPIOx->OTYPER  &= ~(GPIO_OTYPER_OT0 << position) ;
 381              		.loc 1 357 0
 382 0042 4668     		ldr	r6, [r0, #4]
 383 0044 26EA0202 		bic	r2, r6, r2
 384 0048 4260     		str	r2, [r0, #4]
 358:Drivers/STM32L4xx_HAL_Driver/Src/stm32l4xx_hal_gpio.c **** 
 359:Drivers/STM32L4xx_HAL_Driver/Src/stm32l4xx_hal_gpio.c ****       /* Deactivate the Pull-up and Pull-down resistor for the current IO */
ARM GAS  /tmp/ccH3tlQb.s 			page 14


 360:Drivers/STM32L4xx_HAL_Driver/Src/stm32l4xx_hal_gpio.c ****       GPIOx->PUPDR &= ~(GPIO_PUPDR_PUPD0 << (position * 2));
 385              		.loc 1 360 0
 386 004a C268     		ldr	r2, [r0, #12]
 387 004c 1440     		ands	r4, r4, r2
 388 004e C460     		str	r4, [r0, #12]
 361:Drivers/STM32L4xx_HAL_Driver/Src/stm32l4xx_hal_gpio.c **** 
 362:Drivers/STM32L4xx_HAL_Driver/Src/stm32l4xx_hal_gpio.c **** #if defined(STM32L471xx) || defined(STM32L475xx) || defined(STM32L476xx) || defined(STM32L485xx) ||
 363:Drivers/STM32L4xx_HAL_Driver/Src/stm32l4xx_hal_gpio.c **** 
 364:Drivers/STM32L4xx_HAL_Driver/Src/stm32l4xx_hal_gpio.c ****       /* Deactivate the Control bit of Analog mode for the current IO */
 365:Drivers/STM32L4xx_HAL_Driver/Src/stm32l4xx_hal_gpio.c ****       GPIOx->ASCR &= ~(GPIO_ASCR_ASC0<< position);
 366:Drivers/STM32L4xx_HAL_Driver/Src/stm32l4xx_hal_gpio.c **** 
 367:Drivers/STM32L4xx_HAL_Driver/Src/stm32l4xx_hal_gpio.c **** #endif /* STM32L471xx || STM32L475xx || STM32L476xx || STM32L485xx || STM32L486xx */
 368:Drivers/STM32L4xx_HAL_Driver/Src/stm32l4xx_hal_gpio.c **** 
 369:Drivers/STM32L4xx_HAL_Driver/Src/stm32l4xx_hal_gpio.c ****       /*------------------------- EXTI Mode Configuration --------------------*/
 370:Drivers/STM32L4xx_HAL_Driver/Src/stm32l4xx_hal_gpio.c ****       /* Clear the External Interrupt or Event for the current IO */
 371:Drivers/STM32L4xx_HAL_Driver/Src/stm32l4xx_hal_gpio.c ****       
 372:Drivers/STM32L4xx_HAL_Driver/Src/stm32l4xx_hal_gpio.c ****       tmp = SYSCFG->EXTICR[position >> 2];
 389              		.loc 1 372 0
 390 0050 4FEA930E 		lsr	lr, r3, #2
 391 0054 0EF10204 		add	r4, lr, #2
 392 0058 1C4A     		ldr	r2, .L33
 393 005a 52F82440 		ldr	r4, [r2, r4, lsl #2]
 394              	.LVL49:
 373:Drivers/STM32L4xx_HAL_Driver/Src/stm32l4xx_hal_gpio.c ****       tmp &= (((uint32_t)0x0F) << (4 * (position & 0x03)));
 395              		.loc 1 373 0
 396 005e 03F00302 		and	r2, r3, #3
 397 0062 9200     		lsls	r2, r2, #2
 398 0064 9540     		lsls	r5, r5, r2
 399 0066 2C40     		ands	r4, r4, r5
 400              	.LVL50:
 374:Drivers/STM32L4xx_HAL_Driver/Src/stm32l4xx_hal_gpio.c ****       if(tmp == (GPIO_GET_INDEX(GPIOx) << (4 * (position & 0x03))))
 401              		.loc 1 374 0
 402 0068 B0F1904F 		cmp	r0, #1207959552
 403 006c 0CD0     		beq	.L29
 404              		.loc 1 374 0 is_stmt 0 discriminator 1
 405 006e 184E     		ldr	r6, .L33+4
 406 0070 B042     		cmp	r0, r6
 407 0072 07D0     		beq	.L30
 408              		.loc 1 374 0 discriminator 3
 409 0074 06F58066 		add	r6, r6, #1024
 410 0078 B042     		cmp	r0, r6
 411 007a 01D1     		bne	.L31
 412              		.loc 1 374 0
 413 007c 0226     		movs	r6, #2
 414 007e 04E0     		b	.L25
 415              	.L31:
 416 0080 0726     		movs	r6, #7
 417 0082 02E0     		b	.L25
 418              	.L30:
 419 0084 0126     		movs	r6, #1
 420 0086 00E0     		b	.L25
 421              	.L29:
 422 0088 0026     		movs	r6, #0
 423              	.L25:
 424              		.loc 1 374 0 discriminator 12
 425 008a 06FA02F2 		lsl	r2, r6, r2
 426 008e A242     		cmp	r2, r4
ARM GAS  /tmp/ccH3tlQb.s 			page 15


 427 0090 16D1     		bne	.L24
 428              	.LVL51:
 375:Drivers/STM32L4xx_HAL_Driver/Src/stm32l4xx_hal_gpio.c ****       {
 376:Drivers/STM32L4xx_HAL_Driver/Src/stm32l4xx_hal_gpio.c ****         tmp = ((uint32_t)0x0F) << (4 * (position & 0x03));
 377:Drivers/STM32L4xx_HAL_Driver/Src/stm32l4xx_hal_gpio.c ****         SYSCFG->EXTICR[position >> 2] &= ~tmp;
 429              		.loc 1 377 0 is_stmt 1
 430 0092 0E4C     		ldr	r4, .L33
 431 0094 0EF1020E 		add	lr, lr, #2
 432 0098 54F82E20 		ldr	r2, [r4, lr, lsl #2]
 433 009c 22EA0505 		bic	r5, r2, r5
 434              	.LVL52:
 435 00a0 44F82E50 		str	r5, [r4, lr, lsl #2]
 378:Drivers/STM32L4xx_HAL_Driver/Src/stm32l4xx_hal_gpio.c **** 
 379:Drivers/STM32L4xx_HAL_Driver/Src/stm32l4xx_hal_gpio.c ****         /* Clear EXTI line configuration */
 380:Drivers/STM32L4xx_HAL_Driver/Src/stm32l4xx_hal_gpio.c ****         EXTI->IMR1 &= ~((uint32_t)iocurrent);
 436              		.loc 1 380 0
 437 00a4 0B4A     		ldr	r2, .L33+8
 438 00a6 1468     		ldr	r4, [r2]
 439 00a8 FF43     		mvns	r7, r7
 440              	.LVL53:
 441 00aa 3C40     		ands	r4, r4, r7
 442 00ac 1460     		str	r4, [r2]
 381:Drivers/STM32L4xx_HAL_Driver/Src/stm32l4xx_hal_gpio.c ****         EXTI->EMR1 &= ~((uint32_t)iocurrent);
 443              		.loc 1 381 0
 444 00ae 5468     		ldr	r4, [r2, #4]
 445 00b0 3C40     		ands	r4, r4, r7
 446 00b2 5460     		str	r4, [r2, #4]
 382:Drivers/STM32L4xx_HAL_Driver/Src/stm32l4xx_hal_gpio.c **** 
 383:Drivers/STM32L4xx_HAL_Driver/Src/stm32l4xx_hal_gpio.c ****         /* Clear Rising Falling edge configuration */
 384:Drivers/STM32L4xx_HAL_Driver/Src/stm32l4xx_hal_gpio.c ****         EXTI->RTSR1 &= ~((uint32_t)iocurrent);
 447              		.loc 1 384 0
 448 00b4 9468     		ldr	r4, [r2, #8]
 449 00b6 3C40     		ands	r4, r4, r7
 450 00b8 9460     		str	r4, [r2, #8]
 385:Drivers/STM32L4xx_HAL_Driver/Src/stm32l4xx_hal_gpio.c ****         EXTI->FTSR1 &= ~((uint32_t)iocurrent);
 451              		.loc 1 385 0
 452 00ba D468     		ldr	r4, [r2, #12]
 453 00bc 2740     		ands	r7, r7, r4
 454              	.LVL54:
 455 00be D760     		str	r7, [r2, #12]
 456              	.LVL55:
 457              	.L24:
 386:Drivers/STM32L4xx_HAL_Driver/Src/stm32l4xx_hal_gpio.c ****       }
 387:Drivers/STM32L4xx_HAL_Driver/Src/stm32l4xx_hal_gpio.c ****     }
 388:Drivers/STM32L4xx_HAL_Driver/Src/stm32l4xx_hal_gpio.c ****     
 389:Drivers/STM32L4xx_HAL_Driver/Src/stm32l4xx_hal_gpio.c ****     position++;
 458              		.loc 1 389 0
 459 00c0 0133     		adds	r3, r3, #1
 460              	.LVL56:
 461              	.L23:
 339:Drivers/STM32L4xx_HAL_Driver/Src/stm32l4xx_hal_gpio.c ****   {
 462              		.loc 1 339 0
 463 00c2 31FA03F2 		lsrs	r2, r1, r3
 464 00c6 9ED1     		bne	.L28
 390:Drivers/STM32L4xx_HAL_Driver/Src/stm32l4xx_hal_gpio.c ****   }
 391:Drivers/STM32L4xx_HAL_Driver/Src/stm32l4xx_hal_gpio.c **** }
 465              		.loc 1 391 0
ARM GAS  /tmp/ccH3tlQb.s 			page 16


 466 00c8 F0BD     		pop	{r4, r5, r6, r7, pc}
 467              	.L34:
 468 00ca 00BF     		.align	2
 469              	.L33:
 470 00cc 00000140 		.word	1073807360
 471 00d0 00040048 		.word	1207960576
 472 00d4 00040140 		.word	1073808384
 473              		.cfi_endproc
 474              	.LFE126:
 476              		.section	.text.HAL_GPIO_ReadPin,"ax",%progbits
 477              		.align	2
 478              		.global	HAL_GPIO_ReadPin
 479              		.thumb
 480              		.thumb_func
 482              	HAL_GPIO_ReadPin:
 483              	.LFB127:
 392:Drivers/STM32L4xx_HAL_Driver/Src/stm32l4xx_hal_gpio.c **** 
 393:Drivers/STM32L4xx_HAL_Driver/Src/stm32l4xx_hal_gpio.c **** /**
 394:Drivers/STM32L4xx_HAL_Driver/Src/stm32l4xx_hal_gpio.c ****   * @}
 395:Drivers/STM32L4xx_HAL_Driver/Src/stm32l4xx_hal_gpio.c ****   */
 396:Drivers/STM32L4xx_HAL_Driver/Src/stm32l4xx_hal_gpio.c **** 
 397:Drivers/STM32L4xx_HAL_Driver/Src/stm32l4xx_hal_gpio.c **** /** @defgroup GPIO_Exported_Functions_Group2 IO operation functions 
 398:Drivers/STM32L4xx_HAL_Driver/Src/stm32l4xx_hal_gpio.c ****  *  @brief GPIO Read, Write, Toggle, Lock and EXTI management functions.
 399:Drivers/STM32L4xx_HAL_Driver/Src/stm32l4xx_hal_gpio.c ****  *
 400:Drivers/STM32L4xx_HAL_Driver/Src/stm32l4xx_hal_gpio.c **** @verbatim
 401:Drivers/STM32L4xx_HAL_Driver/Src/stm32l4xx_hal_gpio.c ****  ===============================================================================
 402:Drivers/STM32L4xx_HAL_Driver/Src/stm32l4xx_hal_gpio.c ****                        ##### IO operation functions #####
 403:Drivers/STM32L4xx_HAL_Driver/Src/stm32l4xx_hal_gpio.c ****  ===============================================================================
 404:Drivers/STM32L4xx_HAL_Driver/Src/stm32l4xx_hal_gpio.c **** 
 405:Drivers/STM32L4xx_HAL_Driver/Src/stm32l4xx_hal_gpio.c **** @endverbatim
 406:Drivers/STM32L4xx_HAL_Driver/Src/stm32l4xx_hal_gpio.c ****   * @{
 407:Drivers/STM32L4xx_HAL_Driver/Src/stm32l4xx_hal_gpio.c ****   */
 408:Drivers/STM32L4xx_HAL_Driver/Src/stm32l4xx_hal_gpio.c **** 
 409:Drivers/STM32L4xx_HAL_Driver/Src/stm32l4xx_hal_gpio.c **** /**
 410:Drivers/STM32L4xx_HAL_Driver/Src/stm32l4xx_hal_gpio.c ****   * @brief  Read the specified input port pin.
 411:Drivers/STM32L4xx_HAL_Driver/Src/stm32l4xx_hal_gpio.c ****   * @param  GPIOx: where x can be (A..H) to select the GPIO peripheral for STM32L4 family
 412:Drivers/STM32L4xx_HAL_Driver/Src/stm32l4xx_hal_gpio.c ****   * @param  GPIO_Pin: specifies the port bit to read.
 413:Drivers/STM32L4xx_HAL_Driver/Src/stm32l4xx_hal_gpio.c ****   *         This parameter can be GPIO_PIN_x where x can be (0..15).
 414:Drivers/STM32L4xx_HAL_Driver/Src/stm32l4xx_hal_gpio.c ****   * @retval The input port pin value.
 415:Drivers/STM32L4xx_HAL_Driver/Src/stm32l4xx_hal_gpio.c ****   */
 416:Drivers/STM32L4xx_HAL_Driver/Src/stm32l4xx_hal_gpio.c **** GPIO_PinState HAL_GPIO_ReadPin(GPIO_TypeDef* GPIOx, uint16_t GPIO_Pin)
 417:Drivers/STM32L4xx_HAL_Driver/Src/stm32l4xx_hal_gpio.c **** {
 484              		.loc 1 417 0
 485              		.cfi_startproc
 486              		@ args = 0, pretend = 0, frame = 0
 487              		@ frame_needed = 0, uses_anonymous_args = 0
 488              		@ link register save eliminated.
 489              	.LVL57:
 418:Drivers/STM32L4xx_HAL_Driver/Src/stm32l4xx_hal_gpio.c ****   GPIO_PinState bitstatus;
 419:Drivers/STM32L4xx_HAL_Driver/Src/stm32l4xx_hal_gpio.c **** 
 420:Drivers/STM32L4xx_HAL_Driver/Src/stm32l4xx_hal_gpio.c ****   /* Check the parameters */
 421:Drivers/STM32L4xx_HAL_Driver/Src/stm32l4xx_hal_gpio.c ****   assert_param(IS_GPIO_PIN(GPIO_Pin));
 422:Drivers/STM32L4xx_HAL_Driver/Src/stm32l4xx_hal_gpio.c **** 
 423:Drivers/STM32L4xx_HAL_Driver/Src/stm32l4xx_hal_gpio.c ****   if((GPIOx->IDR & GPIO_Pin) != (uint32_t)GPIO_PIN_RESET)
 490              		.loc 1 423 0
 491 0000 0369     		ldr	r3, [r0, #16]
 492 0002 0B42     		tst	r3, r1
ARM GAS  /tmp/ccH3tlQb.s 			page 17


 493 0004 01D0     		beq	.L37
 424:Drivers/STM32L4xx_HAL_Driver/Src/stm32l4xx_hal_gpio.c ****   {
 425:Drivers/STM32L4xx_HAL_Driver/Src/stm32l4xx_hal_gpio.c ****     bitstatus = GPIO_PIN_SET;
 494              		.loc 1 425 0
 495 0006 0120     		movs	r0, #1
 496              	.LVL58:
 497 0008 7047     		bx	lr
 498              	.LVL59:
 499              	.L37:
 426:Drivers/STM32L4xx_HAL_Driver/Src/stm32l4xx_hal_gpio.c ****   }
 427:Drivers/STM32L4xx_HAL_Driver/Src/stm32l4xx_hal_gpio.c ****   else
 428:Drivers/STM32L4xx_HAL_Driver/Src/stm32l4xx_hal_gpio.c ****   {
 429:Drivers/STM32L4xx_HAL_Driver/Src/stm32l4xx_hal_gpio.c ****     bitstatus = GPIO_PIN_RESET;
 500              		.loc 1 429 0
 501 000a 0020     		movs	r0, #0
 502              	.LVL60:
 430:Drivers/STM32L4xx_HAL_Driver/Src/stm32l4xx_hal_gpio.c ****   }
 431:Drivers/STM32L4xx_HAL_Driver/Src/stm32l4xx_hal_gpio.c ****   return bitstatus;
 432:Drivers/STM32L4xx_HAL_Driver/Src/stm32l4xx_hal_gpio.c **** }
 503              		.loc 1 432 0
 504 000c 7047     		bx	lr
 505              		.cfi_endproc
 506              	.LFE127:
 508 000e 00BF     		.section	.text.HAL_GPIO_WritePin,"ax",%progbits
 509              		.align	2
 510              		.global	HAL_GPIO_WritePin
 511              		.thumb
 512              		.thumb_func
 514              	HAL_GPIO_WritePin:
 515              	.LFB128:
 433:Drivers/STM32L4xx_HAL_Driver/Src/stm32l4xx_hal_gpio.c **** 
 434:Drivers/STM32L4xx_HAL_Driver/Src/stm32l4xx_hal_gpio.c **** /**
 435:Drivers/STM32L4xx_HAL_Driver/Src/stm32l4xx_hal_gpio.c ****   * @brief  Set or clear the selected data port bit.
 436:Drivers/STM32L4xx_HAL_Driver/Src/stm32l4xx_hal_gpio.c ****   *
 437:Drivers/STM32L4xx_HAL_Driver/Src/stm32l4xx_hal_gpio.c ****   * @note   This function uses GPIOx_BSRR and GPIOx_BRR registers to allow atomic read/modify
 438:Drivers/STM32L4xx_HAL_Driver/Src/stm32l4xx_hal_gpio.c ****   *         accesses. In this way, there is no risk of an IRQ occurring between
 439:Drivers/STM32L4xx_HAL_Driver/Src/stm32l4xx_hal_gpio.c ****   *         the read and the modify access.
 440:Drivers/STM32L4xx_HAL_Driver/Src/stm32l4xx_hal_gpio.c ****   *
 441:Drivers/STM32L4xx_HAL_Driver/Src/stm32l4xx_hal_gpio.c ****   * @param  GPIOx: where x can be (A..H) to select the GPIO peripheral for STM32L4 family
 442:Drivers/STM32L4xx_HAL_Driver/Src/stm32l4xx_hal_gpio.c ****   * @param  GPIO_Pin: specifies the port bit to be written.
 443:Drivers/STM32L4xx_HAL_Driver/Src/stm32l4xx_hal_gpio.c ****   *         This parameter can be one of GPIO_PIN_x where x can be (0..15).
 444:Drivers/STM32L4xx_HAL_Driver/Src/stm32l4xx_hal_gpio.c ****   * @param  PinState: specifies the value to be written to the selected bit.
 445:Drivers/STM32L4xx_HAL_Driver/Src/stm32l4xx_hal_gpio.c ****   *         This parameter can be one of the GPIO_PinState enum values:
 446:Drivers/STM32L4xx_HAL_Driver/Src/stm32l4xx_hal_gpio.c ****   *            @arg GPIO_PIN_RESET: to clear the port pin
 447:Drivers/STM32L4xx_HAL_Driver/Src/stm32l4xx_hal_gpio.c ****   *            @arg GPIO_PIN_SET: to set the port pin
 448:Drivers/STM32L4xx_HAL_Driver/Src/stm32l4xx_hal_gpio.c ****   * @retval None
 449:Drivers/STM32L4xx_HAL_Driver/Src/stm32l4xx_hal_gpio.c ****   */
 450:Drivers/STM32L4xx_HAL_Driver/Src/stm32l4xx_hal_gpio.c **** void HAL_GPIO_WritePin(GPIO_TypeDef* GPIOx, uint16_t GPIO_Pin, GPIO_PinState PinState)
 451:Drivers/STM32L4xx_HAL_Driver/Src/stm32l4xx_hal_gpio.c **** {
 516              		.loc 1 451 0
 517              		.cfi_startproc
 518              		@ args = 0, pretend = 0, frame = 0
 519              		@ frame_needed = 0, uses_anonymous_args = 0
 520              		@ link register save eliminated.
 521              	.LVL61:
 452:Drivers/STM32L4xx_HAL_Driver/Src/stm32l4xx_hal_gpio.c ****   /* Check the parameters */
 453:Drivers/STM32L4xx_HAL_Driver/Src/stm32l4xx_hal_gpio.c ****   assert_param(IS_GPIO_PIN(GPIO_Pin));
ARM GAS  /tmp/ccH3tlQb.s 			page 18


 454:Drivers/STM32L4xx_HAL_Driver/Src/stm32l4xx_hal_gpio.c ****   assert_param(IS_GPIO_PIN_ACTION(PinState));
 455:Drivers/STM32L4xx_HAL_Driver/Src/stm32l4xx_hal_gpio.c **** 
 456:Drivers/STM32L4xx_HAL_Driver/Src/stm32l4xx_hal_gpio.c ****   if(PinState != GPIO_PIN_RESET)
 522              		.loc 1 456 0
 523 0000 0AB1     		cbz	r2, .L39
 457:Drivers/STM32L4xx_HAL_Driver/Src/stm32l4xx_hal_gpio.c ****   {
 458:Drivers/STM32L4xx_HAL_Driver/Src/stm32l4xx_hal_gpio.c ****     GPIOx->BSRR = (uint32_t)GPIO_Pin;
 524              		.loc 1 458 0
 525 0002 8161     		str	r1, [r0, #24]
 526 0004 7047     		bx	lr
 527              	.L39:
 459:Drivers/STM32L4xx_HAL_Driver/Src/stm32l4xx_hal_gpio.c ****   }
 460:Drivers/STM32L4xx_HAL_Driver/Src/stm32l4xx_hal_gpio.c ****   else
 461:Drivers/STM32L4xx_HAL_Driver/Src/stm32l4xx_hal_gpio.c ****   {
 462:Drivers/STM32L4xx_HAL_Driver/Src/stm32l4xx_hal_gpio.c ****     GPIOx->BRR = (uint32_t)GPIO_Pin;
 528              		.loc 1 462 0
 529 0006 8162     		str	r1, [r0, #40]
 530 0008 7047     		bx	lr
 531              		.cfi_endproc
 532              	.LFE128:
 534 000a 00BF     		.section	.text.HAL_GPIO_TogglePin,"ax",%progbits
 535              		.align	2
 536              		.global	HAL_GPIO_TogglePin
 537              		.thumb
 538              		.thumb_func
 540              	HAL_GPIO_TogglePin:
 541              	.LFB129:
 463:Drivers/STM32L4xx_HAL_Driver/Src/stm32l4xx_hal_gpio.c ****   }
 464:Drivers/STM32L4xx_HAL_Driver/Src/stm32l4xx_hal_gpio.c **** }
 465:Drivers/STM32L4xx_HAL_Driver/Src/stm32l4xx_hal_gpio.c **** 
 466:Drivers/STM32L4xx_HAL_Driver/Src/stm32l4xx_hal_gpio.c **** /**
 467:Drivers/STM32L4xx_HAL_Driver/Src/stm32l4xx_hal_gpio.c ****   * @brief  Toggle the specified GPIO pin.
 468:Drivers/STM32L4xx_HAL_Driver/Src/stm32l4xx_hal_gpio.c ****   * @param  GPIOx: where x can be (A..H) to select the GPIO peripheral for STM32L4 family
 469:Drivers/STM32L4xx_HAL_Driver/Src/stm32l4xx_hal_gpio.c ****   * @param  GPIO_Pin: specifies the pin to be toggled.
 470:Drivers/STM32L4xx_HAL_Driver/Src/stm32l4xx_hal_gpio.c ****   * @retval None
 471:Drivers/STM32L4xx_HAL_Driver/Src/stm32l4xx_hal_gpio.c ****   */
 472:Drivers/STM32L4xx_HAL_Driver/Src/stm32l4xx_hal_gpio.c **** void HAL_GPIO_TogglePin(GPIO_TypeDef* GPIOx, uint16_t GPIO_Pin)
 473:Drivers/STM32L4xx_HAL_Driver/Src/stm32l4xx_hal_gpio.c **** {
 542              		.loc 1 473 0
 543              		.cfi_startproc
 544              		@ args = 0, pretend = 0, frame = 0
 545              		@ frame_needed = 0, uses_anonymous_args = 0
 546              		@ link register save eliminated.
 547              	.LVL62:
 474:Drivers/STM32L4xx_HAL_Driver/Src/stm32l4xx_hal_gpio.c ****   /* Check the parameters */
 475:Drivers/STM32L4xx_HAL_Driver/Src/stm32l4xx_hal_gpio.c ****   assert_param(IS_GPIO_PIN(GPIO_Pin));
 476:Drivers/STM32L4xx_HAL_Driver/Src/stm32l4xx_hal_gpio.c **** 
 477:Drivers/STM32L4xx_HAL_Driver/Src/stm32l4xx_hal_gpio.c ****   GPIOx->ODR ^= GPIO_Pin;
 548              		.loc 1 477 0
 549 0000 4369     		ldr	r3, [r0, #20]
 550 0002 5940     		eors	r1, r1, r3
 551              	.LVL63:
 552 0004 4161     		str	r1, [r0, #20]
 553 0006 7047     		bx	lr
 554              		.cfi_endproc
 555              	.LFE129:
 557              		.section	.text.HAL_GPIO_LockPin,"ax",%progbits
ARM GAS  /tmp/ccH3tlQb.s 			page 19


 558              		.align	2
 559              		.global	HAL_GPIO_LockPin
 560              		.thumb
 561              		.thumb_func
 563              	HAL_GPIO_LockPin:
 564              	.LFB130:
 478:Drivers/STM32L4xx_HAL_Driver/Src/stm32l4xx_hal_gpio.c **** }
 479:Drivers/STM32L4xx_HAL_Driver/Src/stm32l4xx_hal_gpio.c **** 
 480:Drivers/STM32L4xx_HAL_Driver/Src/stm32l4xx_hal_gpio.c **** /**
 481:Drivers/STM32L4xx_HAL_Driver/Src/stm32l4xx_hal_gpio.c **** * @brief  Lock GPIO Pins configuration registers.
 482:Drivers/STM32L4xx_HAL_Driver/Src/stm32l4xx_hal_gpio.c ****   * @note   The locked registers are GPIOx_MODER, GPIOx_OTYPER, GPIOx_OSPEEDR,
 483:Drivers/STM32L4xx_HAL_Driver/Src/stm32l4xx_hal_gpio.c ****   *         GPIOx_PUPDR, GPIOx_AFRL and GPIOx_AFRH.
 484:Drivers/STM32L4xx_HAL_Driver/Src/stm32l4xx_hal_gpio.c ****   * @note   The configuration of the locked GPIO pins can no longer be modified
 485:Drivers/STM32L4xx_HAL_Driver/Src/stm32l4xx_hal_gpio.c ****   *         until the next reset.
 486:Drivers/STM32L4xx_HAL_Driver/Src/stm32l4xx_hal_gpio.c ****   * @param  GPIOx: where x can be (A..H) to select the GPIO peripheral for STM32L4 family
 487:Drivers/STM32L4xx_HAL_Driver/Src/stm32l4xx_hal_gpio.c ****   * @param  GPIO_Pin: specifies the port bits to be locked.
 488:Drivers/STM32L4xx_HAL_Driver/Src/stm32l4xx_hal_gpio.c ****   *         This parameter can be any combination of GPIO_Pin_x where x can be (0..15).
 489:Drivers/STM32L4xx_HAL_Driver/Src/stm32l4xx_hal_gpio.c ****   * @retval None
 490:Drivers/STM32L4xx_HAL_Driver/Src/stm32l4xx_hal_gpio.c ****   */
 491:Drivers/STM32L4xx_HAL_Driver/Src/stm32l4xx_hal_gpio.c **** HAL_StatusTypeDef HAL_GPIO_LockPin(GPIO_TypeDef* GPIOx, uint16_t GPIO_Pin)
 492:Drivers/STM32L4xx_HAL_Driver/Src/stm32l4xx_hal_gpio.c **** {
 565              		.loc 1 492 0
 566              		.cfi_startproc
 567              		@ args = 0, pretend = 0, frame = 8
 568              		@ frame_needed = 0, uses_anonymous_args = 0
 569              		@ link register save eliminated.
 570              	.LVL64:
 571 0000 82B0     		sub	sp, sp, #8
 572              	.LCFI4:
 573              		.cfi_def_cfa_offset 8
 493:Drivers/STM32L4xx_HAL_Driver/Src/stm32l4xx_hal_gpio.c ****   __IO uint32_t tmp = GPIO_LCKR_LCKK;
 574              		.loc 1 493 0
 575 0002 4FF48033 		mov	r3, #65536
 576 0006 0193     		str	r3, [sp, #4]
 494:Drivers/STM32L4xx_HAL_Driver/Src/stm32l4xx_hal_gpio.c **** 
 495:Drivers/STM32L4xx_HAL_Driver/Src/stm32l4xx_hal_gpio.c ****   /* Check the parameters */
 496:Drivers/STM32L4xx_HAL_Driver/Src/stm32l4xx_hal_gpio.c ****   assert_param(IS_GPIO_LOCK_INSTANCE(GPIOx));
 497:Drivers/STM32L4xx_HAL_Driver/Src/stm32l4xx_hal_gpio.c ****   assert_param(IS_GPIO_PIN(GPIO_Pin));
 498:Drivers/STM32L4xx_HAL_Driver/Src/stm32l4xx_hal_gpio.c **** 
 499:Drivers/STM32L4xx_HAL_Driver/Src/stm32l4xx_hal_gpio.c ****   /* Apply lock key write sequence */
 500:Drivers/STM32L4xx_HAL_Driver/Src/stm32l4xx_hal_gpio.c ****   tmp |= GPIO_Pin;
 577              		.loc 1 500 0
 578 0008 019B     		ldr	r3, [sp, #4]
 579 000a 0B43     		orrs	r3, r3, r1
 580 000c 0193     		str	r3, [sp, #4]
 501:Drivers/STM32L4xx_HAL_Driver/Src/stm32l4xx_hal_gpio.c ****   /* Set LCKx bit(s): LCKK='1' + LCK[15-0] */
 502:Drivers/STM32L4xx_HAL_Driver/Src/stm32l4xx_hal_gpio.c ****   GPIOx->LCKR = tmp;
 581              		.loc 1 502 0
 582 000e 019B     		ldr	r3, [sp, #4]
 583 0010 C361     		str	r3, [r0, #28]
 503:Drivers/STM32L4xx_HAL_Driver/Src/stm32l4xx_hal_gpio.c ****   /* Reset LCKx bit(s): LCKK='0' + LCK[15-0] */
 504:Drivers/STM32L4xx_HAL_Driver/Src/stm32l4xx_hal_gpio.c ****   GPIOx->LCKR = GPIO_Pin;
 584              		.loc 1 504 0
 585 0012 C161     		str	r1, [r0, #28]
 505:Drivers/STM32L4xx_HAL_Driver/Src/stm32l4xx_hal_gpio.c ****   /* Set LCKx bit(s): LCKK='1' + LCK[15-0] */
 506:Drivers/STM32L4xx_HAL_Driver/Src/stm32l4xx_hal_gpio.c ****   GPIOx->LCKR = tmp;
 586              		.loc 1 506 0
ARM GAS  /tmp/ccH3tlQb.s 			page 20


 587 0014 019B     		ldr	r3, [sp, #4]
 588 0016 C361     		str	r3, [r0, #28]
 507:Drivers/STM32L4xx_HAL_Driver/Src/stm32l4xx_hal_gpio.c ****   /* Read LCKK bit*/
 508:Drivers/STM32L4xx_HAL_Driver/Src/stm32l4xx_hal_gpio.c ****   tmp = GPIOx->LCKR;
 589              		.loc 1 508 0
 590 0018 C369     		ldr	r3, [r0, #28]
 591 001a 0193     		str	r3, [sp, #4]
 509:Drivers/STM32L4xx_HAL_Driver/Src/stm32l4xx_hal_gpio.c **** 
 510:Drivers/STM32L4xx_HAL_Driver/Src/stm32l4xx_hal_gpio.c ****   if((GPIOx->LCKR & GPIO_LCKR_LCKK) != RESET)
 592              		.loc 1 510 0
 593 001c C369     		ldr	r3, [r0, #28]
 594 001e 13F4803F 		tst	r3, #65536
 595 0022 01D0     		beq	.L44
 511:Drivers/STM32L4xx_HAL_Driver/Src/stm32l4xx_hal_gpio.c ****   {
 512:Drivers/STM32L4xx_HAL_Driver/Src/stm32l4xx_hal_gpio.c ****     return HAL_OK;
 596              		.loc 1 512 0
 597 0024 0020     		movs	r0, #0
 598              	.LVL65:
 599 0026 00E0     		b	.L43
 600              	.LVL66:
 601              	.L44:
 513:Drivers/STM32L4xx_HAL_Driver/Src/stm32l4xx_hal_gpio.c ****   }
 514:Drivers/STM32L4xx_HAL_Driver/Src/stm32l4xx_hal_gpio.c ****   else
 515:Drivers/STM32L4xx_HAL_Driver/Src/stm32l4xx_hal_gpio.c ****   {
 516:Drivers/STM32L4xx_HAL_Driver/Src/stm32l4xx_hal_gpio.c ****     return HAL_ERROR;
 602              		.loc 1 516 0
 603 0028 0120     		movs	r0, #1
 604              	.LVL67:
 605              	.L43:
 517:Drivers/STM32L4xx_HAL_Driver/Src/stm32l4xx_hal_gpio.c ****   }
 518:Drivers/STM32L4xx_HAL_Driver/Src/stm32l4xx_hal_gpio.c **** }
 606              		.loc 1 518 0
 607 002a 02B0     		add	sp, sp, #8
 608              	.LCFI5:
 609              		.cfi_def_cfa_offset 0
 610              		@ sp needed
 611 002c 7047     		bx	lr
 612              		.cfi_endproc
 613              	.LFE130:
 615 002e 00BF     		.section	.text.HAL_GPIO_EXTI_Callback,"ax",%progbits
 616              		.align	2
 617              		.weak	HAL_GPIO_EXTI_Callback
 618              		.thumb
 619              		.thumb_func
 621              	HAL_GPIO_EXTI_Callback:
 622              	.LFB132:
 519:Drivers/STM32L4xx_HAL_Driver/Src/stm32l4xx_hal_gpio.c **** 
 520:Drivers/STM32L4xx_HAL_Driver/Src/stm32l4xx_hal_gpio.c **** /**
 521:Drivers/STM32L4xx_HAL_Driver/Src/stm32l4xx_hal_gpio.c ****   * @brief  Handle EXTI interrupt request.
 522:Drivers/STM32L4xx_HAL_Driver/Src/stm32l4xx_hal_gpio.c ****   * @param  GPIO_Pin: Specifies the port pin connected to corresponding EXTI line.
 523:Drivers/STM32L4xx_HAL_Driver/Src/stm32l4xx_hal_gpio.c ****   * @retval None
 524:Drivers/STM32L4xx_HAL_Driver/Src/stm32l4xx_hal_gpio.c ****   */
 525:Drivers/STM32L4xx_HAL_Driver/Src/stm32l4xx_hal_gpio.c **** void HAL_GPIO_EXTI_IRQHandler(uint16_t GPIO_Pin)
 526:Drivers/STM32L4xx_HAL_Driver/Src/stm32l4xx_hal_gpio.c **** {
 527:Drivers/STM32L4xx_HAL_Driver/Src/stm32l4xx_hal_gpio.c ****   /* EXTI line interrupt detected */
 528:Drivers/STM32L4xx_HAL_Driver/Src/stm32l4xx_hal_gpio.c ****   if(__HAL_GPIO_EXTI_GET_IT(GPIO_Pin) != RESET)
 529:Drivers/STM32L4xx_HAL_Driver/Src/stm32l4xx_hal_gpio.c ****   {
ARM GAS  /tmp/ccH3tlQb.s 			page 21


 530:Drivers/STM32L4xx_HAL_Driver/Src/stm32l4xx_hal_gpio.c ****     __HAL_GPIO_EXTI_CLEAR_IT(GPIO_Pin);
 531:Drivers/STM32L4xx_HAL_Driver/Src/stm32l4xx_hal_gpio.c ****     HAL_GPIO_EXTI_Callback(GPIO_Pin);
 532:Drivers/STM32L4xx_HAL_Driver/Src/stm32l4xx_hal_gpio.c ****   }
 533:Drivers/STM32L4xx_HAL_Driver/Src/stm32l4xx_hal_gpio.c **** }
 534:Drivers/STM32L4xx_HAL_Driver/Src/stm32l4xx_hal_gpio.c **** 
 535:Drivers/STM32L4xx_HAL_Driver/Src/stm32l4xx_hal_gpio.c **** /**
 536:Drivers/STM32L4xx_HAL_Driver/Src/stm32l4xx_hal_gpio.c ****   * @brief  EXTI line detection callback.
 537:Drivers/STM32L4xx_HAL_Driver/Src/stm32l4xx_hal_gpio.c ****   * @param  GPIO_Pin: Specifies the port pin connected to corresponding EXTI line.
 538:Drivers/STM32L4xx_HAL_Driver/Src/stm32l4xx_hal_gpio.c ****   * @retval None
 539:Drivers/STM32L4xx_HAL_Driver/Src/stm32l4xx_hal_gpio.c ****   */
 540:Drivers/STM32L4xx_HAL_Driver/Src/stm32l4xx_hal_gpio.c **** __weak void HAL_GPIO_EXTI_Callback(uint16_t GPIO_Pin)
 541:Drivers/STM32L4xx_HAL_Driver/Src/stm32l4xx_hal_gpio.c **** {
 623              		.loc 1 541 0
 624              		.cfi_startproc
 625              		@ args = 0, pretend = 0, frame = 0
 626              		@ frame_needed = 0, uses_anonymous_args = 0
 627              		@ link register save eliminated.
 628              	.LVL68:
 629 0000 7047     		bx	lr
 630              		.cfi_endproc
 631              	.LFE132:
 633 0002 00BF     		.section	.text.HAL_GPIO_EXTI_IRQHandler,"ax",%progbits
 634              		.align	2
 635              		.global	HAL_GPIO_EXTI_IRQHandler
 636              		.thumb
 637              		.thumb_func
 639              	HAL_GPIO_EXTI_IRQHandler:
 640              	.LFB131:
 526:Drivers/STM32L4xx_HAL_Driver/Src/stm32l4xx_hal_gpio.c ****   /* EXTI line interrupt detected */
 641              		.loc 1 526 0
 642              		.cfi_startproc
 643              		@ args = 0, pretend = 0, frame = 0
 644              		@ frame_needed = 0, uses_anonymous_args = 0
 645              	.LVL69:
 526:Drivers/STM32L4xx_HAL_Driver/Src/stm32l4xx_hal_gpio.c ****   /* EXTI line interrupt detected */
 646              		.loc 1 526 0
 647 0000 08B5     		push	{r3, lr}
 648              	.LCFI6:
 649              		.cfi_def_cfa_offset 8
 650              		.cfi_offset 3, -8
 651              		.cfi_offset 14, -4
 528:Drivers/STM32L4xx_HAL_Driver/Src/stm32l4xx_hal_gpio.c ****   {
 652              		.loc 1 528 0
 653 0002 044B     		ldr	r3, .L50
 654 0004 5B69     		ldr	r3, [r3, #20]
 655 0006 0342     		tst	r3, r0
 656 0008 03D0     		beq	.L47
 530:Drivers/STM32L4xx_HAL_Driver/Src/stm32l4xx_hal_gpio.c ****     HAL_GPIO_EXTI_Callback(GPIO_Pin);
 657              		.loc 1 530 0
 658 000a 024B     		ldr	r3, .L50
 659 000c 5861     		str	r0, [r3, #20]
 531:Drivers/STM32L4xx_HAL_Driver/Src/stm32l4xx_hal_gpio.c ****   }
 660              		.loc 1 531 0
 661 000e FFF7FEFF 		bl	HAL_GPIO_EXTI_Callback
 662              	.LVL70:
 663              	.L47:
 664 0012 08BD     		pop	{r3, pc}
ARM GAS  /tmp/ccH3tlQb.s 			page 22


 665              	.L51:
 666              		.align	2
 667              	.L50:
 668 0014 00040140 		.word	1073808384
 669              		.cfi_endproc
 670              	.LFE131:
 672              		.text
 673              	.Letext0:
 674              		.file 2 "/usr/include/newlib/machine/_default_types.h"
 675              		.file 3 "/usr/include/newlib/sys/_stdint.h"
 676              		.file 4 "Drivers/CMSIS/Device/ST/STM32L4xx/Include/stm32l432xx.h"
 677              		.file 5 "Drivers/CMSIS/Device/ST/STM32L4xx/Include/stm32l4xx.h"
 678              		.file 6 "Drivers/STM32L4xx_HAL_Driver/Inc/stm32l4xx_hal_def.h"
 679              		.file 7 "Drivers/STM32L4xx_HAL_Driver/Inc/stm32l4xx_hal_gpio.h"
 680              		.file 8 "Drivers/CMSIS/Include/core_cm4.h"
ARM GAS  /tmp/ccH3tlQb.s 			page 23


DEFINED SYMBOLS
                            *ABS*:0000000000000000 stm32l4xx_hal_gpio.c
     /tmp/ccH3tlQb.s:21     .text.HAL_GPIO_Init:0000000000000000 $t
     /tmp/ccH3tlQb.s:26     .text.HAL_GPIO_Init:0000000000000000 HAL_GPIO_Init
     /tmp/ccH3tlQb.s:316    .text.HAL_GPIO_Init:0000000000000184 $d
     /tmp/ccH3tlQb.s:324    .text.HAL_GPIO_DeInit:0000000000000000 $t
     /tmp/ccH3tlQb.s:329    .text.HAL_GPIO_DeInit:0000000000000000 HAL_GPIO_DeInit
     /tmp/ccH3tlQb.s:470    .text.HAL_GPIO_DeInit:00000000000000cc $d
     /tmp/ccH3tlQb.s:477    .text.HAL_GPIO_ReadPin:0000000000000000 $t
     /tmp/ccH3tlQb.s:482    .text.HAL_GPIO_ReadPin:0000000000000000 HAL_GPIO_ReadPin
     /tmp/ccH3tlQb.s:509    .text.HAL_GPIO_WritePin:0000000000000000 $t
     /tmp/ccH3tlQb.s:514    .text.HAL_GPIO_WritePin:0000000000000000 HAL_GPIO_WritePin
     /tmp/ccH3tlQb.s:535    .text.HAL_GPIO_TogglePin:0000000000000000 $t
     /tmp/ccH3tlQb.s:540    .text.HAL_GPIO_TogglePin:0000000000000000 HAL_GPIO_TogglePin
     /tmp/ccH3tlQb.s:558    .text.HAL_GPIO_LockPin:0000000000000000 $t
     /tmp/ccH3tlQb.s:563    .text.HAL_GPIO_LockPin:0000000000000000 HAL_GPIO_LockPin
     /tmp/ccH3tlQb.s:616    .text.HAL_GPIO_EXTI_Callback:0000000000000000 $t
     /tmp/ccH3tlQb.s:621    .text.HAL_GPIO_EXTI_Callback:0000000000000000 HAL_GPIO_EXTI_Callback
     /tmp/ccH3tlQb.s:634    .text.HAL_GPIO_EXTI_IRQHandler:0000000000000000 $t
     /tmp/ccH3tlQb.s:639    .text.HAL_GPIO_EXTI_IRQHandler:0000000000000000 HAL_GPIO_EXTI_IRQHandler
     /tmp/ccH3tlQb.s:668    .text.HAL_GPIO_EXTI_IRQHandler:0000000000000014 $d
                     .debug_frame:0000000000000010 $d

NO UNDEFINED SYMBOLS
