ARM GAS  /tmp/ccU9Q8Q9.s 			page 1


   1              		.syntax unified
   2              		.cpu cortex-m4
   3              		.eabi_attribute 27, 1
   4              		.eabi_attribute 28, 1
   5              		.fpu fpv4-sp-d16
   6              		.eabi_attribute 20, 1
   7              		.eabi_attribute 21, 1
   8              		.eabi_attribute 23, 3
   9              		.eabi_attribute 24, 1
  10              		.eabi_attribute 25, 1
  11              		.eabi_attribute 26, 1
  12              		.eabi_attribute 30, 1
  13              		.eabi_attribute 34, 1
  14              		.eabi_attribute 18, 4
  15              		.thumb
  16              		.file	"stm32l4xx_hal.c"
  17              		.text
  18              	.Ltext0:
  19              		.cfi_sections	.debug_frame
  20              		.section	.text.HAL_MspInit,"ax",%progbits
  21              		.align	2
  22              		.weak	HAL_MspInit
  23              		.thumb
  24              		.thumb_func
  26              	HAL_MspInit:
  27              	.LFB127:
  28              		.file 1 "Drivers/STM32L4xx_HAL_Driver/Src/stm32l4xx_hal.c"
   1:Drivers/STM32L4xx_HAL_Driver/Src/stm32l4xx_hal.c **** /**
   2:Drivers/STM32L4xx_HAL_Driver/Src/stm32l4xx_hal.c ****   ******************************************************************************
   3:Drivers/STM32L4xx_HAL_Driver/Src/stm32l4xx_hal.c ****   * @file    stm32l4xx_hal.c
   4:Drivers/STM32L4xx_HAL_Driver/Src/stm32l4xx_hal.c ****   * @author  MCD Application Team
   5:Drivers/STM32L4xx_HAL_Driver/Src/stm32l4xx_hal.c ****   * @brief   HAL module driver.
   6:Drivers/STM32L4xx_HAL_Driver/Src/stm32l4xx_hal.c ****   *          This is the common part of the HAL initialization
   7:Drivers/STM32L4xx_HAL_Driver/Src/stm32l4xx_hal.c ****   *
   8:Drivers/STM32L4xx_HAL_Driver/Src/stm32l4xx_hal.c ****   @verbatim
   9:Drivers/STM32L4xx_HAL_Driver/Src/stm32l4xx_hal.c ****   ==============================================================================
  10:Drivers/STM32L4xx_HAL_Driver/Src/stm32l4xx_hal.c ****                      ##### How to use this driver #####
  11:Drivers/STM32L4xx_HAL_Driver/Src/stm32l4xx_hal.c ****   ==============================================================================
  12:Drivers/STM32L4xx_HAL_Driver/Src/stm32l4xx_hal.c ****     [..]
  13:Drivers/STM32L4xx_HAL_Driver/Src/stm32l4xx_hal.c ****     The common HAL driver contains a set of generic and common APIs that can be
  14:Drivers/STM32L4xx_HAL_Driver/Src/stm32l4xx_hal.c ****     used by the PPP peripheral drivers and the user to start using the HAL.
  15:Drivers/STM32L4xx_HAL_Driver/Src/stm32l4xx_hal.c ****     [..]
  16:Drivers/STM32L4xx_HAL_Driver/Src/stm32l4xx_hal.c ****     The HAL contains two APIs' categories:
  17:Drivers/STM32L4xx_HAL_Driver/Src/stm32l4xx_hal.c ****          (+) Common HAL APIs
  18:Drivers/STM32L4xx_HAL_Driver/Src/stm32l4xx_hal.c ****          (+) Services HAL APIs
  19:Drivers/STM32L4xx_HAL_Driver/Src/stm32l4xx_hal.c **** 
  20:Drivers/STM32L4xx_HAL_Driver/Src/stm32l4xx_hal.c ****   @endverbatim
  21:Drivers/STM32L4xx_HAL_Driver/Src/stm32l4xx_hal.c ****   ******************************************************************************
  22:Drivers/STM32L4xx_HAL_Driver/Src/stm32l4xx_hal.c ****   * @attention
  23:Drivers/STM32L4xx_HAL_Driver/Src/stm32l4xx_hal.c ****   *
  24:Drivers/STM32L4xx_HAL_Driver/Src/stm32l4xx_hal.c ****   * <h2><center>&copy; COPYRIGHT(c) 2017 STMicroelectronics</center></h2>
  25:Drivers/STM32L4xx_HAL_Driver/Src/stm32l4xx_hal.c ****   *
  26:Drivers/STM32L4xx_HAL_Driver/Src/stm32l4xx_hal.c ****   * Redistribution and use in source and binary forms, with or without modification,
  27:Drivers/STM32L4xx_HAL_Driver/Src/stm32l4xx_hal.c ****   * are permitted provided that the following conditions are met:
  28:Drivers/STM32L4xx_HAL_Driver/Src/stm32l4xx_hal.c ****   *   1. Redistributions of source code must retain the above copyright notice,
  29:Drivers/STM32L4xx_HAL_Driver/Src/stm32l4xx_hal.c ****   *      this list of conditions and the following disclaimer.
  30:Drivers/STM32L4xx_HAL_Driver/Src/stm32l4xx_hal.c ****   *   2. Redistributions in binary form must reproduce the above copyright notice,
ARM GAS  /tmp/ccU9Q8Q9.s 			page 2


  31:Drivers/STM32L4xx_HAL_Driver/Src/stm32l4xx_hal.c ****   *      this list of conditions and the following disclaimer in the documentation
  32:Drivers/STM32L4xx_HAL_Driver/Src/stm32l4xx_hal.c ****   *      and/or other materials provided with the distribution.
  33:Drivers/STM32L4xx_HAL_Driver/Src/stm32l4xx_hal.c ****   *   3. Neither the name of STMicroelectronics nor the names of its contributors
  34:Drivers/STM32L4xx_HAL_Driver/Src/stm32l4xx_hal.c ****   *      may be used to endorse or promote products derived from this software
  35:Drivers/STM32L4xx_HAL_Driver/Src/stm32l4xx_hal.c ****   *      without specific prior written permission.
  36:Drivers/STM32L4xx_HAL_Driver/Src/stm32l4xx_hal.c ****   *
  37:Drivers/STM32L4xx_HAL_Driver/Src/stm32l4xx_hal.c ****   * THIS SOFTWARE IS PROVIDED BY THE COPYRIGHT HOLDERS AND CONTRIBUTORS "AS IS"
  38:Drivers/STM32L4xx_HAL_Driver/Src/stm32l4xx_hal.c ****   * AND ANY EXPRESS OR IMPLIED WARRANTIES, INCLUDING, BUT NOT LIMITED TO, THE
  39:Drivers/STM32L4xx_HAL_Driver/Src/stm32l4xx_hal.c ****   * IMPLIED WARRANTIES OF MERCHANTABILITY AND FITNESS FOR A PARTICULAR PURPOSE ARE
  40:Drivers/STM32L4xx_HAL_Driver/Src/stm32l4xx_hal.c ****   * DISCLAIMED. IN NO EVENT SHALL THE COPYRIGHT HOLDER OR CONTRIBUTORS BE LIABLE
  41:Drivers/STM32L4xx_HAL_Driver/Src/stm32l4xx_hal.c ****   * FOR ANY DIRECT, INDIRECT, INCIDENTAL, SPECIAL, EXEMPLARY, OR CONSEQUENTIAL
  42:Drivers/STM32L4xx_HAL_Driver/Src/stm32l4xx_hal.c ****   * DAMAGES (INCLUDING, BUT NOT LIMITED TO, PROCUREMENT OF SUBSTITUTE GOODS OR
  43:Drivers/STM32L4xx_HAL_Driver/Src/stm32l4xx_hal.c ****   * SERVICES; LOSS OF USE, DATA, OR PROFITS; OR BUSINESS INTERRUPTION) HOWEVER
  44:Drivers/STM32L4xx_HAL_Driver/Src/stm32l4xx_hal.c ****   * CAUSED AND ON ANY THEORY OF LIABILITY, WHETHER IN CONTRACT, STRICT LIABILITY,
  45:Drivers/STM32L4xx_HAL_Driver/Src/stm32l4xx_hal.c ****   * OR TORT (INCLUDING NEGLIGENCE OR OTHERWISE) ARISING IN ANY WAY OUT OF THE USE
  46:Drivers/STM32L4xx_HAL_Driver/Src/stm32l4xx_hal.c ****   * OF THIS SOFTWARE, EVEN IF ADVISED OF THE POSSIBILITY OF SUCH DAMAGE.
  47:Drivers/STM32L4xx_HAL_Driver/Src/stm32l4xx_hal.c ****   *
  48:Drivers/STM32L4xx_HAL_Driver/Src/stm32l4xx_hal.c ****   ******************************************************************************
  49:Drivers/STM32L4xx_HAL_Driver/Src/stm32l4xx_hal.c ****   */
  50:Drivers/STM32L4xx_HAL_Driver/Src/stm32l4xx_hal.c **** 
  51:Drivers/STM32L4xx_HAL_Driver/Src/stm32l4xx_hal.c **** /* Includes ------------------------------------------------------------------*/
  52:Drivers/STM32L4xx_HAL_Driver/Src/stm32l4xx_hal.c **** #include "stm32l4xx_hal.h"
  53:Drivers/STM32L4xx_HAL_Driver/Src/stm32l4xx_hal.c **** 
  54:Drivers/STM32L4xx_HAL_Driver/Src/stm32l4xx_hal.c **** /** @addtogroup STM32L4xx_HAL_Driver
  55:Drivers/STM32L4xx_HAL_Driver/Src/stm32l4xx_hal.c ****   * @{
  56:Drivers/STM32L4xx_HAL_Driver/Src/stm32l4xx_hal.c ****   */
  57:Drivers/STM32L4xx_HAL_Driver/Src/stm32l4xx_hal.c **** 
  58:Drivers/STM32L4xx_HAL_Driver/Src/stm32l4xx_hal.c **** /** @defgroup HAL HAL
  59:Drivers/STM32L4xx_HAL_Driver/Src/stm32l4xx_hal.c ****   * @brief HAL module driver
  60:Drivers/STM32L4xx_HAL_Driver/Src/stm32l4xx_hal.c ****   * @{
  61:Drivers/STM32L4xx_HAL_Driver/Src/stm32l4xx_hal.c ****   */
  62:Drivers/STM32L4xx_HAL_Driver/Src/stm32l4xx_hal.c **** 
  63:Drivers/STM32L4xx_HAL_Driver/Src/stm32l4xx_hal.c **** #ifdef HAL_MODULE_ENABLED
  64:Drivers/STM32L4xx_HAL_Driver/Src/stm32l4xx_hal.c **** 
  65:Drivers/STM32L4xx_HAL_Driver/Src/stm32l4xx_hal.c **** /* Private typedef -----------------------------------------------------------*/
  66:Drivers/STM32L4xx_HAL_Driver/Src/stm32l4xx_hal.c **** /* Private define ------------------------------------------------------------*/
  67:Drivers/STM32L4xx_HAL_Driver/Src/stm32l4xx_hal.c **** /**
  68:Drivers/STM32L4xx_HAL_Driver/Src/stm32l4xx_hal.c ****  * @brief STM32L4xx HAL Driver version number
  69:Drivers/STM32L4xx_HAL_Driver/Src/stm32l4xx_hal.c ****    */
  70:Drivers/STM32L4xx_HAL_Driver/Src/stm32l4xx_hal.c **** #define __STM32L4xx_HAL_VERSION_MAIN   (0x01) /*!< [31:24] main version */
  71:Drivers/STM32L4xx_HAL_Driver/Src/stm32l4xx_hal.c **** #define __STM32L4xx_HAL_VERSION_SUB1   (0x08) /*!< [23:16] sub1 version */
  72:Drivers/STM32L4xx_HAL_Driver/Src/stm32l4xx_hal.c **** #define __STM32L4xx_HAL_VERSION_SUB2   (0x01) /*!< [15:8]  sub2 version */
  73:Drivers/STM32L4xx_HAL_Driver/Src/stm32l4xx_hal.c **** #define __STM32L4xx_HAL_VERSION_RC     (0x00) /*!< [7:0]  release candidate */
  74:Drivers/STM32L4xx_HAL_Driver/Src/stm32l4xx_hal.c **** #define __STM32L4xx_HAL_VERSION         ((__STM32L4xx_HAL_VERSION_MAIN << 24)\
  75:Drivers/STM32L4xx_HAL_Driver/Src/stm32l4xx_hal.c ****                                         |(__STM32L4xx_HAL_VERSION_SUB1 << 16)\
  76:Drivers/STM32L4xx_HAL_Driver/Src/stm32l4xx_hal.c ****                                         |(__STM32L4xx_HAL_VERSION_SUB2 << 8 )\
  77:Drivers/STM32L4xx_HAL_Driver/Src/stm32l4xx_hal.c ****                                         |(__STM32L4xx_HAL_VERSION_RC))
  78:Drivers/STM32L4xx_HAL_Driver/Src/stm32l4xx_hal.c **** 
  79:Drivers/STM32L4xx_HAL_Driver/Src/stm32l4xx_hal.c **** #if defined(VREFBUF)
  80:Drivers/STM32L4xx_HAL_Driver/Src/stm32l4xx_hal.c **** #define VREFBUF_TIMEOUT_VALUE     (uint32_t)10   /* 10 ms (to be confirmed) */
  81:Drivers/STM32L4xx_HAL_Driver/Src/stm32l4xx_hal.c **** #endif /* VREFBUF */
  82:Drivers/STM32L4xx_HAL_Driver/Src/stm32l4xx_hal.c **** 
  83:Drivers/STM32L4xx_HAL_Driver/Src/stm32l4xx_hal.c **** /* ------------ SYSCFG registers bit address in the alias region ------------ */
  84:Drivers/STM32L4xx_HAL_Driver/Src/stm32l4xx_hal.c **** #define SYSCFG_OFFSET             (SYSCFG_BASE - PERIPH_BASE)
  85:Drivers/STM32L4xx_HAL_Driver/Src/stm32l4xx_hal.c **** /* ---  MEMRMP Register ---*/
  86:Drivers/STM32L4xx_HAL_Driver/Src/stm32l4xx_hal.c **** /* Alias word address of FB_MODE bit */
  87:Drivers/STM32L4xx_HAL_Driver/Src/stm32l4xx_hal.c **** #define MEMRMP_OFFSET             SYSCFG_OFFSET
ARM GAS  /tmp/ccU9Q8Q9.s 			page 3


  88:Drivers/STM32L4xx_HAL_Driver/Src/stm32l4xx_hal.c **** #define FB_MODE_BitNumber         ((uint8_t)0x8)
  89:Drivers/STM32L4xx_HAL_Driver/Src/stm32l4xx_hal.c **** #define FB_MODE_BB                (PERIPH_BB_BASE + (MEMRMP_OFFSET * 32) + (FB_MODE_BitNumber * 4))
  90:Drivers/STM32L4xx_HAL_Driver/Src/stm32l4xx_hal.c **** 
  91:Drivers/STM32L4xx_HAL_Driver/Src/stm32l4xx_hal.c **** /* --- SCSR Register ---*/
  92:Drivers/STM32L4xx_HAL_Driver/Src/stm32l4xx_hal.c **** /* Alias word address of SRAM2ER bit */
  93:Drivers/STM32L4xx_HAL_Driver/Src/stm32l4xx_hal.c **** #define SCSR_OFFSET              (SYSCFG_OFFSET + 0x18)
  94:Drivers/STM32L4xx_HAL_Driver/Src/stm32l4xx_hal.c **** #define BRER_BitNumber           ((uint8_t)0x0)
  95:Drivers/STM32L4xx_HAL_Driver/Src/stm32l4xx_hal.c **** #define SCSR_SRAM2ER_BB          (PERIPH_BB_BASE + (SCSR_OFFSET * 32) + (BRER_BitNumber * 4))
  96:Drivers/STM32L4xx_HAL_Driver/Src/stm32l4xx_hal.c **** 
  97:Drivers/STM32L4xx_HAL_Driver/Src/stm32l4xx_hal.c **** /* Private macro -------------------------------------------------------------*/
  98:Drivers/STM32L4xx_HAL_Driver/Src/stm32l4xx_hal.c **** /* Private variables ---------------------------------------------------------*/
  99:Drivers/STM32L4xx_HAL_Driver/Src/stm32l4xx_hal.c **** __IO uint32_t uwTick;
 100:Drivers/STM32L4xx_HAL_Driver/Src/stm32l4xx_hal.c **** 
 101:Drivers/STM32L4xx_HAL_Driver/Src/stm32l4xx_hal.c **** /* Private function prototypes -----------------------------------------------*/
 102:Drivers/STM32L4xx_HAL_Driver/Src/stm32l4xx_hal.c **** /* Exported functions --------------------------------------------------------*/
 103:Drivers/STM32L4xx_HAL_Driver/Src/stm32l4xx_hal.c **** 
 104:Drivers/STM32L4xx_HAL_Driver/Src/stm32l4xx_hal.c **** /** @defgroup HAL_Exported_Functions HAL Exported Functions
 105:Drivers/STM32L4xx_HAL_Driver/Src/stm32l4xx_hal.c ****   * @{
 106:Drivers/STM32L4xx_HAL_Driver/Src/stm32l4xx_hal.c ****   */
 107:Drivers/STM32L4xx_HAL_Driver/Src/stm32l4xx_hal.c **** 
 108:Drivers/STM32L4xx_HAL_Driver/Src/stm32l4xx_hal.c **** /** @defgroup HAL_Exported_Functions_Group1 Initialization and de-initialization Functions
 109:Drivers/STM32L4xx_HAL_Driver/Src/stm32l4xx_hal.c ****  *  @brief    Initialization and de-initialization functions
 110:Drivers/STM32L4xx_HAL_Driver/Src/stm32l4xx_hal.c ****  *
 111:Drivers/STM32L4xx_HAL_Driver/Src/stm32l4xx_hal.c **** @verbatim
 112:Drivers/STM32L4xx_HAL_Driver/Src/stm32l4xx_hal.c ****  ===============================================================================
 113:Drivers/STM32L4xx_HAL_Driver/Src/stm32l4xx_hal.c ****               ##### Initialization and de-initialization functions #####
 114:Drivers/STM32L4xx_HAL_Driver/Src/stm32l4xx_hal.c ****  ===============================================================================
 115:Drivers/STM32L4xx_HAL_Driver/Src/stm32l4xx_hal.c ****     [..]  This section provides functions allowing to:
 116:Drivers/STM32L4xx_HAL_Driver/Src/stm32l4xx_hal.c ****       (+) Initialize the Flash interface the NVIC allocation and initial time base
 117:Drivers/STM32L4xx_HAL_Driver/Src/stm32l4xx_hal.c ****           clock configuration.
 118:Drivers/STM32L4xx_HAL_Driver/Src/stm32l4xx_hal.c ****       (+) De-initialize common part of the HAL.
 119:Drivers/STM32L4xx_HAL_Driver/Src/stm32l4xx_hal.c ****       (+) Configure the time base source to have 1ms time base with a dedicated
 120:Drivers/STM32L4xx_HAL_Driver/Src/stm32l4xx_hal.c ****           Tick interrupt priority.
 121:Drivers/STM32L4xx_HAL_Driver/Src/stm32l4xx_hal.c ****         (++) SysTick timer is used by default as source of time base, but user
 122:Drivers/STM32L4xx_HAL_Driver/Src/stm32l4xx_hal.c ****              can eventually implement his proper time base source (a general purpose
 123:Drivers/STM32L4xx_HAL_Driver/Src/stm32l4xx_hal.c ****              timer for example or other time source), keeping in mind that Time base
 124:Drivers/STM32L4xx_HAL_Driver/Src/stm32l4xx_hal.c ****              duration should be kept 1ms since PPP_TIMEOUT_VALUEs are defined and
 125:Drivers/STM32L4xx_HAL_Driver/Src/stm32l4xx_hal.c ****              handled in milliseconds basis.
 126:Drivers/STM32L4xx_HAL_Driver/Src/stm32l4xx_hal.c ****         (++) Time base configuration function (HAL_InitTick ()) is called automatically
 127:Drivers/STM32L4xx_HAL_Driver/Src/stm32l4xx_hal.c ****              at the beginning of the program after reset by HAL_Init() or at any time
 128:Drivers/STM32L4xx_HAL_Driver/Src/stm32l4xx_hal.c ****              when clock is configured, by HAL_RCC_ClockConfig().
 129:Drivers/STM32L4xx_HAL_Driver/Src/stm32l4xx_hal.c ****         (++) Source of time base is configured  to generate interrupts at regular
 130:Drivers/STM32L4xx_HAL_Driver/Src/stm32l4xx_hal.c ****              time intervals. Care must be taken if HAL_Delay() is called from a
 131:Drivers/STM32L4xx_HAL_Driver/Src/stm32l4xx_hal.c ****              peripheral ISR process, the Tick interrupt line must have higher priority
 132:Drivers/STM32L4xx_HAL_Driver/Src/stm32l4xx_hal.c ****             (numerically lower) than the peripheral interrupt. Otherwise the caller
 133:Drivers/STM32L4xx_HAL_Driver/Src/stm32l4xx_hal.c ****             ISR process will be blocked.
 134:Drivers/STM32L4xx_HAL_Driver/Src/stm32l4xx_hal.c ****        (++) functions affecting time base configurations are declared as __weak
 135:Drivers/STM32L4xx_HAL_Driver/Src/stm32l4xx_hal.c ****              to make  override possible  in case of other  implementations in user file.
 136:Drivers/STM32L4xx_HAL_Driver/Src/stm32l4xx_hal.c **** @endverbatim
 137:Drivers/STM32L4xx_HAL_Driver/Src/stm32l4xx_hal.c ****   * @{
 138:Drivers/STM32L4xx_HAL_Driver/Src/stm32l4xx_hal.c ****   */
 139:Drivers/STM32L4xx_HAL_Driver/Src/stm32l4xx_hal.c **** 
 140:Drivers/STM32L4xx_HAL_Driver/Src/stm32l4xx_hal.c **** /**
 141:Drivers/STM32L4xx_HAL_Driver/Src/stm32l4xx_hal.c ****   * @brief  Configure the Flash prefetch, the Instruction and Data caches,
 142:Drivers/STM32L4xx_HAL_Driver/Src/stm32l4xx_hal.c ****   *         the time base source, NVIC and any required global low level hardware 
 143:Drivers/STM32L4xx_HAL_Driver/Src/stm32l4xx_hal.c ****   *         by calling the HAL_MspInit() callback function to be optionally defined in user file 
 144:Drivers/STM32L4xx_HAL_Driver/Src/stm32l4xx_hal.c ****   *         stm32l4xx_hal_msp.c.
ARM GAS  /tmp/ccU9Q8Q9.s 			page 4


 145:Drivers/STM32L4xx_HAL_Driver/Src/stm32l4xx_hal.c ****   *
 146:Drivers/STM32L4xx_HAL_Driver/Src/stm32l4xx_hal.c ****   * @note   HAL_Init() function is called at the beginning of program after reset and before 
 147:Drivers/STM32L4xx_HAL_Driver/Src/stm32l4xx_hal.c ****   *         the clock configuration.
 148:Drivers/STM32L4xx_HAL_Driver/Src/stm32l4xx_hal.c ****   *             
 149:Drivers/STM32L4xx_HAL_Driver/Src/stm32l4xx_hal.c ****   * @note   In the default implementation the System Timer (Systick) is used as source of time base
 150:Drivers/STM32L4xx_HAL_Driver/Src/stm32l4xx_hal.c ****   *         The Systick configuration is based on MSI clock, as MSI is the clock
 151:Drivers/STM32L4xx_HAL_Driver/Src/stm32l4xx_hal.c ****   *         used after a system Reset and the NVIC configuration is set to Priority group 4.
 152:Drivers/STM32L4xx_HAL_Driver/Src/stm32l4xx_hal.c ****   *         Once done, time base tick starts incrementing: the tick variable counter is incremented
 153:Drivers/STM32L4xx_HAL_Driver/Src/stm32l4xx_hal.c ****   *         each 1ms in the SysTick_Handler() interrupt handler.
 154:Drivers/STM32L4xx_HAL_Driver/Src/stm32l4xx_hal.c ****   *
 155:Drivers/STM32L4xx_HAL_Driver/Src/stm32l4xx_hal.c ****   * @retval HAL status
 156:Drivers/STM32L4xx_HAL_Driver/Src/stm32l4xx_hal.c ****   */
 157:Drivers/STM32L4xx_HAL_Driver/Src/stm32l4xx_hal.c **** HAL_StatusTypeDef HAL_Init(void)
 158:Drivers/STM32L4xx_HAL_Driver/Src/stm32l4xx_hal.c **** {
 159:Drivers/STM32L4xx_HAL_Driver/Src/stm32l4xx_hal.c ****   /* Configure Flash prefetch, Instruction cache, Data cache */
 160:Drivers/STM32L4xx_HAL_Driver/Src/stm32l4xx_hal.c ****   /* Default configuration at reset is:                      */
 161:Drivers/STM32L4xx_HAL_Driver/Src/stm32l4xx_hal.c ****   /* - Prefetch disabled                                     */
 162:Drivers/STM32L4xx_HAL_Driver/Src/stm32l4xx_hal.c ****   /* - Instruction cache enabled                             */
 163:Drivers/STM32L4xx_HAL_Driver/Src/stm32l4xx_hal.c ****   /* - Data cache enabled                                    */
 164:Drivers/STM32L4xx_HAL_Driver/Src/stm32l4xx_hal.c **** #if (INSTRUCTION_CACHE_ENABLE == 0)
 165:Drivers/STM32L4xx_HAL_Driver/Src/stm32l4xx_hal.c ****    __HAL_FLASH_INSTRUCTION_CACHE_DISABLE();
 166:Drivers/STM32L4xx_HAL_Driver/Src/stm32l4xx_hal.c **** #endif /* INSTRUCTION_CACHE_ENABLE */
 167:Drivers/STM32L4xx_HAL_Driver/Src/stm32l4xx_hal.c **** 
 168:Drivers/STM32L4xx_HAL_Driver/Src/stm32l4xx_hal.c **** #if (DATA_CACHE_ENABLE == 0)
 169:Drivers/STM32L4xx_HAL_Driver/Src/stm32l4xx_hal.c ****    __HAL_FLASH_DATA_CACHE_DISABLE();
 170:Drivers/STM32L4xx_HAL_Driver/Src/stm32l4xx_hal.c **** #endif /* DATA_CACHE_ENABLE */
 171:Drivers/STM32L4xx_HAL_Driver/Src/stm32l4xx_hal.c **** 
 172:Drivers/STM32L4xx_HAL_Driver/Src/stm32l4xx_hal.c **** #if (PREFETCH_ENABLE != 0)
 173:Drivers/STM32L4xx_HAL_Driver/Src/stm32l4xx_hal.c ****   __HAL_FLASH_PREFETCH_BUFFER_ENABLE();
 174:Drivers/STM32L4xx_HAL_Driver/Src/stm32l4xx_hal.c **** #endif /* PREFETCH_ENABLE */
 175:Drivers/STM32L4xx_HAL_Driver/Src/stm32l4xx_hal.c **** 
 176:Drivers/STM32L4xx_HAL_Driver/Src/stm32l4xx_hal.c ****   /* Set Interrupt Group Priority */
 177:Drivers/STM32L4xx_HAL_Driver/Src/stm32l4xx_hal.c ****   HAL_NVIC_SetPriorityGrouping(NVIC_PRIORITYGROUP_4);
 178:Drivers/STM32L4xx_HAL_Driver/Src/stm32l4xx_hal.c **** 
 179:Drivers/STM32L4xx_HAL_Driver/Src/stm32l4xx_hal.c ****   /* Use SysTick as time base source and configure 1ms tick (default clock after Reset is MSI) */
 180:Drivers/STM32L4xx_HAL_Driver/Src/stm32l4xx_hal.c ****   HAL_InitTick(TICK_INT_PRIORITY);
 181:Drivers/STM32L4xx_HAL_Driver/Src/stm32l4xx_hal.c **** 
 182:Drivers/STM32L4xx_HAL_Driver/Src/stm32l4xx_hal.c ****   /* Init the low level hardware */
 183:Drivers/STM32L4xx_HAL_Driver/Src/stm32l4xx_hal.c ****   HAL_MspInit();
 184:Drivers/STM32L4xx_HAL_Driver/Src/stm32l4xx_hal.c **** 
 185:Drivers/STM32L4xx_HAL_Driver/Src/stm32l4xx_hal.c ****   /* Return function status */
 186:Drivers/STM32L4xx_HAL_Driver/Src/stm32l4xx_hal.c ****   return HAL_OK;
 187:Drivers/STM32L4xx_HAL_Driver/Src/stm32l4xx_hal.c **** }
 188:Drivers/STM32L4xx_HAL_Driver/Src/stm32l4xx_hal.c **** 
 189:Drivers/STM32L4xx_HAL_Driver/Src/stm32l4xx_hal.c **** /**
 190:Drivers/STM32L4xx_HAL_Driver/Src/stm32l4xx_hal.c ****   * @brief De-initialize common part of the HAL and stop the source of time base.
 191:Drivers/STM32L4xx_HAL_Driver/Src/stm32l4xx_hal.c ****   * @note This function is optional.
 192:Drivers/STM32L4xx_HAL_Driver/Src/stm32l4xx_hal.c ****   * @retval HAL status
 193:Drivers/STM32L4xx_HAL_Driver/Src/stm32l4xx_hal.c ****   */
 194:Drivers/STM32L4xx_HAL_Driver/Src/stm32l4xx_hal.c **** HAL_StatusTypeDef HAL_DeInit(void)
 195:Drivers/STM32L4xx_HAL_Driver/Src/stm32l4xx_hal.c **** {
 196:Drivers/STM32L4xx_HAL_Driver/Src/stm32l4xx_hal.c ****   /* Reset of all peripherals */
 197:Drivers/STM32L4xx_HAL_Driver/Src/stm32l4xx_hal.c ****   __HAL_RCC_APB1_FORCE_RESET();
 198:Drivers/STM32L4xx_HAL_Driver/Src/stm32l4xx_hal.c ****   __HAL_RCC_APB1_RELEASE_RESET();
 199:Drivers/STM32L4xx_HAL_Driver/Src/stm32l4xx_hal.c **** 
 200:Drivers/STM32L4xx_HAL_Driver/Src/stm32l4xx_hal.c ****   __HAL_RCC_APB2_FORCE_RESET();
 201:Drivers/STM32L4xx_HAL_Driver/Src/stm32l4xx_hal.c ****   __HAL_RCC_APB2_RELEASE_RESET();
ARM GAS  /tmp/ccU9Q8Q9.s 			page 5


 202:Drivers/STM32L4xx_HAL_Driver/Src/stm32l4xx_hal.c **** 
 203:Drivers/STM32L4xx_HAL_Driver/Src/stm32l4xx_hal.c ****   __HAL_RCC_AHB1_FORCE_RESET();
 204:Drivers/STM32L4xx_HAL_Driver/Src/stm32l4xx_hal.c ****   __HAL_RCC_AHB1_RELEASE_RESET();
 205:Drivers/STM32L4xx_HAL_Driver/Src/stm32l4xx_hal.c **** 
 206:Drivers/STM32L4xx_HAL_Driver/Src/stm32l4xx_hal.c ****   __HAL_RCC_AHB2_FORCE_RESET();
 207:Drivers/STM32L4xx_HAL_Driver/Src/stm32l4xx_hal.c ****   __HAL_RCC_AHB2_RELEASE_RESET();
 208:Drivers/STM32L4xx_HAL_Driver/Src/stm32l4xx_hal.c **** 
 209:Drivers/STM32L4xx_HAL_Driver/Src/stm32l4xx_hal.c ****   __HAL_RCC_AHB3_FORCE_RESET();
 210:Drivers/STM32L4xx_HAL_Driver/Src/stm32l4xx_hal.c ****   __HAL_RCC_AHB3_RELEASE_RESET();
 211:Drivers/STM32L4xx_HAL_Driver/Src/stm32l4xx_hal.c **** 
 212:Drivers/STM32L4xx_HAL_Driver/Src/stm32l4xx_hal.c ****   /* De-Init the low level hardware */
 213:Drivers/STM32L4xx_HAL_Driver/Src/stm32l4xx_hal.c ****   HAL_MspDeInit();
 214:Drivers/STM32L4xx_HAL_Driver/Src/stm32l4xx_hal.c **** 
 215:Drivers/STM32L4xx_HAL_Driver/Src/stm32l4xx_hal.c ****   /* Return function status */
 216:Drivers/STM32L4xx_HAL_Driver/Src/stm32l4xx_hal.c ****   return HAL_OK;
 217:Drivers/STM32L4xx_HAL_Driver/Src/stm32l4xx_hal.c **** }
 218:Drivers/STM32L4xx_HAL_Driver/Src/stm32l4xx_hal.c **** 
 219:Drivers/STM32L4xx_HAL_Driver/Src/stm32l4xx_hal.c **** /**
 220:Drivers/STM32L4xx_HAL_Driver/Src/stm32l4xx_hal.c ****   * @brief  Initialize the MSP.
 221:Drivers/STM32L4xx_HAL_Driver/Src/stm32l4xx_hal.c ****   * @retval None
 222:Drivers/STM32L4xx_HAL_Driver/Src/stm32l4xx_hal.c ****   */
 223:Drivers/STM32L4xx_HAL_Driver/Src/stm32l4xx_hal.c **** __weak void HAL_MspInit(void)
 224:Drivers/STM32L4xx_HAL_Driver/Src/stm32l4xx_hal.c **** {
  29              		.loc 1 224 0
  30              		.cfi_startproc
  31              		@ args = 0, pretend = 0, frame = 0
  32              		@ frame_needed = 0, uses_anonymous_args = 0
  33              		@ link register save eliminated.
  34 0000 7047     		bx	lr
  35              		.cfi_endproc
  36              	.LFE127:
  38 0002 00BF     		.section	.text.HAL_MspDeInit,"ax",%progbits
  39              		.align	2
  40              		.weak	HAL_MspDeInit
  41              		.thumb
  42              		.thumb_func
  44              	HAL_MspDeInit:
  45              	.LFB128:
 225:Drivers/STM32L4xx_HAL_Driver/Src/stm32l4xx_hal.c ****   /* NOTE : This function should not be modified, when the callback is needed,
 226:Drivers/STM32L4xx_HAL_Driver/Src/stm32l4xx_hal.c ****             the HAL_MspInit could be implemented in the user file
 227:Drivers/STM32L4xx_HAL_Driver/Src/stm32l4xx_hal.c ****    */
 228:Drivers/STM32L4xx_HAL_Driver/Src/stm32l4xx_hal.c **** }
 229:Drivers/STM32L4xx_HAL_Driver/Src/stm32l4xx_hal.c **** 
 230:Drivers/STM32L4xx_HAL_Driver/Src/stm32l4xx_hal.c **** /**
 231:Drivers/STM32L4xx_HAL_Driver/Src/stm32l4xx_hal.c ****   * @brief  DeInitialize the MSP.
 232:Drivers/STM32L4xx_HAL_Driver/Src/stm32l4xx_hal.c ****   * @retval None
 233:Drivers/STM32L4xx_HAL_Driver/Src/stm32l4xx_hal.c ****   */
 234:Drivers/STM32L4xx_HAL_Driver/Src/stm32l4xx_hal.c **** __weak void HAL_MspDeInit(void)
 235:Drivers/STM32L4xx_HAL_Driver/Src/stm32l4xx_hal.c **** {
  46              		.loc 1 235 0
  47              		.cfi_startproc
  48              		@ args = 0, pretend = 0, frame = 0
  49              		@ frame_needed = 0, uses_anonymous_args = 0
  50              		@ link register save eliminated.
  51 0000 7047     		bx	lr
  52              		.cfi_endproc
  53              	.LFE128:
ARM GAS  /tmp/ccU9Q8Q9.s 			page 6


  55 0002 00BF     		.section	.text.HAL_DeInit,"ax",%progbits
  56              		.align	2
  57              		.global	HAL_DeInit
  58              		.thumb
  59              		.thumb_func
  61              	HAL_DeInit:
  62              	.LFB126:
 195:Drivers/STM32L4xx_HAL_Driver/Src/stm32l4xx_hal.c ****   /* Reset of all peripherals */
  63              		.loc 1 195 0
  64              		.cfi_startproc
  65              		@ args = 0, pretend = 0, frame = 0
  66              		@ frame_needed = 0, uses_anonymous_args = 0
 195:Drivers/STM32L4xx_HAL_Driver/Src/stm32l4xx_hal.c ****   /* Reset of all peripherals */
  67              		.loc 1 195 0
  68 0000 10B5     		push	{r4, lr}
  69              	.LCFI0:
  70              		.cfi_def_cfa_offset 8
  71              		.cfi_offset 4, -8
  72              		.cfi_offset 14, -4
 197:Drivers/STM32L4xx_HAL_Driver/Src/stm32l4xx_hal.c ****   __HAL_RCC_APB1_RELEASE_RESET();
  73              		.loc 1 197 0
  74 0002 094B     		ldr	r3, .L5
  75 0004 4FF0FF32 		mov	r2, #-1
  76 0008 9A63     		str	r2, [r3, #56]
 198:Drivers/STM32L4xx_HAL_Driver/Src/stm32l4xx_hal.c **** 
  77              		.loc 1 198 0
  78 000a 0024     		movs	r4, #0
  79 000c 9C63     		str	r4, [r3, #56]
 200:Drivers/STM32L4xx_HAL_Driver/Src/stm32l4xx_hal.c ****   __HAL_RCC_APB2_RELEASE_RESET();
  80              		.loc 1 200 0
  81 000e 1A64     		str	r2, [r3, #64]
 201:Drivers/STM32L4xx_HAL_Driver/Src/stm32l4xx_hal.c **** 
  82              		.loc 1 201 0
  83 0010 1C64     		str	r4, [r3, #64]
 203:Drivers/STM32L4xx_HAL_Driver/Src/stm32l4xx_hal.c ****   __HAL_RCC_AHB1_RELEASE_RESET();
  84              		.loc 1 203 0
  85 0012 9A62     		str	r2, [r3, #40]
 204:Drivers/STM32L4xx_HAL_Driver/Src/stm32l4xx_hal.c **** 
  86              		.loc 1 204 0
  87 0014 9C62     		str	r4, [r3, #40]
 206:Drivers/STM32L4xx_HAL_Driver/Src/stm32l4xx_hal.c ****   __HAL_RCC_AHB2_RELEASE_RESET();
  88              		.loc 1 206 0
  89 0016 DA62     		str	r2, [r3, #44]
 207:Drivers/STM32L4xx_HAL_Driver/Src/stm32l4xx_hal.c **** 
  90              		.loc 1 207 0
  91 0018 DC62     		str	r4, [r3, #44]
 209:Drivers/STM32L4xx_HAL_Driver/Src/stm32l4xx_hal.c ****   __HAL_RCC_AHB3_RELEASE_RESET();
  92              		.loc 1 209 0
  93 001a 1A63     		str	r2, [r3, #48]
 210:Drivers/STM32L4xx_HAL_Driver/Src/stm32l4xx_hal.c **** 
  94              		.loc 1 210 0
  95 001c 1C63     		str	r4, [r3, #48]
 213:Drivers/STM32L4xx_HAL_Driver/Src/stm32l4xx_hal.c **** 
  96              		.loc 1 213 0
  97 001e FFF7FEFF 		bl	HAL_MspDeInit
  98              	.LVL0:
 217:Drivers/STM32L4xx_HAL_Driver/Src/stm32l4xx_hal.c **** 
ARM GAS  /tmp/ccU9Q8Q9.s 			page 7


  99              		.loc 1 217 0
 100 0022 2046     		mov	r0, r4
 101 0024 10BD     		pop	{r4, pc}
 102              	.L6:
 103 0026 00BF     		.align	2
 104              	.L5:
 105 0028 00100240 		.word	1073876992
 106              		.cfi_endproc
 107              	.LFE126:
 109              		.section	.text.HAL_InitTick,"ax",%progbits
 110              		.align	2
 111              		.weak	HAL_InitTick
 112              		.thumb
 113              		.thumb_func
 115              	HAL_InitTick:
 116              	.LFB129:
 236:Drivers/STM32L4xx_HAL_Driver/Src/stm32l4xx_hal.c ****   /* NOTE : This function should not be modified, when the callback is needed,
 237:Drivers/STM32L4xx_HAL_Driver/Src/stm32l4xx_hal.c ****             the HAL_MspDeInit could be implemented in the user file
 238:Drivers/STM32L4xx_HAL_Driver/Src/stm32l4xx_hal.c ****    */
 239:Drivers/STM32L4xx_HAL_Driver/Src/stm32l4xx_hal.c **** }
 240:Drivers/STM32L4xx_HAL_Driver/Src/stm32l4xx_hal.c **** 
 241:Drivers/STM32L4xx_HAL_Driver/Src/stm32l4xx_hal.c **** /**
 242:Drivers/STM32L4xx_HAL_Driver/Src/stm32l4xx_hal.c ****   * @brief This function configures the source of the time base:
 243:Drivers/STM32L4xx_HAL_Driver/Src/stm32l4xx_hal.c ****   *        The time source is configured to have 1ms time base with a dedicated
 244:Drivers/STM32L4xx_HAL_Driver/Src/stm32l4xx_hal.c ****   *        Tick interrupt priority.
 245:Drivers/STM32L4xx_HAL_Driver/Src/stm32l4xx_hal.c ****   * @note This function is called  automatically at the beginning of program after
 246:Drivers/STM32L4xx_HAL_Driver/Src/stm32l4xx_hal.c ****   *       reset by HAL_Init() or at any time when clock is reconfigured  by HAL_RCC_ClockConfig().
 247:Drivers/STM32L4xx_HAL_Driver/Src/stm32l4xx_hal.c ****   * @note In the default implementation, SysTick timer is the source of time base.
 248:Drivers/STM32L4xx_HAL_Driver/Src/stm32l4xx_hal.c ****   *       It is used to generate interrupts at regular time intervals.
 249:Drivers/STM32L4xx_HAL_Driver/Src/stm32l4xx_hal.c ****   *       Care must be taken if HAL_Delay() is called from a peripheral ISR process,
 250:Drivers/STM32L4xx_HAL_Driver/Src/stm32l4xx_hal.c ****   *       The SysTick interrupt must have higher priority (numerically lower)
 251:Drivers/STM32L4xx_HAL_Driver/Src/stm32l4xx_hal.c ****   *       than the peripheral interrupt. Otherwise the caller ISR process will be blocked.
 252:Drivers/STM32L4xx_HAL_Driver/Src/stm32l4xx_hal.c ****   *       The function is declared as __weak  to be overwritten  in case of other
 253:Drivers/STM32L4xx_HAL_Driver/Src/stm32l4xx_hal.c ****   *       implementation  in user file.
 254:Drivers/STM32L4xx_HAL_Driver/Src/stm32l4xx_hal.c ****   * @param TickPriority  Tick interrupt priority.
 255:Drivers/STM32L4xx_HAL_Driver/Src/stm32l4xx_hal.c ****   * @retval HAL status
 256:Drivers/STM32L4xx_HAL_Driver/Src/stm32l4xx_hal.c ****   */
 257:Drivers/STM32L4xx_HAL_Driver/Src/stm32l4xx_hal.c **** __weak HAL_StatusTypeDef HAL_InitTick(uint32_t TickPriority)
 258:Drivers/STM32L4xx_HAL_Driver/Src/stm32l4xx_hal.c **** {
 117              		.loc 1 258 0
 118              		.cfi_startproc
 119              		@ args = 0, pretend = 0, frame = 0
 120              		@ frame_needed = 0, uses_anonymous_args = 0
 121              	.LVL1:
 122 0000 10B5     		push	{r4, lr}
 123              	.LCFI1:
 124              		.cfi_def_cfa_offset 8
 125              		.cfi_offset 4, -8
 126              		.cfi_offset 14, -4
 127 0002 0446     		mov	r4, r0
 259:Drivers/STM32L4xx_HAL_Driver/Src/stm32l4xx_hal.c ****   /*Configure the SysTick to have interrupt in 1ms time basis*/
 260:Drivers/STM32L4xx_HAL_Driver/Src/stm32l4xx_hal.c ****   HAL_SYSTICK_Config(SystemCoreClock/1000);
 128              		.loc 1 260 0
 129 0004 074B     		ldr	r3, .L9
 130 0006 1B68     		ldr	r3, [r3]
 131 0008 0748     		ldr	r0, .L9+4
 132              	.LVL2:
ARM GAS  /tmp/ccU9Q8Q9.s 			page 8


 133 000a A0FB0330 		umull	r3, r0, r0, r3
 134 000e 8009     		lsrs	r0, r0, #6
 135 0010 FFF7FEFF 		bl	HAL_SYSTICK_Config
 136              	.LVL3:
 261:Drivers/STM32L4xx_HAL_Driver/Src/stm32l4xx_hal.c **** 
 262:Drivers/STM32L4xx_HAL_Driver/Src/stm32l4xx_hal.c ****   /*Configure the SysTick IRQ priority */
 263:Drivers/STM32L4xx_HAL_Driver/Src/stm32l4xx_hal.c ****   HAL_NVIC_SetPriority(SysTick_IRQn, TickPriority ,0);
 137              		.loc 1 263 0
 138 0014 4FF0FF30 		mov	r0, #-1
 139 0018 2146     		mov	r1, r4
 140 001a 0022     		movs	r2, #0
 141 001c FFF7FEFF 		bl	HAL_NVIC_SetPriority
 142              	.LVL4:
 264:Drivers/STM32L4xx_HAL_Driver/Src/stm32l4xx_hal.c **** 
 265:Drivers/STM32L4xx_HAL_Driver/Src/stm32l4xx_hal.c ****   /* Return function status */
 266:Drivers/STM32L4xx_HAL_Driver/Src/stm32l4xx_hal.c ****   return HAL_OK;
 267:Drivers/STM32L4xx_HAL_Driver/Src/stm32l4xx_hal.c **** }
 143              		.loc 1 267 0
 144 0020 0020     		movs	r0, #0
 145 0022 10BD     		pop	{r4, pc}
 146              	.LVL5:
 147              	.L10:
 148              		.align	2
 149              	.L9:
 150 0024 00000000 		.word	SystemCoreClock
 151 0028 D34D6210 		.word	274877907
 152              		.cfi_endproc
 153              	.LFE129:
 155              		.section	.text.HAL_Init,"ax",%progbits
 156              		.align	2
 157              		.global	HAL_Init
 158              		.thumb
 159              		.thumb_func
 161              	HAL_Init:
 162              	.LFB125:
 158:Drivers/STM32L4xx_HAL_Driver/Src/stm32l4xx_hal.c ****   /* Configure Flash prefetch, Instruction cache, Data cache */
 163              		.loc 1 158 0
 164              		.cfi_startproc
 165              		@ args = 0, pretend = 0, frame = 0
 166              		@ frame_needed = 0, uses_anonymous_args = 0
 167 0000 08B5     		push	{r3, lr}
 168              	.LCFI2:
 169              		.cfi_def_cfa_offset 8
 170              		.cfi_offset 3, -8
 171              		.cfi_offset 14, -4
 177:Drivers/STM32L4xx_HAL_Driver/Src/stm32l4xx_hal.c **** 
 172              		.loc 1 177 0
 173 0002 0320     		movs	r0, #3
 174 0004 FFF7FEFF 		bl	HAL_NVIC_SetPriorityGrouping
 175              	.LVL6:
 180:Drivers/STM32L4xx_HAL_Driver/Src/stm32l4xx_hal.c **** 
 176              		.loc 1 180 0
 177 0008 0020     		movs	r0, #0
 178 000a FFF7FEFF 		bl	HAL_InitTick
 179              	.LVL7:
 183:Drivers/STM32L4xx_HAL_Driver/Src/stm32l4xx_hal.c **** 
 180              		.loc 1 183 0
ARM GAS  /tmp/ccU9Q8Q9.s 			page 9


 181 000e FFF7FEFF 		bl	HAL_MspInit
 182              	.LVL8:
 187:Drivers/STM32L4xx_HAL_Driver/Src/stm32l4xx_hal.c **** 
 183              		.loc 1 187 0
 184 0012 0020     		movs	r0, #0
 185 0014 08BD     		pop	{r3, pc}
 186              		.cfi_endproc
 187              	.LFE125:
 189 0016 00BF     		.section	.text.HAL_IncTick,"ax",%progbits
 190              		.align	2
 191              		.weak	HAL_IncTick
 192              		.thumb
 193              		.thumb_func
 195              	HAL_IncTick:
 196              	.LFB130:
 268:Drivers/STM32L4xx_HAL_Driver/Src/stm32l4xx_hal.c **** 
 269:Drivers/STM32L4xx_HAL_Driver/Src/stm32l4xx_hal.c **** /**
 270:Drivers/STM32L4xx_HAL_Driver/Src/stm32l4xx_hal.c ****   * @}
 271:Drivers/STM32L4xx_HAL_Driver/Src/stm32l4xx_hal.c ****   */
 272:Drivers/STM32L4xx_HAL_Driver/Src/stm32l4xx_hal.c **** 
 273:Drivers/STM32L4xx_HAL_Driver/Src/stm32l4xx_hal.c **** /** @defgroup HAL_Exported_Functions_Group2 HAL Control functions
 274:Drivers/STM32L4xx_HAL_Driver/Src/stm32l4xx_hal.c ****  *  @brief    HAL Control functions
 275:Drivers/STM32L4xx_HAL_Driver/Src/stm32l4xx_hal.c ****  *
 276:Drivers/STM32L4xx_HAL_Driver/Src/stm32l4xx_hal.c **** @verbatim
 277:Drivers/STM32L4xx_HAL_Driver/Src/stm32l4xx_hal.c ****  ===============================================================================
 278:Drivers/STM32L4xx_HAL_Driver/Src/stm32l4xx_hal.c ****                       ##### HAL Control functions #####
 279:Drivers/STM32L4xx_HAL_Driver/Src/stm32l4xx_hal.c ****  ===============================================================================
 280:Drivers/STM32L4xx_HAL_Driver/Src/stm32l4xx_hal.c ****     [..]  This section provides functions allowing to:
 281:Drivers/STM32L4xx_HAL_Driver/Src/stm32l4xx_hal.c ****       (+) Provide a tick value in millisecond
 282:Drivers/STM32L4xx_HAL_Driver/Src/stm32l4xx_hal.c ****       (+) Provide a blocking delay in millisecond
 283:Drivers/STM32L4xx_HAL_Driver/Src/stm32l4xx_hal.c ****       (+) Suspend the time base source interrupt
 284:Drivers/STM32L4xx_HAL_Driver/Src/stm32l4xx_hal.c ****       (+) Resume the time base source interrupt
 285:Drivers/STM32L4xx_HAL_Driver/Src/stm32l4xx_hal.c ****       (+) Get the HAL API driver version
 286:Drivers/STM32L4xx_HAL_Driver/Src/stm32l4xx_hal.c ****       (+) Get the device identifier
 287:Drivers/STM32L4xx_HAL_Driver/Src/stm32l4xx_hal.c ****       (+) Get the device revision identifier
 288:Drivers/STM32L4xx_HAL_Driver/Src/stm32l4xx_hal.c **** 
 289:Drivers/STM32L4xx_HAL_Driver/Src/stm32l4xx_hal.c **** @endverbatim
 290:Drivers/STM32L4xx_HAL_Driver/Src/stm32l4xx_hal.c ****   * @{
 291:Drivers/STM32L4xx_HAL_Driver/Src/stm32l4xx_hal.c ****   */
 292:Drivers/STM32L4xx_HAL_Driver/Src/stm32l4xx_hal.c **** 
 293:Drivers/STM32L4xx_HAL_Driver/Src/stm32l4xx_hal.c **** /**
 294:Drivers/STM32L4xx_HAL_Driver/Src/stm32l4xx_hal.c ****   * @brief This function is called to increment a global variable "uwTick"
 295:Drivers/STM32L4xx_HAL_Driver/Src/stm32l4xx_hal.c ****   *        used as application time base.
 296:Drivers/STM32L4xx_HAL_Driver/Src/stm32l4xx_hal.c ****   * @note In the default implementation, this variable is incremented each 1ms
 297:Drivers/STM32L4xx_HAL_Driver/Src/stm32l4xx_hal.c ****   *       in SysTick ISR.
 298:Drivers/STM32L4xx_HAL_Driver/Src/stm32l4xx_hal.c ****  * @note This function is declared as __weak to be overwritten in case of other
 299:Drivers/STM32L4xx_HAL_Driver/Src/stm32l4xx_hal.c ****   *      implementations in user file.
 300:Drivers/STM32L4xx_HAL_Driver/Src/stm32l4xx_hal.c ****   * @retval None
 301:Drivers/STM32L4xx_HAL_Driver/Src/stm32l4xx_hal.c ****   */
 302:Drivers/STM32L4xx_HAL_Driver/Src/stm32l4xx_hal.c **** __weak void HAL_IncTick(void)
 303:Drivers/STM32L4xx_HAL_Driver/Src/stm32l4xx_hal.c **** {
 197              		.loc 1 303 0
 198              		.cfi_startproc
 199              		@ args = 0, pretend = 0, frame = 0
 200              		@ frame_needed = 0, uses_anonymous_args = 0
 201              		@ link register save eliminated.
 304:Drivers/STM32L4xx_HAL_Driver/Src/stm32l4xx_hal.c ****   uwTick++;
ARM GAS  /tmp/ccU9Q8Q9.s 			page 10


 202              		.loc 1 304 0
 203 0000 024A     		ldr	r2, .L14
 204 0002 1368     		ldr	r3, [r2]
 205 0004 0133     		adds	r3, r3, #1
 206 0006 1360     		str	r3, [r2]
 207 0008 7047     		bx	lr
 208              	.L15:
 209 000a 00BF     		.align	2
 210              	.L14:
 211 000c 00000000 		.word	uwTick
 212              		.cfi_endproc
 213              	.LFE130:
 215              		.section	.text.HAL_GetTick,"ax",%progbits
 216              		.align	2
 217              		.weak	HAL_GetTick
 218              		.thumb
 219              		.thumb_func
 221              	HAL_GetTick:
 222              	.LFB131:
 305:Drivers/STM32L4xx_HAL_Driver/Src/stm32l4xx_hal.c **** }
 306:Drivers/STM32L4xx_HAL_Driver/Src/stm32l4xx_hal.c **** 
 307:Drivers/STM32L4xx_HAL_Driver/Src/stm32l4xx_hal.c **** /**
 308:Drivers/STM32L4xx_HAL_Driver/Src/stm32l4xx_hal.c ****   * @brief Provide a tick value in millisecond.
 309:Drivers/STM32L4xx_HAL_Driver/Src/stm32l4xx_hal.c ****   * @note This function is declared as __weak to be overwritten in case of other
 310:Drivers/STM32L4xx_HAL_Driver/Src/stm32l4xx_hal.c ****   *       implementations in user file.
 311:Drivers/STM32L4xx_HAL_Driver/Src/stm32l4xx_hal.c ****   * @retval tick value
 312:Drivers/STM32L4xx_HAL_Driver/Src/stm32l4xx_hal.c ****   */
 313:Drivers/STM32L4xx_HAL_Driver/Src/stm32l4xx_hal.c **** __weak uint32_t HAL_GetTick(void)
 314:Drivers/STM32L4xx_HAL_Driver/Src/stm32l4xx_hal.c **** {
 223              		.loc 1 314 0
 224              		.cfi_startproc
 225              		@ args = 0, pretend = 0, frame = 0
 226              		@ frame_needed = 0, uses_anonymous_args = 0
 227              		@ link register save eliminated.
 315:Drivers/STM32L4xx_HAL_Driver/Src/stm32l4xx_hal.c ****   return uwTick;
 228              		.loc 1 315 0
 229 0000 014B     		ldr	r3, .L17
 230 0002 1868     		ldr	r0, [r3]
 316:Drivers/STM32L4xx_HAL_Driver/Src/stm32l4xx_hal.c **** }
 231              		.loc 1 316 0
 232 0004 7047     		bx	lr
 233              	.L18:
 234 0006 00BF     		.align	2
 235              	.L17:
 236 0008 00000000 		.word	uwTick
 237              		.cfi_endproc
 238              	.LFE131:
 240              		.section	.text.HAL_Delay,"ax",%progbits
 241              		.align	2
 242              		.weak	HAL_Delay
 243              		.thumb
 244              		.thumb_func
 246              	HAL_Delay:
 247              	.LFB132:
 317:Drivers/STM32L4xx_HAL_Driver/Src/stm32l4xx_hal.c **** 
 318:Drivers/STM32L4xx_HAL_Driver/Src/stm32l4xx_hal.c **** /**
 319:Drivers/STM32L4xx_HAL_Driver/Src/stm32l4xx_hal.c ****   * @brief This function provides minimum delay (in milliseconds) based 
ARM GAS  /tmp/ccU9Q8Q9.s 			page 11


 320:Drivers/STM32L4xx_HAL_Driver/Src/stm32l4xx_hal.c ****   *        on variable incremented. 
 321:Drivers/STM32L4xx_HAL_Driver/Src/stm32l4xx_hal.c ****   * @note In the default implementation , SysTick timer is the source of time base.
 322:Drivers/STM32L4xx_HAL_Driver/Src/stm32l4xx_hal.c ****   *       It is used to generate interrupts at regular time intervals where uwTick
 323:Drivers/STM32L4xx_HAL_Driver/Src/stm32l4xx_hal.c ****   *       is incremented.
 324:Drivers/STM32L4xx_HAL_Driver/Src/stm32l4xx_hal.c ****   * @note This function is declared as __weak to be overwritten in case of other
 325:Drivers/STM32L4xx_HAL_Driver/Src/stm32l4xx_hal.c ****   *       implementations in user file.
 326:Drivers/STM32L4xx_HAL_Driver/Src/stm32l4xx_hal.c ****   * @param Delay  specifies the delay time length, in milliseconds.
 327:Drivers/STM32L4xx_HAL_Driver/Src/stm32l4xx_hal.c ****   * @retval None
 328:Drivers/STM32L4xx_HAL_Driver/Src/stm32l4xx_hal.c ****   */
 329:Drivers/STM32L4xx_HAL_Driver/Src/stm32l4xx_hal.c **** __weak void HAL_Delay(uint32_t Delay)
 330:Drivers/STM32L4xx_HAL_Driver/Src/stm32l4xx_hal.c **** {
 248              		.loc 1 330 0
 249              		.cfi_startproc
 250              		@ args = 0, pretend = 0, frame = 0
 251              		@ frame_needed = 0, uses_anonymous_args = 0
 252              	.LVL9:
 253 0000 38B5     		push	{r3, r4, r5, lr}
 254              	.LCFI3:
 255              		.cfi_def_cfa_offset 16
 256              		.cfi_offset 3, -16
 257              		.cfi_offset 4, -12
 258              		.cfi_offset 5, -8
 259              		.cfi_offset 14, -4
 260 0002 0446     		mov	r4, r0
 331:Drivers/STM32L4xx_HAL_Driver/Src/stm32l4xx_hal.c ****   uint32_t tickstart = HAL_GetTick();
 261              		.loc 1 331 0
 262 0004 FFF7FEFF 		bl	HAL_GetTick
 263              	.LVL10:
 264 0008 0546     		mov	r5, r0
 265              	.LVL11:
 332:Drivers/STM32L4xx_HAL_Driver/Src/stm32l4xx_hal.c ****   uint32_t wait = Delay;
 333:Drivers/STM32L4xx_HAL_Driver/Src/stm32l4xx_hal.c **** 
 334:Drivers/STM32L4xx_HAL_Driver/Src/stm32l4xx_hal.c ****   /* Add a period to guaranty minimum wait */
 335:Drivers/STM32L4xx_HAL_Driver/Src/stm32l4xx_hal.c ****   if (wait < HAL_MAX_DELAY)
 266              		.loc 1 335 0
 267 000a B4F1FF3F 		cmp	r4, #-1
 268 000e 00D0     		beq	.L21
 336:Drivers/STM32L4xx_HAL_Driver/Src/stm32l4xx_hal.c ****   {
 337:Drivers/STM32L4xx_HAL_Driver/Src/stm32l4xx_hal.c ****     wait++;
 269              		.loc 1 337 0
 270 0010 0134     		adds	r4, r4, #1
 271              	.LVL12:
 272              	.L21:
 338:Drivers/STM32L4xx_HAL_Driver/Src/stm32l4xx_hal.c ****   } 
 339:Drivers/STM32L4xx_HAL_Driver/Src/stm32l4xx_hal.c **** 
 340:Drivers/STM32L4xx_HAL_Driver/Src/stm32l4xx_hal.c ****   while((HAL_GetTick() - tickstart) < wait)
 273              		.loc 1 340 0 discriminator 1
 274 0012 FFF7FEFF 		bl	HAL_GetTick
 275              	.LVL13:
 276 0016 401B     		subs	r0, r0, r5
 277 0018 8442     		cmp	r4, r0
 278 001a FAD8     		bhi	.L21
 341:Drivers/STM32L4xx_HAL_Driver/Src/stm32l4xx_hal.c ****   {
 342:Drivers/STM32L4xx_HAL_Driver/Src/stm32l4xx_hal.c ****   }
 343:Drivers/STM32L4xx_HAL_Driver/Src/stm32l4xx_hal.c **** }
 279              		.loc 1 343 0
 280 001c 38BD     		pop	{r3, r4, r5, pc}
ARM GAS  /tmp/ccU9Q8Q9.s 			page 12


 281              		.cfi_endproc
 282              	.LFE132:
 284 001e 00BF     		.section	.text.HAL_SuspendTick,"ax",%progbits
 285              		.align	2
 286              		.weak	HAL_SuspendTick
 287              		.thumb
 288              		.thumb_func
 290              	HAL_SuspendTick:
 291              	.LFB133:
 344:Drivers/STM32L4xx_HAL_Driver/Src/stm32l4xx_hal.c **** 
 345:Drivers/STM32L4xx_HAL_Driver/Src/stm32l4xx_hal.c **** /**
 346:Drivers/STM32L4xx_HAL_Driver/Src/stm32l4xx_hal.c ****   * @brief Suspend Tick increment.
 347:Drivers/STM32L4xx_HAL_Driver/Src/stm32l4xx_hal.c ****   * @note In the default implementation , SysTick timer is the source of time base. It is
 348:Drivers/STM32L4xx_HAL_Driver/Src/stm32l4xx_hal.c ****   *       used to generate interrupts at regular time intervals. Once HAL_SuspendTick()
 349:Drivers/STM32L4xx_HAL_Driver/Src/stm32l4xx_hal.c ****   *       is called, the SysTick interrupt will be disabled and so Tick increment
 350:Drivers/STM32L4xx_HAL_Driver/Src/stm32l4xx_hal.c ****   *       is suspended.
 351:Drivers/STM32L4xx_HAL_Driver/Src/stm32l4xx_hal.c ****   * @note This function is declared as __weak to be overwritten in case of other
 352:Drivers/STM32L4xx_HAL_Driver/Src/stm32l4xx_hal.c ****   *       implementations in user file.
 353:Drivers/STM32L4xx_HAL_Driver/Src/stm32l4xx_hal.c ****   * @retval None
 354:Drivers/STM32L4xx_HAL_Driver/Src/stm32l4xx_hal.c ****   */
 355:Drivers/STM32L4xx_HAL_Driver/Src/stm32l4xx_hal.c **** __weak void HAL_SuspendTick(void)
 356:Drivers/STM32L4xx_HAL_Driver/Src/stm32l4xx_hal.c **** {
 292              		.loc 1 356 0
 293              		.cfi_startproc
 294              		@ args = 0, pretend = 0, frame = 0
 295              		@ frame_needed = 0, uses_anonymous_args = 0
 296              		@ link register save eliminated.
 357:Drivers/STM32L4xx_HAL_Driver/Src/stm32l4xx_hal.c ****   /* Disable SysTick Interrupt */
 358:Drivers/STM32L4xx_HAL_Driver/Src/stm32l4xx_hal.c ****   SysTick->CTRL &= ~SysTick_CTRL_TICKINT_Msk;
 297              		.loc 1 358 0
 298 0000 024A     		ldr	r2, .L24
 299 0002 1368     		ldr	r3, [r2]
 300 0004 23F00203 		bic	r3, r3, #2
 301 0008 1360     		str	r3, [r2]
 302 000a 7047     		bx	lr
 303              	.L25:
 304              		.align	2
 305              	.L24:
 306 000c 10E000E0 		.word	-536813552
 307              		.cfi_endproc
 308              	.LFE133:
 310              		.section	.text.HAL_ResumeTick,"ax",%progbits
 311              		.align	2
 312              		.weak	HAL_ResumeTick
 313              		.thumb
 314              		.thumb_func
 316              	HAL_ResumeTick:
 317              	.LFB134:
 359:Drivers/STM32L4xx_HAL_Driver/Src/stm32l4xx_hal.c **** }
 360:Drivers/STM32L4xx_HAL_Driver/Src/stm32l4xx_hal.c **** 
 361:Drivers/STM32L4xx_HAL_Driver/Src/stm32l4xx_hal.c **** /**
 362:Drivers/STM32L4xx_HAL_Driver/Src/stm32l4xx_hal.c ****   * @brief Resume Tick increment.
 363:Drivers/STM32L4xx_HAL_Driver/Src/stm32l4xx_hal.c ****   * @note In the default implementation , SysTick timer is the source of time base. It is
 364:Drivers/STM32L4xx_HAL_Driver/Src/stm32l4xx_hal.c ****   *       used to generate interrupts at regular time intervals. Once HAL_ResumeTick()
 365:Drivers/STM32L4xx_HAL_Driver/Src/stm32l4xx_hal.c ****   *       is called, the SysTick interrupt will be enabled and so Tick increment
 366:Drivers/STM32L4xx_HAL_Driver/Src/stm32l4xx_hal.c ****   *       is resumed.
 367:Drivers/STM32L4xx_HAL_Driver/Src/stm32l4xx_hal.c ****   * @note This function is declared as __weak to be overwritten in case of other
ARM GAS  /tmp/ccU9Q8Q9.s 			page 13


 368:Drivers/STM32L4xx_HAL_Driver/Src/stm32l4xx_hal.c ****   *       implementations in user file.
 369:Drivers/STM32L4xx_HAL_Driver/Src/stm32l4xx_hal.c ****   * @retval None
 370:Drivers/STM32L4xx_HAL_Driver/Src/stm32l4xx_hal.c ****   */
 371:Drivers/STM32L4xx_HAL_Driver/Src/stm32l4xx_hal.c **** __weak void HAL_ResumeTick(void)
 372:Drivers/STM32L4xx_HAL_Driver/Src/stm32l4xx_hal.c **** {
 318              		.loc 1 372 0
 319              		.cfi_startproc
 320              		@ args = 0, pretend = 0, frame = 0
 321              		@ frame_needed = 0, uses_anonymous_args = 0
 322              		@ link register save eliminated.
 373:Drivers/STM32L4xx_HAL_Driver/Src/stm32l4xx_hal.c ****   /* Enable SysTick Interrupt */
 374:Drivers/STM32L4xx_HAL_Driver/Src/stm32l4xx_hal.c ****   SysTick->CTRL  |= SysTick_CTRL_TICKINT_Msk;
 323              		.loc 1 374 0
 324 0000 024A     		ldr	r2, .L27
 325 0002 1368     		ldr	r3, [r2]
 326 0004 43F00203 		orr	r3, r3, #2
 327 0008 1360     		str	r3, [r2]
 328 000a 7047     		bx	lr
 329              	.L28:
 330              		.align	2
 331              	.L27:
 332 000c 10E000E0 		.word	-536813552
 333              		.cfi_endproc
 334              	.LFE134:
 336              		.section	.text.HAL_GetHalVersion,"ax",%progbits
 337              		.align	2
 338              		.global	HAL_GetHalVersion
 339              		.thumb
 340              		.thumb_func
 342              	HAL_GetHalVersion:
 343              	.LFB135:
 375:Drivers/STM32L4xx_HAL_Driver/Src/stm32l4xx_hal.c **** }
 376:Drivers/STM32L4xx_HAL_Driver/Src/stm32l4xx_hal.c **** 
 377:Drivers/STM32L4xx_HAL_Driver/Src/stm32l4xx_hal.c **** /**
 378:Drivers/STM32L4xx_HAL_Driver/Src/stm32l4xx_hal.c ****   * @brief  Return the HAL revision.
 379:Drivers/STM32L4xx_HAL_Driver/Src/stm32l4xx_hal.c ****   * @retval version : 0xXYZR (8bits for each decimal, R for RC)
 380:Drivers/STM32L4xx_HAL_Driver/Src/stm32l4xx_hal.c ****   */
 381:Drivers/STM32L4xx_HAL_Driver/Src/stm32l4xx_hal.c **** uint32_t HAL_GetHalVersion(void)
 382:Drivers/STM32L4xx_HAL_Driver/Src/stm32l4xx_hal.c **** {
 344              		.loc 1 382 0
 345              		.cfi_startproc
 346              		@ args = 0, pretend = 0, frame = 0
 347              		@ frame_needed = 0, uses_anonymous_args = 0
 348              		@ link register save eliminated.
 383:Drivers/STM32L4xx_HAL_Driver/Src/stm32l4xx_hal.c ****  return __STM32L4xx_HAL_VERSION;
 384:Drivers/STM32L4xx_HAL_Driver/Src/stm32l4xx_hal.c **** }
 349              		.loc 1 384 0
 350 0000 0048     		ldr	r0, .L30
 351 0002 7047     		bx	lr
 352              	.L31:
 353              		.align	2
 354              	.L30:
 355 0004 00010801 		.word	17301760
 356              		.cfi_endproc
 357              	.LFE135:
 359              		.section	.text.HAL_GetREVID,"ax",%progbits
 360              		.align	2
ARM GAS  /tmp/ccU9Q8Q9.s 			page 14


 361              		.global	HAL_GetREVID
 362              		.thumb
 363              		.thumb_func
 365              	HAL_GetREVID:
 366              	.LFB136:
 385:Drivers/STM32L4xx_HAL_Driver/Src/stm32l4xx_hal.c **** 
 386:Drivers/STM32L4xx_HAL_Driver/Src/stm32l4xx_hal.c **** /**
 387:Drivers/STM32L4xx_HAL_Driver/Src/stm32l4xx_hal.c ****   * @brief  Return the device revision identifier.
 388:Drivers/STM32L4xx_HAL_Driver/Src/stm32l4xx_hal.c ****   * @retval Device revision identifier
 389:Drivers/STM32L4xx_HAL_Driver/Src/stm32l4xx_hal.c ****   */
 390:Drivers/STM32L4xx_HAL_Driver/Src/stm32l4xx_hal.c **** uint32_t HAL_GetREVID(void)
 391:Drivers/STM32L4xx_HAL_Driver/Src/stm32l4xx_hal.c **** {
 367              		.loc 1 391 0
 368              		.cfi_startproc
 369              		@ args = 0, pretend = 0, frame = 0
 370              		@ frame_needed = 0, uses_anonymous_args = 0
 371              		@ link register save eliminated.
 392:Drivers/STM32L4xx_HAL_Driver/Src/stm32l4xx_hal.c ****    return((DBGMCU->IDCODE & DBGMCU_IDCODE_REV_ID) >> 16);
 372              		.loc 1 392 0
 373 0000 014B     		ldr	r3, .L33
 374 0002 1868     		ldr	r0, [r3]
 393:Drivers/STM32L4xx_HAL_Driver/Src/stm32l4xx_hal.c **** }
 375              		.loc 1 393 0
 376 0004 000C     		lsrs	r0, r0, #16
 377 0006 7047     		bx	lr
 378              	.L34:
 379              		.align	2
 380              	.L33:
 381 0008 002004E0 		.word	-536600576
 382              		.cfi_endproc
 383              	.LFE136:
 385              		.section	.text.HAL_GetDEVID,"ax",%progbits
 386              		.align	2
 387              		.global	HAL_GetDEVID
 388              		.thumb
 389              		.thumb_func
 391              	HAL_GetDEVID:
 392              	.LFB137:
 394:Drivers/STM32L4xx_HAL_Driver/Src/stm32l4xx_hal.c **** 
 395:Drivers/STM32L4xx_HAL_Driver/Src/stm32l4xx_hal.c **** /**
 396:Drivers/STM32L4xx_HAL_Driver/Src/stm32l4xx_hal.c ****   * @brief  Return the device identifier.
 397:Drivers/STM32L4xx_HAL_Driver/Src/stm32l4xx_hal.c ****   * @retval Device identifier
 398:Drivers/STM32L4xx_HAL_Driver/Src/stm32l4xx_hal.c ****   */
 399:Drivers/STM32L4xx_HAL_Driver/Src/stm32l4xx_hal.c **** uint32_t HAL_GetDEVID(void)
 400:Drivers/STM32L4xx_HAL_Driver/Src/stm32l4xx_hal.c **** {
 393              		.loc 1 400 0
 394              		.cfi_startproc
 395              		@ args = 0, pretend = 0, frame = 0
 396              		@ frame_needed = 0, uses_anonymous_args = 0
 397              		@ link register save eliminated.
 401:Drivers/STM32L4xx_HAL_Driver/Src/stm32l4xx_hal.c ****    return(DBGMCU->IDCODE & DBGMCU_IDCODE_DEV_ID);
 398              		.loc 1 401 0
 399 0000 024B     		ldr	r3, .L36
 400 0002 1868     		ldr	r0, [r3]
 402:Drivers/STM32L4xx_HAL_Driver/Src/stm32l4xx_hal.c **** }
 401              		.loc 1 402 0
 402 0004 C0F30B00 		ubfx	r0, r0, #0, #12
ARM GAS  /tmp/ccU9Q8Q9.s 			page 15


 403 0008 7047     		bx	lr
 404              	.L37:
 405 000a 00BF     		.align	2
 406              	.L36:
 407 000c 002004E0 		.word	-536600576
 408              		.cfi_endproc
 409              	.LFE137:
 411              		.section	.text.HAL_GetUIDw0,"ax",%progbits
 412              		.align	2
 413              		.global	HAL_GetUIDw0
 414              		.thumb
 415              		.thumb_func
 417              	HAL_GetUIDw0:
 418              	.LFB138:
 403:Drivers/STM32L4xx_HAL_Driver/Src/stm32l4xx_hal.c **** 
 404:Drivers/STM32L4xx_HAL_Driver/Src/stm32l4xx_hal.c **** /**
 405:Drivers/STM32L4xx_HAL_Driver/Src/stm32l4xx_hal.c ****   * @brief  Return the first word of the unique device identifier (UID based on 96 bits)
 406:Drivers/STM32L4xx_HAL_Driver/Src/stm32l4xx_hal.c ****   * @retval Device identifier
 407:Drivers/STM32L4xx_HAL_Driver/Src/stm32l4xx_hal.c ****   */
 408:Drivers/STM32L4xx_HAL_Driver/Src/stm32l4xx_hal.c **** uint32_t HAL_GetUIDw0(void)
 409:Drivers/STM32L4xx_HAL_Driver/Src/stm32l4xx_hal.c **** {
 419              		.loc 1 409 0
 420              		.cfi_startproc
 421              		@ args = 0, pretend = 0, frame = 0
 422              		@ frame_needed = 0, uses_anonymous_args = 0
 423              		@ link register save eliminated.
 410:Drivers/STM32L4xx_HAL_Driver/Src/stm32l4xx_hal.c ****    return(READ_REG(*((uint32_t *)UID_BASE)));
 411:Drivers/STM32L4xx_HAL_Driver/Src/stm32l4xx_hal.c **** }
 424              		.loc 1 411 0
 425 0000 014B     		ldr	r3, .L39
 426 0002 1868     		ldr	r0, [r3]
 427 0004 7047     		bx	lr
 428              	.L40:
 429 0006 00BF     		.align	2
 430              	.L39:
 431 0008 9075FF1F 		.word	536835472
 432              		.cfi_endproc
 433              	.LFE138:
 435              		.section	.text.HAL_GetUIDw1,"ax",%progbits
 436              		.align	2
 437              		.global	HAL_GetUIDw1
 438              		.thumb
 439              		.thumb_func
 441              	HAL_GetUIDw1:
 442              	.LFB139:
 412:Drivers/STM32L4xx_HAL_Driver/Src/stm32l4xx_hal.c **** 
 413:Drivers/STM32L4xx_HAL_Driver/Src/stm32l4xx_hal.c **** /**
 414:Drivers/STM32L4xx_HAL_Driver/Src/stm32l4xx_hal.c ****   * @brief  Return the second word of the unique device identifier (UID based on 96 bits)
 415:Drivers/STM32L4xx_HAL_Driver/Src/stm32l4xx_hal.c ****   * @retval Device identifier
 416:Drivers/STM32L4xx_HAL_Driver/Src/stm32l4xx_hal.c ****   */
 417:Drivers/STM32L4xx_HAL_Driver/Src/stm32l4xx_hal.c **** uint32_t HAL_GetUIDw1(void)
 418:Drivers/STM32L4xx_HAL_Driver/Src/stm32l4xx_hal.c **** {
 443              		.loc 1 418 0
 444              		.cfi_startproc
 445              		@ args = 0, pretend = 0, frame = 0
 446              		@ frame_needed = 0, uses_anonymous_args = 0
 447              		@ link register save eliminated.
ARM GAS  /tmp/ccU9Q8Q9.s 			page 16


 419:Drivers/STM32L4xx_HAL_Driver/Src/stm32l4xx_hal.c ****    return(READ_REG(*((uint32_t *)(UID_BASE + 4U))));
 420:Drivers/STM32L4xx_HAL_Driver/Src/stm32l4xx_hal.c **** }
 448              		.loc 1 420 0
 449 0000 014B     		ldr	r3, .L42
 450 0002 1868     		ldr	r0, [r3]
 451 0004 7047     		bx	lr
 452              	.L43:
 453 0006 00BF     		.align	2
 454              	.L42:
 455 0008 9475FF1F 		.word	536835476
 456              		.cfi_endproc
 457              	.LFE139:
 459              		.section	.text.HAL_GetUIDw2,"ax",%progbits
 460              		.align	2
 461              		.global	HAL_GetUIDw2
 462              		.thumb
 463              		.thumb_func
 465              	HAL_GetUIDw2:
 466              	.LFB140:
 421:Drivers/STM32L4xx_HAL_Driver/Src/stm32l4xx_hal.c **** 
 422:Drivers/STM32L4xx_HAL_Driver/Src/stm32l4xx_hal.c **** /**
 423:Drivers/STM32L4xx_HAL_Driver/Src/stm32l4xx_hal.c ****   * @brief  Return the third word of the unique device identifier (UID based on 96 bits)
 424:Drivers/STM32L4xx_HAL_Driver/Src/stm32l4xx_hal.c ****   * @retval Device identifier
 425:Drivers/STM32L4xx_HAL_Driver/Src/stm32l4xx_hal.c ****   */
 426:Drivers/STM32L4xx_HAL_Driver/Src/stm32l4xx_hal.c **** uint32_t HAL_GetUIDw2(void)
 427:Drivers/STM32L4xx_HAL_Driver/Src/stm32l4xx_hal.c **** {
 467              		.loc 1 427 0
 468              		.cfi_startproc
 469              		@ args = 0, pretend = 0, frame = 0
 470              		@ frame_needed = 0, uses_anonymous_args = 0
 471              		@ link register save eliminated.
 428:Drivers/STM32L4xx_HAL_Driver/Src/stm32l4xx_hal.c ****    return(READ_REG(*((uint32_t *)(UID_BASE + 8U))));
 429:Drivers/STM32L4xx_HAL_Driver/Src/stm32l4xx_hal.c **** }
 472              		.loc 1 429 0
 473 0000 014B     		ldr	r3, .L45
 474 0002 1868     		ldr	r0, [r3]
 475 0004 7047     		bx	lr
 476              	.L46:
 477 0006 00BF     		.align	2
 478              	.L45:
 479 0008 9875FF1F 		.word	536835480
 480              		.cfi_endproc
 481              	.LFE140:
 483              		.section	.text.HAL_DBGMCU_EnableDBGSleepMode,"ax",%progbits
 484              		.align	2
 485              		.global	HAL_DBGMCU_EnableDBGSleepMode
 486              		.thumb
 487              		.thumb_func
 489              	HAL_DBGMCU_EnableDBGSleepMode:
 490              	.LFB141:
 430:Drivers/STM32L4xx_HAL_Driver/Src/stm32l4xx_hal.c **** 
 431:Drivers/STM32L4xx_HAL_Driver/Src/stm32l4xx_hal.c **** /**
 432:Drivers/STM32L4xx_HAL_Driver/Src/stm32l4xx_hal.c ****   * @}
 433:Drivers/STM32L4xx_HAL_Driver/Src/stm32l4xx_hal.c ****   */
 434:Drivers/STM32L4xx_HAL_Driver/Src/stm32l4xx_hal.c **** 
 435:Drivers/STM32L4xx_HAL_Driver/Src/stm32l4xx_hal.c **** /** @defgroup HAL_Exported_Functions_Group3 HAL Debug functions
 436:Drivers/STM32L4xx_HAL_Driver/Src/stm32l4xx_hal.c ****  *  @brief    HAL Debug functions
ARM GAS  /tmp/ccU9Q8Q9.s 			page 17


 437:Drivers/STM32L4xx_HAL_Driver/Src/stm32l4xx_hal.c ****  *
 438:Drivers/STM32L4xx_HAL_Driver/Src/stm32l4xx_hal.c **** @verbatim
 439:Drivers/STM32L4xx_HAL_Driver/Src/stm32l4xx_hal.c ****  ===============================================================================
 440:Drivers/STM32L4xx_HAL_Driver/Src/stm32l4xx_hal.c ****                       ##### HAL Debug functions #####
 441:Drivers/STM32L4xx_HAL_Driver/Src/stm32l4xx_hal.c ****  ===============================================================================
 442:Drivers/STM32L4xx_HAL_Driver/Src/stm32l4xx_hal.c ****     [..]  This section provides functions allowing to:
 443:Drivers/STM32L4xx_HAL_Driver/Src/stm32l4xx_hal.c ****       (+) Enable/Disable Debug module during SLEEP mode
 444:Drivers/STM32L4xx_HAL_Driver/Src/stm32l4xx_hal.c ****       (+) Enable/Disable Debug module during STOP0/STOP1/STOP2 modes
 445:Drivers/STM32L4xx_HAL_Driver/Src/stm32l4xx_hal.c ****       (+) Enable/Disable Debug module during STANDBY mode
 446:Drivers/STM32L4xx_HAL_Driver/Src/stm32l4xx_hal.c **** 
 447:Drivers/STM32L4xx_HAL_Driver/Src/stm32l4xx_hal.c **** @endverbatim
 448:Drivers/STM32L4xx_HAL_Driver/Src/stm32l4xx_hal.c ****   * @{
 449:Drivers/STM32L4xx_HAL_Driver/Src/stm32l4xx_hal.c ****   */
 450:Drivers/STM32L4xx_HAL_Driver/Src/stm32l4xx_hal.c **** 
 451:Drivers/STM32L4xx_HAL_Driver/Src/stm32l4xx_hal.c **** /**
 452:Drivers/STM32L4xx_HAL_Driver/Src/stm32l4xx_hal.c ****   * @brief  Enable the Debug Module during SLEEP mode.
 453:Drivers/STM32L4xx_HAL_Driver/Src/stm32l4xx_hal.c ****   * @retval None
 454:Drivers/STM32L4xx_HAL_Driver/Src/stm32l4xx_hal.c ****   */
 455:Drivers/STM32L4xx_HAL_Driver/Src/stm32l4xx_hal.c **** void HAL_DBGMCU_EnableDBGSleepMode(void)
 456:Drivers/STM32L4xx_HAL_Driver/Src/stm32l4xx_hal.c **** {
 491              		.loc 1 456 0
 492              		.cfi_startproc
 493              		@ args = 0, pretend = 0, frame = 0
 494              		@ frame_needed = 0, uses_anonymous_args = 0
 495              		@ link register save eliminated.
 457:Drivers/STM32L4xx_HAL_Driver/Src/stm32l4xx_hal.c ****   SET_BIT(DBGMCU->CR, DBGMCU_CR_DBG_SLEEP);
 496              		.loc 1 457 0
 497 0000 024A     		ldr	r2, .L48
 498 0002 5368     		ldr	r3, [r2, #4]
 499 0004 43F00103 		orr	r3, r3, #1
 500 0008 5360     		str	r3, [r2, #4]
 501 000a 7047     		bx	lr
 502              	.L49:
 503              		.align	2
 504              	.L48:
 505 000c 002004E0 		.word	-536600576
 506              		.cfi_endproc
 507              	.LFE141:
 509              		.section	.text.HAL_DBGMCU_DisableDBGSleepMode,"ax",%progbits
 510              		.align	2
 511              		.global	HAL_DBGMCU_DisableDBGSleepMode
 512              		.thumb
 513              		.thumb_func
 515              	HAL_DBGMCU_DisableDBGSleepMode:
 516              	.LFB142:
 458:Drivers/STM32L4xx_HAL_Driver/Src/stm32l4xx_hal.c **** }
 459:Drivers/STM32L4xx_HAL_Driver/Src/stm32l4xx_hal.c **** 
 460:Drivers/STM32L4xx_HAL_Driver/Src/stm32l4xx_hal.c **** /**
 461:Drivers/STM32L4xx_HAL_Driver/Src/stm32l4xx_hal.c ****   * @brief  Disable the Debug Module during SLEEP mode.
 462:Drivers/STM32L4xx_HAL_Driver/Src/stm32l4xx_hal.c ****   * @retval None
 463:Drivers/STM32L4xx_HAL_Driver/Src/stm32l4xx_hal.c ****   */
 464:Drivers/STM32L4xx_HAL_Driver/Src/stm32l4xx_hal.c **** void HAL_DBGMCU_DisableDBGSleepMode(void)
 465:Drivers/STM32L4xx_HAL_Driver/Src/stm32l4xx_hal.c **** {
 517              		.loc 1 465 0
 518              		.cfi_startproc
 519              		@ args = 0, pretend = 0, frame = 0
 520              		@ frame_needed = 0, uses_anonymous_args = 0
ARM GAS  /tmp/ccU9Q8Q9.s 			page 18


 521              		@ link register save eliminated.
 466:Drivers/STM32L4xx_HAL_Driver/Src/stm32l4xx_hal.c ****   CLEAR_BIT(DBGMCU->CR, DBGMCU_CR_DBG_SLEEP);
 522              		.loc 1 466 0
 523 0000 024A     		ldr	r2, .L51
 524 0002 5368     		ldr	r3, [r2, #4]
 525 0004 23F00103 		bic	r3, r3, #1
 526 0008 5360     		str	r3, [r2, #4]
 527 000a 7047     		bx	lr
 528              	.L52:
 529              		.align	2
 530              	.L51:
 531 000c 002004E0 		.word	-536600576
 532              		.cfi_endproc
 533              	.LFE142:
 535              		.section	.text.HAL_DBGMCU_EnableDBGStopMode,"ax",%progbits
 536              		.align	2
 537              		.global	HAL_DBGMCU_EnableDBGStopMode
 538              		.thumb
 539              		.thumb_func
 541              	HAL_DBGMCU_EnableDBGStopMode:
 542              	.LFB143:
 467:Drivers/STM32L4xx_HAL_Driver/Src/stm32l4xx_hal.c **** }
 468:Drivers/STM32L4xx_HAL_Driver/Src/stm32l4xx_hal.c **** 
 469:Drivers/STM32L4xx_HAL_Driver/Src/stm32l4xx_hal.c **** /**
 470:Drivers/STM32L4xx_HAL_Driver/Src/stm32l4xx_hal.c ****   * @brief  Enable the Debug Module during STOP0/STOP1/STOP2 modes.
 471:Drivers/STM32L4xx_HAL_Driver/Src/stm32l4xx_hal.c ****   * @retval None
 472:Drivers/STM32L4xx_HAL_Driver/Src/stm32l4xx_hal.c ****   */
 473:Drivers/STM32L4xx_HAL_Driver/Src/stm32l4xx_hal.c **** void HAL_DBGMCU_EnableDBGStopMode(void)
 474:Drivers/STM32L4xx_HAL_Driver/Src/stm32l4xx_hal.c **** {
 543              		.loc 1 474 0
 544              		.cfi_startproc
 545              		@ args = 0, pretend = 0, frame = 0
 546              		@ frame_needed = 0, uses_anonymous_args = 0
 547              		@ link register save eliminated.
 475:Drivers/STM32L4xx_HAL_Driver/Src/stm32l4xx_hal.c ****   SET_BIT(DBGMCU->CR, DBGMCU_CR_DBG_STOP);
 548              		.loc 1 475 0
 549 0000 024A     		ldr	r2, .L54
 550 0002 5368     		ldr	r3, [r2, #4]
 551 0004 43F00203 		orr	r3, r3, #2
 552 0008 5360     		str	r3, [r2, #4]
 553 000a 7047     		bx	lr
 554              	.L55:
 555              		.align	2
 556              	.L54:
 557 000c 002004E0 		.word	-536600576
 558              		.cfi_endproc
 559              	.LFE143:
 561              		.section	.text.HAL_DBGMCU_DisableDBGStopMode,"ax",%progbits
 562              		.align	2
 563              		.global	HAL_DBGMCU_DisableDBGStopMode
 564              		.thumb
 565              		.thumb_func
 567              	HAL_DBGMCU_DisableDBGStopMode:
 568              	.LFB144:
 476:Drivers/STM32L4xx_HAL_Driver/Src/stm32l4xx_hal.c **** }
 477:Drivers/STM32L4xx_HAL_Driver/Src/stm32l4xx_hal.c **** 
 478:Drivers/STM32L4xx_HAL_Driver/Src/stm32l4xx_hal.c **** /**
ARM GAS  /tmp/ccU9Q8Q9.s 			page 19


 479:Drivers/STM32L4xx_HAL_Driver/Src/stm32l4xx_hal.c ****   * @brief  Disable the Debug Module during STOP0/STOP1/STOP2 modes.
 480:Drivers/STM32L4xx_HAL_Driver/Src/stm32l4xx_hal.c ****   * @retval None
 481:Drivers/STM32L4xx_HAL_Driver/Src/stm32l4xx_hal.c ****   */
 482:Drivers/STM32L4xx_HAL_Driver/Src/stm32l4xx_hal.c **** void HAL_DBGMCU_DisableDBGStopMode(void)
 483:Drivers/STM32L4xx_HAL_Driver/Src/stm32l4xx_hal.c **** {
 569              		.loc 1 483 0
 570              		.cfi_startproc
 571              		@ args = 0, pretend = 0, frame = 0
 572              		@ frame_needed = 0, uses_anonymous_args = 0
 573              		@ link register save eliminated.
 484:Drivers/STM32L4xx_HAL_Driver/Src/stm32l4xx_hal.c ****   CLEAR_BIT(DBGMCU->CR, DBGMCU_CR_DBG_STOP);
 574              		.loc 1 484 0
 575 0000 024A     		ldr	r2, .L57
 576 0002 5368     		ldr	r3, [r2, #4]
 577 0004 23F00203 		bic	r3, r3, #2
 578 0008 5360     		str	r3, [r2, #4]
 579 000a 7047     		bx	lr
 580              	.L58:
 581              		.align	2
 582              	.L57:
 583 000c 002004E0 		.word	-536600576
 584              		.cfi_endproc
 585              	.LFE144:
 587              		.section	.text.HAL_DBGMCU_EnableDBGStandbyMode,"ax",%progbits
 588              		.align	2
 589              		.global	HAL_DBGMCU_EnableDBGStandbyMode
 590              		.thumb
 591              		.thumb_func
 593              	HAL_DBGMCU_EnableDBGStandbyMode:
 594              	.LFB145:
 485:Drivers/STM32L4xx_HAL_Driver/Src/stm32l4xx_hal.c **** }
 486:Drivers/STM32L4xx_HAL_Driver/Src/stm32l4xx_hal.c **** 
 487:Drivers/STM32L4xx_HAL_Driver/Src/stm32l4xx_hal.c **** /**
 488:Drivers/STM32L4xx_HAL_Driver/Src/stm32l4xx_hal.c ****   * @brief  Enable the Debug Module during STANDBY mode.
 489:Drivers/STM32L4xx_HAL_Driver/Src/stm32l4xx_hal.c ****   * @retval None
 490:Drivers/STM32L4xx_HAL_Driver/Src/stm32l4xx_hal.c ****   */
 491:Drivers/STM32L4xx_HAL_Driver/Src/stm32l4xx_hal.c **** void HAL_DBGMCU_EnableDBGStandbyMode(void)
 492:Drivers/STM32L4xx_HAL_Driver/Src/stm32l4xx_hal.c **** {
 595              		.loc 1 492 0
 596              		.cfi_startproc
 597              		@ args = 0, pretend = 0, frame = 0
 598              		@ frame_needed = 0, uses_anonymous_args = 0
 599              		@ link register save eliminated.
 493:Drivers/STM32L4xx_HAL_Driver/Src/stm32l4xx_hal.c ****   SET_BIT(DBGMCU->CR, DBGMCU_CR_DBG_STANDBY);
 600              		.loc 1 493 0
 601 0000 024A     		ldr	r2, .L60
 602 0002 5368     		ldr	r3, [r2, #4]
 603 0004 43F00403 		orr	r3, r3, #4
 604 0008 5360     		str	r3, [r2, #4]
 605 000a 7047     		bx	lr
 606              	.L61:
 607              		.align	2
 608              	.L60:
 609 000c 002004E0 		.word	-536600576
 610              		.cfi_endproc
 611              	.LFE145:
 613              		.section	.text.HAL_DBGMCU_DisableDBGStandbyMode,"ax",%progbits
ARM GAS  /tmp/ccU9Q8Q9.s 			page 20


 614              		.align	2
 615              		.global	HAL_DBGMCU_DisableDBGStandbyMode
 616              		.thumb
 617              		.thumb_func
 619              	HAL_DBGMCU_DisableDBGStandbyMode:
 620              	.LFB146:
 494:Drivers/STM32L4xx_HAL_Driver/Src/stm32l4xx_hal.c **** }
 495:Drivers/STM32L4xx_HAL_Driver/Src/stm32l4xx_hal.c **** 
 496:Drivers/STM32L4xx_HAL_Driver/Src/stm32l4xx_hal.c **** /**
 497:Drivers/STM32L4xx_HAL_Driver/Src/stm32l4xx_hal.c ****   * @brief  Disable the Debug Module during STANDBY mode.
 498:Drivers/STM32L4xx_HAL_Driver/Src/stm32l4xx_hal.c ****   * @retval None
 499:Drivers/STM32L4xx_HAL_Driver/Src/stm32l4xx_hal.c ****   */
 500:Drivers/STM32L4xx_HAL_Driver/Src/stm32l4xx_hal.c **** void HAL_DBGMCU_DisableDBGStandbyMode(void)
 501:Drivers/STM32L4xx_HAL_Driver/Src/stm32l4xx_hal.c **** {
 621              		.loc 1 501 0
 622              		.cfi_startproc
 623              		@ args = 0, pretend = 0, frame = 0
 624              		@ frame_needed = 0, uses_anonymous_args = 0
 625              		@ link register save eliminated.
 502:Drivers/STM32L4xx_HAL_Driver/Src/stm32l4xx_hal.c ****   CLEAR_BIT(DBGMCU->CR, DBGMCU_CR_DBG_STANDBY);
 626              		.loc 1 502 0
 627 0000 024A     		ldr	r2, .L63
 628 0002 5368     		ldr	r3, [r2, #4]
 629 0004 23F00403 		bic	r3, r3, #4
 630 0008 5360     		str	r3, [r2, #4]
 631 000a 7047     		bx	lr
 632              	.L64:
 633              		.align	2
 634              	.L63:
 635 000c 002004E0 		.word	-536600576
 636              		.cfi_endproc
 637              	.LFE146:
 639              		.section	.text.HAL_SYSCFG_SRAM2Erase,"ax",%progbits
 640              		.align	2
 641              		.global	HAL_SYSCFG_SRAM2Erase
 642              		.thumb
 643              		.thumb_func
 645              	HAL_SYSCFG_SRAM2Erase:
 646              	.LFB147:
 503:Drivers/STM32L4xx_HAL_Driver/Src/stm32l4xx_hal.c **** }
 504:Drivers/STM32L4xx_HAL_Driver/Src/stm32l4xx_hal.c **** 
 505:Drivers/STM32L4xx_HAL_Driver/Src/stm32l4xx_hal.c **** /**
 506:Drivers/STM32L4xx_HAL_Driver/Src/stm32l4xx_hal.c ****   * @}
 507:Drivers/STM32L4xx_HAL_Driver/Src/stm32l4xx_hal.c ****   */
 508:Drivers/STM32L4xx_HAL_Driver/Src/stm32l4xx_hal.c **** 
 509:Drivers/STM32L4xx_HAL_Driver/Src/stm32l4xx_hal.c **** /** @defgroup HAL_Exported_Functions_Group4 HAL SYSCFG configuration functions
 510:Drivers/STM32L4xx_HAL_Driver/Src/stm32l4xx_hal.c ****  *  @brief    HAL SYSCFG configuration functions
 511:Drivers/STM32L4xx_HAL_Driver/Src/stm32l4xx_hal.c ****  *
 512:Drivers/STM32L4xx_HAL_Driver/Src/stm32l4xx_hal.c **** @verbatim
 513:Drivers/STM32L4xx_HAL_Driver/Src/stm32l4xx_hal.c ****  ===============================================================================
 514:Drivers/STM32L4xx_HAL_Driver/Src/stm32l4xx_hal.c ****                       ##### HAL SYSCFG configuration functions #####
 515:Drivers/STM32L4xx_HAL_Driver/Src/stm32l4xx_hal.c ****  ===============================================================================
 516:Drivers/STM32L4xx_HAL_Driver/Src/stm32l4xx_hal.c ****     [..]  This section provides functions allowing to:
 517:Drivers/STM32L4xx_HAL_Driver/Src/stm32l4xx_hal.c ****       (+) Start a hardware SRAM2 erase operation
 518:Drivers/STM32L4xx_HAL_Driver/Src/stm32l4xx_hal.c ****       (+) Enable/Disable the Internal FLASH Bank Swapping
 519:Drivers/STM32L4xx_HAL_Driver/Src/stm32l4xx_hal.c ****       (+) Configure the Voltage reference buffer
 520:Drivers/STM32L4xx_HAL_Driver/Src/stm32l4xx_hal.c ****       (+) Enable/Disable the Voltage reference buffer
ARM GAS  /tmp/ccU9Q8Q9.s 			page 21


 521:Drivers/STM32L4xx_HAL_Driver/Src/stm32l4xx_hal.c ****       (+) Enable/Disable the I/O analog switch voltage booster
 522:Drivers/STM32L4xx_HAL_Driver/Src/stm32l4xx_hal.c **** 
 523:Drivers/STM32L4xx_HAL_Driver/Src/stm32l4xx_hal.c **** @endverbatim
 524:Drivers/STM32L4xx_HAL_Driver/Src/stm32l4xx_hal.c ****   * @{
 525:Drivers/STM32L4xx_HAL_Driver/Src/stm32l4xx_hal.c ****   */
 526:Drivers/STM32L4xx_HAL_Driver/Src/stm32l4xx_hal.c **** 
 527:Drivers/STM32L4xx_HAL_Driver/Src/stm32l4xx_hal.c **** /**
 528:Drivers/STM32L4xx_HAL_Driver/Src/stm32l4xx_hal.c ****   * @brief  Start a hardware SRAM2 erase operation.
 529:Drivers/STM32L4xx_HAL_Driver/Src/stm32l4xx_hal.c ****   * @note   As long as SRAM2 is not erased the SRAM2ER bit will be set.
 530:Drivers/STM32L4xx_HAL_Driver/Src/stm32l4xx_hal.c ****   *         This bit is automatically reset at the end of the SRAM2 erase operation.
 531:Drivers/STM32L4xx_HAL_Driver/Src/stm32l4xx_hal.c ****   * @retval None
 532:Drivers/STM32L4xx_HAL_Driver/Src/stm32l4xx_hal.c ****   */
 533:Drivers/STM32L4xx_HAL_Driver/Src/stm32l4xx_hal.c **** void HAL_SYSCFG_SRAM2Erase(void)
 534:Drivers/STM32L4xx_HAL_Driver/Src/stm32l4xx_hal.c **** {
 647              		.loc 1 534 0
 648              		.cfi_startproc
 649              		@ args = 0, pretend = 0, frame = 0
 650              		@ frame_needed = 0, uses_anonymous_args = 0
 651              		@ link register save eliminated.
 535:Drivers/STM32L4xx_HAL_Driver/Src/stm32l4xx_hal.c ****   /* unlock the write protection of the SRAM2ER bit */
 536:Drivers/STM32L4xx_HAL_Driver/Src/stm32l4xx_hal.c ****   SYSCFG->SKR = 0xCA;
 652              		.loc 1 536 0
 653 0000 054B     		ldr	r3, .L66
 654 0002 CA22     		movs	r2, #202
 655 0004 5A62     		str	r2, [r3, #36]
 537:Drivers/STM32L4xx_HAL_Driver/Src/stm32l4xx_hal.c ****   SYSCFG->SKR = 0x53;
 656              		.loc 1 537 0
 657 0006 5322     		movs	r2, #83
 658 0008 5A62     		str	r2, [r3, #36]
 538:Drivers/STM32L4xx_HAL_Driver/Src/stm32l4xx_hal.c ****   /* Starts a hardware SRAM2 erase operation*/
 539:Drivers/STM32L4xx_HAL_Driver/Src/stm32l4xx_hal.c ****   *(__IO uint32_t *) SCSR_SRAM2ER_BB = (uint8_t)0x00000001;
 659              		.loc 1 539 0
 660 000a 0122     		movs	r2, #1
 661 000c A3F1FD23 		sub	r3, r3, #-50266880
 662 0010 A3F56003 		sub	r3, r3, #14680064
 663 0014 1A60     		str	r2, [r3]
 664 0016 7047     		bx	lr
 665              	.L67:
 666              		.align	2
 667              	.L66:
 668 0018 00000140 		.word	1073807360
 669              		.cfi_endproc
 670              	.LFE147:
 672              		.section	.text.HAL_SYSCFG_EnableMemorySwappingBank,"ax",%progbits
 673              		.align	2
 674              		.global	HAL_SYSCFG_EnableMemorySwappingBank
 675              		.thumb
 676              		.thumb_func
 678              	HAL_SYSCFG_EnableMemorySwappingBank:
 679              	.LFB148:
 540:Drivers/STM32L4xx_HAL_Driver/Src/stm32l4xx_hal.c **** }
 541:Drivers/STM32L4xx_HAL_Driver/Src/stm32l4xx_hal.c **** 
 542:Drivers/STM32L4xx_HAL_Driver/Src/stm32l4xx_hal.c **** /**
 543:Drivers/STM32L4xx_HAL_Driver/Src/stm32l4xx_hal.c ****   * @brief  Enable the Internal FLASH Bank Swapping.
 544:Drivers/STM32L4xx_HAL_Driver/Src/stm32l4xx_hal.c ****   *
 545:Drivers/STM32L4xx_HAL_Driver/Src/stm32l4xx_hal.c ****   * @note   This function can be used only for STM32L4xx devices.
 546:Drivers/STM32L4xx_HAL_Driver/Src/stm32l4xx_hal.c ****   *
ARM GAS  /tmp/ccU9Q8Q9.s 			page 22


 547:Drivers/STM32L4xx_HAL_Driver/Src/stm32l4xx_hal.c ****   * @note   Flash Bank2 mapped at 0x08000000 (and aliased @0x00000000)
 548:Drivers/STM32L4xx_HAL_Driver/Src/stm32l4xx_hal.c ****   *         and Flash Bank1 mapped at 0x08100000 (and aliased at 0x00100000)
 549:Drivers/STM32L4xx_HAL_Driver/Src/stm32l4xx_hal.c ****   *
 550:Drivers/STM32L4xx_HAL_Driver/Src/stm32l4xx_hal.c ****   * @retval None
 551:Drivers/STM32L4xx_HAL_Driver/Src/stm32l4xx_hal.c ****   */
 552:Drivers/STM32L4xx_HAL_Driver/Src/stm32l4xx_hal.c **** void HAL_SYSCFG_EnableMemorySwappingBank(void)
 553:Drivers/STM32L4xx_HAL_Driver/Src/stm32l4xx_hal.c **** {
 680              		.loc 1 553 0
 681              		.cfi_startproc
 682              		@ args = 0, pretend = 0, frame = 0
 683              		@ frame_needed = 0, uses_anonymous_args = 0
 684              		@ link register save eliminated.
 554:Drivers/STM32L4xx_HAL_Driver/Src/stm32l4xx_hal.c ****   *(__IO uint32_t *)FB_MODE_BB = (uint32_t)ENABLE;
 685              		.loc 1 554 0
 686 0000 0122     		movs	r2, #1
 687 0002 014B     		ldr	r3, .L69
 688 0004 1A60     		str	r2, [r3]
 689 0006 7047     		bx	lr
 690              	.L70:
 691              		.align	2
 692              	.L69:
 693 0008 20002042 		.word	1109393440
 694              		.cfi_endproc
 695              	.LFE148:
 697              		.section	.text.HAL_SYSCFG_DisableMemorySwappingBank,"ax",%progbits
 698              		.align	2
 699              		.global	HAL_SYSCFG_DisableMemorySwappingBank
 700              		.thumb
 701              		.thumb_func
 703              	HAL_SYSCFG_DisableMemorySwappingBank:
 704              	.LFB149:
 555:Drivers/STM32L4xx_HAL_Driver/Src/stm32l4xx_hal.c **** }
 556:Drivers/STM32L4xx_HAL_Driver/Src/stm32l4xx_hal.c **** 
 557:Drivers/STM32L4xx_HAL_Driver/Src/stm32l4xx_hal.c **** /**
 558:Drivers/STM32L4xx_HAL_Driver/Src/stm32l4xx_hal.c ****   * @brief  Disable the Internal FLASH Bank Swapping.
 559:Drivers/STM32L4xx_HAL_Driver/Src/stm32l4xx_hal.c ****   *
 560:Drivers/STM32L4xx_HAL_Driver/Src/stm32l4xx_hal.c ****   * @note   This function can be used only for STM32L4xx devices.
 561:Drivers/STM32L4xx_HAL_Driver/Src/stm32l4xx_hal.c ****   *
 562:Drivers/STM32L4xx_HAL_Driver/Src/stm32l4xx_hal.c ****   * @note   The default state : Flash Bank1 mapped at 0x08000000 (and aliased @0x0000 0000)
 563:Drivers/STM32L4xx_HAL_Driver/Src/stm32l4xx_hal.c ****   *         and Flash Bank2 mapped at 0x08100000 (and aliased at 0x00100000)
 564:Drivers/STM32L4xx_HAL_Driver/Src/stm32l4xx_hal.c ****   *
 565:Drivers/STM32L4xx_HAL_Driver/Src/stm32l4xx_hal.c ****   * @retval None
 566:Drivers/STM32L4xx_HAL_Driver/Src/stm32l4xx_hal.c ****   */
 567:Drivers/STM32L4xx_HAL_Driver/Src/stm32l4xx_hal.c **** void HAL_SYSCFG_DisableMemorySwappingBank(void)
 568:Drivers/STM32L4xx_HAL_Driver/Src/stm32l4xx_hal.c **** {
 705              		.loc 1 568 0
 706              		.cfi_startproc
 707              		@ args = 0, pretend = 0, frame = 0
 708              		@ frame_needed = 0, uses_anonymous_args = 0
 709              		@ link register save eliminated.
 569:Drivers/STM32L4xx_HAL_Driver/Src/stm32l4xx_hal.c **** 
 570:Drivers/STM32L4xx_HAL_Driver/Src/stm32l4xx_hal.c ****   *(__IO uint32_t *)FB_MODE_BB = (uint32_t)DISABLE;
 710              		.loc 1 570 0
 711 0000 0022     		movs	r2, #0
 712 0002 014B     		ldr	r3, .L72
 713 0004 1A60     		str	r2, [r3]
 714 0006 7047     		bx	lr
ARM GAS  /tmp/ccU9Q8Q9.s 			page 23


 715              	.L73:
 716              		.align	2
 717              	.L72:
 718 0008 20002042 		.word	1109393440
 719              		.cfi_endproc
 720              	.LFE149:
 722              		.section	.text.HAL_SYSCFG_EnableIOAnalogSwitchBooster,"ax",%progbits
 723              		.align	2
 724              		.global	HAL_SYSCFG_EnableIOAnalogSwitchBooster
 725              		.thumb
 726              		.thumb_func
 728              	HAL_SYSCFG_EnableIOAnalogSwitchBooster:
 729              	.LFB150:
 571:Drivers/STM32L4xx_HAL_Driver/Src/stm32l4xx_hal.c **** }
 572:Drivers/STM32L4xx_HAL_Driver/Src/stm32l4xx_hal.c **** 
 573:Drivers/STM32L4xx_HAL_Driver/Src/stm32l4xx_hal.c **** #if defined(VREFBUF)
 574:Drivers/STM32L4xx_HAL_Driver/Src/stm32l4xx_hal.c **** /**
 575:Drivers/STM32L4xx_HAL_Driver/Src/stm32l4xx_hal.c ****   * @brief Configure the internal voltage reference buffer voltage scale.
 576:Drivers/STM32L4xx_HAL_Driver/Src/stm32l4xx_hal.c ****   * @param VoltageScaling  specifies the output voltage to achieve
 577:Drivers/STM32L4xx_HAL_Driver/Src/stm32l4xx_hal.c ****   *          This parameter can be one of the following values:
 578:Drivers/STM32L4xx_HAL_Driver/Src/stm32l4xx_hal.c ****   *            @arg SYSCFG_VREFBUF_VOLTAGE_SCALE0: VREF_OUT1 around 2.048 V. 
 579:Drivers/STM32L4xx_HAL_Driver/Src/stm32l4xx_hal.c ****   *                                                This requires VDDA equal to or higher than 2.4 V
 580:Drivers/STM32L4xx_HAL_Driver/Src/stm32l4xx_hal.c ****   *            @arg SYSCFG_VREFBUF_VOLTAGE_SCALE1: VREF_OUT2 around 2.5 V. 
 581:Drivers/STM32L4xx_HAL_Driver/Src/stm32l4xx_hal.c ****   *                                                This requires VDDA equal to or higher than 2.8 V
 582:Drivers/STM32L4xx_HAL_Driver/Src/stm32l4xx_hal.c ****   * @retval None
 583:Drivers/STM32L4xx_HAL_Driver/Src/stm32l4xx_hal.c ****   */
 584:Drivers/STM32L4xx_HAL_Driver/Src/stm32l4xx_hal.c **** void HAL_SYSCFG_VREFBUF_VoltageScalingConfig(uint32_t VoltageScaling)
 585:Drivers/STM32L4xx_HAL_Driver/Src/stm32l4xx_hal.c **** {
 586:Drivers/STM32L4xx_HAL_Driver/Src/stm32l4xx_hal.c ****   /* Check the parameters */
 587:Drivers/STM32L4xx_HAL_Driver/Src/stm32l4xx_hal.c ****   assert_param(IS_SYSCFG_VREFBUF_VOLTAGE_SCALE(VoltageScaling));
 588:Drivers/STM32L4xx_HAL_Driver/Src/stm32l4xx_hal.c ****   
 589:Drivers/STM32L4xx_HAL_Driver/Src/stm32l4xx_hal.c ****   MODIFY_REG(VREFBUF->CSR, VREFBUF_CSR_VRS, VoltageScaling);
 590:Drivers/STM32L4xx_HAL_Driver/Src/stm32l4xx_hal.c **** }
 591:Drivers/STM32L4xx_HAL_Driver/Src/stm32l4xx_hal.c **** 
 592:Drivers/STM32L4xx_HAL_Driver/Src/stm32l4xx_hal.c **** /**
 593:Drivers/STM32L4xx_HAL_Driver/Src/stm32l4xx_hal.c ****   * @brief Configure the internal voltage reference buffer high impedance mode.
 594:Drivers/STM32L4xx_HAL_Driver/Src/stm32l4xx_hal.c ****   * @param Mode  specifies the high impedance mode
 595:Drivers/STM32L4xx_HAL_Driver/Src/stm32l4xx_hal.c ****   *          This parameter can be one of the following values:
 596:Drivers/STM32L4xx_HAL_Driver/Src/stm32l4xx_hal.c ****   *            @arg SYSCFG_VREFBUF_HIGH_IMPEDANCE_DISABLE: VREF+ pin is internally connect to VREFI
 597:Drivers/STM32L4xx_HAL_Driver/Src/stm32l4xx_hal.c ****   *            @arg SYSCFG_VREFBUF_HIGH_IMPEDANCE_ENABLE: VREF+ pin is high impedance.
 598:Drivers/STM32L4xx_HAL_Driver/Src/stm32l4xx_hal.c ****   * @retval None
 599:Drivers/STM32L4xx_HAL_Driver/Src/stm32l4xx_hal.c ****   */
 600:Drivers/STM32L4xx_HAL_Driver/Src/stm32l4xx_hal.c **** void HAL_SYSCFG_VREFBUF_HighImpedanceConfig(uint32_t Mode)
 601:Drivers/STM32L4xx_HAL_Driver/Src/stm32l4xx_hal.c **** {
 602:Drivers/STM32L4xx_HAL_Driver/Src/stm32l4xx_hal.c ****   /* Check the parameters */
 603:Drivers/STM32L4xx_HAL_Driver/Src/stm32l4xx_hal.c ****   assert_param(IS_SYSCFG_VREFBUF_HIGH_IMPEDANCE(Mode));
 604:Drivers/STM32L4xx_HAL_Driver/Src/stm32l4xx_hal.c ****   
 605:Drivers/STM32L4xx_HAL_Driver/Src/stm32l4xx_hal.c ****   MODIFY_REG(VREFBUF->CSR, VREFBUF_CSR_HIZ, Mode);
 606:Drivers/STM32L4xx_HAL_Driver/Src/stm32l4xx_hal.c **** }
 607:Drivers/STM32L4xx_HAL_Driver/Src/stm32l4xx_hal.c **** 
 608:Drivers/STM32L4xx_HAL_Driver/Src/stm32l4xx_hal.c **** /**
 609:Drivers/STM32L4xx_HAL_Driver/Src/stm32l4xx_hal.c ****   * @brief  Tune the Internal Voltage Reference buffer (VREFBUF).
 610:Drivers/STM32L4xx_HAL_Driver/Src/stm32l4xx_hal.c ****   * @retval None
 611:Drivers/STM32L4xx_HAL_Driver/Src/stm32l4xx_hal.c ****   */
 612:Drivers/STM32L4xx_HAL_Driver/Src/stm32l4xx_hal.c **** void HAL_SYSCFG_VREFBUF_TrimmingConfig(uint32_t TrimmingValue)
 613:Drivers/STM32L4xx_HAL_Driver/Src/stm32l4xx_hal.c **** {
 614:Drivers/STM32L4xx_HAL_Driver/Src/stm32l4xx_hal.c ****   /* Check the parameters */
ARM GAS  /tmp/ccU9Q8Q9.s 			page 24


 615:Drivers/STM32L4xx_HAL_Driver/Src/stm32l4xx_hal.c ****   assert_param(IS_SYSCFG_VREFBUF_TRIMMING(TrimmingValue));
 616:Drivers/STM32L4xx_HAL_Driver/Src/stm32l4xx_hal.c ****   
 617:Drivers/STM32L4xx_HAL_Driver/Src/stm32l4xx_hal.c ****   MODIFY_REG(VREFBUF->CCR, VREFBUF_CCR_TRIM, TrimmingValue);
 618:Drivers/STM32L4xx_HAL_Driver/Src/stm32l4xx_hal.c **** }
 619:Drivers/STM32L4xx_HAL_Driver/Src/stm32l4xx_hal.c **** 
 620:Drivers/STM32L4xx_HAL_Driver/Src/stm32l4xx_hal.c **** /**
 621:Drivers/STM32L4xx_HAL_Driver/Src/stm32l4xx_hal.c ****   * @brief  Enable the Internal Voltage Reference buffer (VREFBUF).
 622:Drivers/STM32L4xx_HAL_Driver/Src/stm32l4xx_hal.c ****   * @retval HAL_OK/HAL_TIMEOUT
 623:Drivers/STM32L4xx_HAL_Driver/Src/stm32l4xx_hal.c ****   */
 624:Drivers/STM32L4xx_HAL_Driver/Src/stm32l4xx_hal.c **** HAL_StatusTypeDef HAL_SYSCFG_EnableVREFBUF(void)
 625:Drivers/STM32L4xx_HAL_Driver/Src/stm32l4xx_hal.c **** {
 626:Drivers/STM32L4xx_HAL_Driver/Src/stm32l4xx_hal.c ****   uint32_t  tickstart = 0;
 627:Drivers/STM32L4xx_HAL_Driver/Src/stm32l4xx_hal.c ****   
 628:Drivers/STM32L4xx_HAL_Driver/Src/stm32l4xx_hal.c ****   SET_BIT(VREFBUF->CSR, VREFBUF_CSR_ENVR);
 629:Drivers/STM32L4xx_HAL_Driver/Src/stm32l4xx_hal.c ****   
 630:Drivers/STM32L4xx_HAL_Driver/Src/stm32l4xx_hal.c ****   /* Get Start Tick*/
 631:Drivers/STM32L4xx_HAL_Driver/Src/stm32l4xx_hal.c ****   tickstart = HAL_GetTick();
 632:Drivers/STM32L4xx_HAL_Driver/Src/stm32l4xx_hal.c **** 
 633:Drivers/STM32L4xx_HAL_Driver/Src/stm32l4xx_hal.c ****   /* Wait for VRR bit  */
 634:Drivers/STM32L4xx_HAL_Driver/Src/stm32l4xx_hal.c ****   while(READ_BIT(VREFBUF->CSR, VREFBUF_CSR_VRR) == RESET)
 635:Drivers/STM32L4xx_HAL_Driver/Src/stm32l4xx_hal.c ****   {
 636:Drivers/STM32L4xx_HAL_Driver/Src/stm32l4xx_hal.c ****     if((HAL_GetTick() - tickstart) > VREFBUF_TIMEOUT_VALUE)
 637:Drivers/STM32L4xx_HAL_Driver/Src/stm32l4xx_hal.c ****     {
 638:Drivers/STM32L4xx_HAL_Driver/Src/stm32l4xx_hal.c ****       return HAL_TIMEOUT;
 639:Drivers/STM32L4xx_HAL_Driver/Src/stm32l4xx_hal.c ****     }
 640:Drivers/STM32L4xx_HAL_Driver/Src/stm32l4xx_hal.c ****   }
 641:Drivers/STM32L4xx_HAL_Driver/Src/stm32l4xx_hal.c ****   
 642:Drivers/STM32L4xx_HAL_Driver/Src/stm32l4xx_hal.c ****   return HAL_OK;
 643:Drivers/STM32L4xx_HAL_Driver/Src/stm32l4xx_hal.c **** }
 644:Drivers/STM32L4xx_HAL_Driver/Src/stm32l4xx_hal.c **** 
 645:Drivers/STM32L4xx_HAL_Driver/Src/stm32l4xx_hal.c **** /**
 646:Drivers/STM32L4xx_HAL_Driver/Src/stm32l4xx_hal.c ****   * @brief  Disable the Internal Voltage Reference buffer (VREFBUF).
 647:Drivers/STM32L4xx_HAL_Driver/Src/stm32l4xx_hal.c ****   *
 648:Drivers/STM32L4xx_HAL_Driver/Src/stm32l4xx_hal.c ****   * @retval None
 649:Drivers/STM32L4xx_HAL_Driver/Src/stm32l4xx_hal.c ****   */
 650:Drivers/STM32L4xx_HAL_Driver/Src/stm32l4xx_hal.c **** void HAL_SYSCFG_DisableVREFBUF(void)
 651:Drivers/STM32L4xx_HAL_Driver/Src/stm32l4xx_hal.c **** {
 652:Drivers/STM32L4xx_HAL_Driver/Src/stm32l4xx_hal.c ****   CLEAR_BIT(VREFBUF->CSR, VREFBUF_CSR_ENVR);
 653:Drivers/STM32L4xx_HAL_Driver/Src/stm32l4xx_hal.c **** }
 654:Drivers/STM32L4xx_HAL_Driver/Src/stm32l4xx_hal.c **** #endif /* VREFBUF */
 655:Drivers/STM32L4xx_HAL_Driver/Src/stm32l4xx_hal.c **** 
 656:Drivers/STM32L4xx_HAL_Driver/Src/stm32l4xx_hal.c **** /**
 657:Drivers/STM32L4xx_HAL_Driver/Src/stm32l4xx_hal.c ****   * @brief  Enable the I/O analog switch voltage booster
 658:Drivers/STM32L4xx_HAL_Driver/Src/stm32l4xx_hal.c ****   *
 659:Drivers/STM32L4xx_HAL_Driver/Src/stm32l4xx_hal.c ****   * @retval None
 660:Drivers/STM32L4xx_HAL_Driver/Src/stm32l4xx_hal.c ****   */
 661:Drivers/STM32L4xx_HAL_Driver/Src/stm32l4xx_hal.c **** void HAL_SYSCFG_EnableIOAnalogSwitchBooster(void)
 662:Drivers/STM32L4xx_HAL_Driver/Src/stm32l4xx_hal.c **** {
 730              		.loc 1 662 0
 731              		.cfi_startproc
 732              		@ args = 0, pretend = 0, frame = 0
 733              		@ frame_needed = 0, uses_anonymous_args = 0
 734              		@ link register save eliminated.
 663:Drivers/STM32L4xx_HAL_Driver/Src/stm32l4xx_hal.c ****   SET_BIT(SYSCFG->CFGR1, SYSCFG_CFGR1_BOOSTEN);
 735              		.loc 1 663 0
 736 0000 024A     		ldr	r2, .L75
 737 0002 5368     		ldr	r3, [r2, #4]
ARM GAS  /tmp/ccU9Q8Q9.s 			page 25


 738 0004 43F48073 		orr	r3, r3, #256
 739 0008 5360     		str	r3, [r2, #4]
 740 000a 7047     		bx	lr
 741              	.L76:
 742              		.align	2
 743              	.L75:
 744 000c 00000140 		.word	1073807360
 745              		.cfi_endproc
 746              	.LFE150:
 748              		.section	.text.HAL_SYSCFG_DisableIOAnalogSwitchBooster,"ax",%progbits
 749              		.align	2
 750              		.global	HAL_SYSCFG_DisableIOAnalogSwitchBooster
 751              		.thumb
 752              		.thumb_func
 754              	HAL_SYSCFG_DisableIOAnalogSwitchBooster:
 755              	.LFB151:
 664:Drivers/STM32L4xx_HAL_Driver/Src/stm32l4xx_hal.c **** }
 665:Drivers/STM32L4xx_HAL_Driver/Src/stm32l4xx_hal.c **** 
 666:Drivers/STM32L4xx_HAL_Driver/Src/stm32l4xx_hal.c **** /**
 667:Drivers/STM32L4xx_HAL_Driver/Src/stm32l4xx_hal.c ****   * @brief  Disable the I/O analog switch voltage booster
 668:Drivers/STM32L4xx_HAL_Driver/Src/stm32l4xx_hal.c ****   *
 669:Drivers/STM32L4xx_HAL_Driver/Src/stm32l4xx_hal.c ****   * @retval None
 670:Drivers/STM32L4xx_HAL_Driver/Src/stm32l4xx_hal.c ****   */
 671:Drivers/STM32L4xx_HAL_Driver/Src/stm32l4xx_hal.c **** void HAL_SYSCFG_DisableIOAnalogSwitchBooster(void)
 672:Drivers/STM32L4xx_HAL_Driver/Src/stm32l4xx_hal.c **** {
 756              		.loc 1 672 0
 757              		.cfi_startproc
 758              		@ args = 0, pretend = 0, frame = 0
 759              		@ frame_needed = 0, uses_anonymous_args = 0
 760              		@ link register save eliminated.
 673:Drivers/STM32L4xx_HAL_Driver/Src/stm32l4xx_hal.c ****   CLEAR_BIT(SYSCFG->CFGR1, SYSCFG_CFGR1_BOOSTEN);
 761              		.loc 1 673 0
 762 0000 024A     		ldr	r2, .L78
 763 0002 5368     		ldr	r3, [r2, #4]
 764 0004 23F48073 		bic	r3, r3, #256
 765 0008 5360     		str	r3, [r2, #4]
 766 000a 7047     		bx	lr
 767              	.L79:
 768              		.align	2
 769              	.L78:
 770 000c 00000140 		.word	1073807360
 771              		.cfi_endproc
 772              	.LFE151:
 774              		.comm	uwTick,4,4
 775              		.text
 776              	.Letext0:
 777              		.file 2 "Drivers/CMSIS/Device/ST/STM32L4xx/Include/stm32l432xx.h"
 778              		.file 3 "/usr/include/newlib/machine/_default_types.h"
 779              		.file 4 "/usr/include/newlib/sys/_stdint.h"
 780              		.file 5 "Drivers/CMSIS/Include/core_cm4.h"
 781              		.file 6 "Drivers/CMSIS/Device/ST/STM32L4xx/Include/stm32l4xx.h"
 782              		.file 7 "Drivers/STM32L4xx_HAL_Driver/Inc/stm32l4xx_hal_def.h"
 783              		.file 8 "Drivers/CMSIS/Device/ST/STM32L4xx/Include/system_stm32l4xx.h"
 784              		.file 9 "Drivers/STM32L4xx_HAL_Driver/Inc/stm32l4xx_hal_cortex.h"
ARM GAS  /tmp/ccU9Q8Q9.s 			page 26


DEFINED SYMBOLS
                            *ABS*:0000000000000000 stm32l4xx_hal.c
     /tmp/ccU9Q8Q9.s:21     .text.HAL_MspInit:0000000000000000 $t
     /tmp/ccU9Q8Q9.s:26     .text.HAL_MspInit:0000000000000000 HAL_MspInit
     /tmp/ccU9Q8Q9.s:39     .text.HAL_MspDeInit:0000000000000000 $t
     /tmp/ccU9Q8Q9.s:44     .text.HAL_MspDeInit:0000000000000000 HAL_MspDeInit
     /tmp/ccU9Q8Q9.s:56     .text.HAL_DeInit:0000000000000000 $t
     /tmp/ccU9Q8Q9.s:61     .text.HAL_DeInit:0000000000000000 HAL_DeInit
     /tmp/ccU9Q8Q9.s:105    .text.HAL_DeInit:0000000000000028 $d
     /tmp/ccU9Q8Q9.s:110    .text.HAL_InitTick:0000000000000000 $t
     /tmp/ccU9Q8Q9.s:115    .text.HAL_InitTick:0000000000000000 HAL_InitTick
     /tmp/ccU9Q8Q9.s:150    .text.HAL_InitTick:0000000000000024 $d
     /tmp/ccU9Q8Q9.s:156    .text.HAL_Init:0000000000000000 $t
     /tmp/ccU9Q8Q9.s:161    .text.HAL_Init:0000000000000000 HAL_Init
     /tmp/ccU9Q8Q9.s:190    .text.HAL_IncTick:0000000000000000 $t
     /tmp/ccU9Q8Q9.s:195    .text.HAL_IncTick:0000000000000000 HAL_IncTick
     /tmp/ccU9Q8Q9.s:211    .text.HAL_IncTick:000000000000000c $d
                            *COM*:0000000000000004 uwTick
     /tmp/ccU9Q8Q9.s:216    .text.HAL_GetTick:0000000000000000 $t
     /tmp/ccU9Q8Q9.s:221    .text.HAL_GetTick:0000000000000000 HAL_GetTick
     /tmp/ccU9Q8Q9.s:236    .text.HAL_GetTick:0000000000000008 $d
     /tmp/ccU9Q8Q9.s:241    .text.HAL_Delay:0000000000000000 $t
     /tmp/ccU9Q8Q9.s:246    .text.HAL_Delay:0000000000000000 HAL_Delay
     /tmp/ccU9Q8Q9.s:285    .text.HAL_SuspendTick:0000000000000000 $t
     /tmp/ccU9Q8Q9.s:290    .text.HAL_SuspendTick:0000000000000000 HAL_SuspendTick
     /tmp/ccU9Q8Q9.s:306    .text.HAL_SuspendTick:000000000000000c $d
     /tmp/ccU9Q8Q9.s:311    .text.HAL_ResumeTick:0000000000000000 $t
     /tmp/ccU9Q8Q9.s:316    .text.HAL_ResumeTick:0000000000000000 HAL_ResumeTick
     /tmp/ccU9Q8Q9.s:332    .text.HAL_ResumeTick:000000000000000c $d
     /tmp/ccU9Q8Q9.s:337    .text.HAL_GetHalVersion:0000000000000000 $t
     /tmp/ccU9Q8Q9.s:342    .text.HAL_GetHalVersion:0000000000000000 HAL_GetHalVersion
     /tmp/ccU9Q8Q9.s:355    .text.HAL_GetHalVersion:0000000000000004 $d
     /tmp/ccU9Q8Q9.s:360    .text.HAL_GetREVID:0000000000000000 $t
     /tmp/ccU9Q8Q9.s:365    .text.HAL_GetREVID:0000000000000000 HAL_GetREVID
     /tmp/ccU9Q8Q9.s:381    .text.HAL_GetREVID:0000000000000008 $d
     /tmp/ccU9Q8Q9.s:386    .text.HAL_GetDEVID:0000000000000000 $t
     /tmp/ccU9Q8Q9.s:391    .text.HAL_GetDEVID:0000000000000000 HAL_GetDEVID
     /tmp/ccU9Q8Q9.s:407    .text.HAL_GetDEVID:000000000000000c $d
     /tmp/ccU9Q8Q9.s:412    .text.HAL_GetUIDw0:0000000000000000 $t
     /tmp/ccU9Q8Q9.s:417    .text.HAL_GetUIDw0:0000000000000000 HAL_GetUIDw0
     /tmp/ccU9Q8Q9.s:431    .text.HAL_GetUIDw0:0000000000000008 $d
     /tmp/ccU9Q8Q9.s:436    .text.HAL_GetUIDw1:0000000000000000 $t
     /tmp/ccU9Q8Q9.s:441    .text.HAL_GetUIDw1:0000000000000000 HAL_GetUIDw1
     /tmp/ccU9Q8Q9.s:455    .text.HAL_GetUIDw1:0000000000000008 $d
     /tmp/ccU9Q8Q9.s:460    .text.HAL_GetUIDw2:0000000000000000 $t
     /tmp/ccU9Q8Q9.s:465    .text.HAL_GetUIDw2:0000000000000000 HAL_GetUIDw2
     /tmp/ccU9Q8Q9.s:479    .text.HAL_GetUIDw2:0000000000000008 $d
     /tmp/ccU9Q8Q9.s:484    .text.HAL_DBGMCU_EnableDBGSleepMode:0000000000000000 $t
     /tmp/ccU9Q8Q9.s:489    .text.HAL_DBGMCU_EnableDBGSleepMode:0000000000000000 HAL_DBGMCU_EnableDBGSleepMode
     /tmp/ccU9Q8Q9.s:505    .text.HAL_DBGMCU_EnableDBGSleepMode:000000000000000c $d
     /tmp/ccU9Q8Q9.s:510    .text.HAL_DBGMCU_DisableDBGSleepMode:0000000000000000 $t
     /tmp/ccU9Q8Q9.s:515    .text.HAL_DBGMCU_DisableDBGSleepMode:0000000000000000 HAL_DBGMCU_DisableDBGSleepMode
     /tmp/ccU9Q8Q9.s:531    .text.HAL_DBGMCU_DisableDBGSleepMode:000000000000000c $d
     /tmp/ccU9Q8Q9.s:536    .text.HAL_DBGMCU_EnableDBGStopMode:0000000000000000 $t
     /tmp/ccU9Q8Q9.s:541    .text.HAL_DBGMCU_EnableDBGStopMode:0000000000000000 HAL_DBGMCU_EnableDBGStopMode
     /tmp/ccU9Q8Q9.s:557    .text.HAL_DBGMCU_EnableDBGStopMode:000000000000000c $d
     /tmp/ccU9Q8Q9.s:562    .text.HAL_DBGMCU_DisableDBGStopMode:0000000000000000 $t
ARM GAS  /tmp/ccU9Q8Q9.s 			page 27


     /tmp/ccU9Q8Q9.s:567    .text.HAL_DBGMCU_DisableDBGStopMode:0000000000000000 HAL_DBGMCU_DisableDBGStopMode
     /tmp/ccU9Q8Q9.s:583    .text.HAL_DBGMCU_DisableDBGStopMode:000000000000000c $d
     /tmp/ccU9Q8Q9.s:588    .text.HAL_DBGMCU_EnableDBGStandbyMode:0000000000000000 $t
     /tmp/ccU9Q8Q9.s:593    .text.HAL_DBGMCU_EnableDBGStandbyMode:0000000000000000 HAL_DBGMCU_EnableDBGStandbyMode
     /tmp/ccU9Q8Q9.s:609    .text.HAL_DBGMCU_EnableDBGStandbyMode:000000000000000c $d
     /tmp/ccU9Q8Q9.s:614    .text.HAL_DBGMCU_DisableDBGStandbyMode:0000000000000000 $t
     /tmp/ccU9Q8Q9.s:619    .text.HAL_DBGMCU_DisableDBGStandbyMode:0000000000000000 HAL_DBGMCU_DisableDBGStandbyMode
     /tmp/ccU9Q8Q9.s:635    .text.HAL_DBGMCU_DisableDBGStandbyMode:000000000000000c $d
     /tmp/ccU9Q8Q9.s:640    .text.HAL_SYSCFG_SRAM2Erase:0000000000000000 $t
     /tmp/ccU9Q8Q9.s:645    .text.HAL_SYSCFG_SRAM2Erase:0000000000000000 HAL_SYSCFG_SRAM2Erase
     /tmp/ccU9Q8Q9.s:668    .text.HAL_SYSCFG_SRAM2Erase:0000000000000018 $d
     /tmp/ccU9Q8Q9.s:673    .text.HAL_SYSCFG_EnableMemorySwappingBank:0000000000000000 $t
     /tmp/ccU9Q8Q9.s:678    .text.HAL_SYSCFG_EnableMemorySwappingBank:0000000000000000 HAL_SYSCFG_EnableMemorySwappingBank
     /tmp/ccU9Q8Q9.s:693    .text.HAL_SYSCFG_EnableMemorySwappingBank:0000000000000008 $d
     /tmp/ccU9Q8Q9.s:698    .text.HAL_SYSCFG_DisableMemorySwappingBank:0000000000000000 $t
     /tmp/ccU9Q8Q9.s:703    .text.HAL_SYSCFG_DisableMemorySwappingBank:0000000000000000 HAL_SYSCFG_DisableMemorySwappingBank
     /tmp/ccU9Q8Q9.s:718    .text.HAL_SYSCFG_DisableMemorySwappingBank:0000000000000008 $d
     /tmp/ccU9Q8Q9.s:723    .text.HAL_SYSCFG_EnableIOAnalogSwitchBooster:0000000000000000 $t
     /tmp/ccU9Q8Q9.s:728    .text.HAL_SYSCFG_EnableIOAnalogSwitchBooster:0000000000000000 HAL_SYSCFG_EnableIOAnalogSwitchBooster
     /tmp/ccU9Q8Q9.s:744    .text.HAL_SYSCFG_EnableIOAnalogSwitchBooster:000000000000000c $d
     /tmp/ccU9Q8Q9.s:749    .text.HAL_SYSCFG_DisableIOAnalogSwitchBooster:0000000000000000 $t
     /tmp/ccU9Q8Q9.s:754    .text.HAL_SYSCFG_DisableIOAnalogSwitchBooster:0000000000000000 HAL_SYSCFG_DisableIOAnalogSwitchBooster
     /tmp/ccU9Q8Q9.s:770    .text.HAL_SYSCFG_DisableIOAnalogSwitchBooster:000000000000000c $d
                     .debug_frame:0000000000000010 $d

UNDEFINED SYMBOLS
HAL_SYSTICK_Config
HAL_NVIC_SetPriority
SystemCoreClock
HAL_NVIC_SetPriorityGrouping
